0 verbose cli [ '/usr/bin/node', '/usr/bin/npm', 'install', '--production' ]
1 info using npm@8.5.1
2 info using node@v12.22.9
3 timing npm:load:whichnode Completed in 1ms
4 timing config:load:defaults Completed in 1ms
5 timing config:load:file:/usr/share/nodejs/npm/npmrc Completed in 3ms
6 timing config:load:builtin Completed in 4ms
7 verbose config production Use `--omit=dev` instead.
8 timing config:load:cli Completed in 1ms
9 timing config:load:env Completed in 1ms
10 timing config:load:file:/home/sweetsk8er/hexlet-hello-world/.npmrc Completed in 0ms
11 timing config:load:project Completed in 2ms
12 timing config:load:file:/home/sweetsk8er/.npmrc Completed in 0ms
13 timing config:load:user Completed in 1ms
14 timing config:load:file:/etc/npmrc Completed in 0ms
15 timing config:load:global Completed in 0ms
16 timing config:load:validate Completed in 0ms
17 timing config:load:credentials Completed in 1ms
18 timing config:load:setEnvs Completed in 1ms
19 timing config:load Completed in 12ms
20 timing npm:load:configload Completed in 12ms
21 timing npm:load:setTitle Completed in 0ms
22 timing config:load:flatten Completed in 3ms
23 timing npm:load:display Completed in 4ms
24 verbose logfile /home/sweetsk8er/.npm/_logs/2022-12-09T11_00_38_604Z-debug-0.log
25 timing npm:load:logFile Completed in 5ms
26 timing npm:load:timers Completed in 0ms
27 timing npm:load:configScope Completed in 0ms
28 timing npm:load Completed in 22ms
29 timing arborist:ctor Completed in 1ms
30 timing idealTree:init Completed in 208ms
31 timing idealTree:userRequests Completed in 0ms
32 silly idealTree buildDeps
33 timing idealTree:#root Completed in 1ms
34 timing idealTree:buildDeps Completed in 1ms
35 timing idealTree:fixDepFlags Completed in 0ms
36 warn EBADENGINE Unsupported engine {
36 warn EBADENGINE   package: '@jest/console@29.3.1',
36 warn EBADENGINE   required: { node: '^14.15.0 || ^16.10.0 || >=18.0.0' },
36 warn EBADENGINE   current: { node: 'v12.22.9', npm: '8.5.1' }
36 warn EBADENGINE }
37 warn EBADENGINE Unsupported engine {
37 warn EBADENGINE   package: '@jest/core@29.3.1',
37 warn EBADENGINE   required: { node: '^14.15.0 || ^16.10.0 || >=18.0.0' },
37 warn EBADENGINE   current: { node: 'v12.22.9', npm: '8.5.1' }
37 warn EBADENGINE }
38 warn EBADENGINE Unsupported engine {
38 warn EBADENGINE   package: '@jest/environment@29.3.1',
38 warn EBADENGINE   required: { node: '^14.15.0 || ^16.10.0 || >=18.0.0' },
38 warn EBADENGINE   current: { node: 'v12.22.9', npm: '8.5.1' }
38 warn EBADENGINE }
39 warn EBADENGINE Unsupported engine {
39 warn EBADENGINE   package: '@jest/expect@29.3.1',
39 warn EBADENGINE   required: { node: '^14.15.0 || ^16.10.0 || >=18.0.0' },
39 warn EBADENGINE   current: { node: 'v12.22.9', npm: '8.5.1' }
39 warn EBADENGINE }
40 warn EBADENGINE Unsupported engine {
40 warn EBADENGINE   package: '@jest/expect-utils@29.3.1',
40 warn EBADENGINE   required: { node: '^14.15.0 || ^16.10.0 || >=18.0.0' },
40 warn EBADENGINE   current: { node: 'v12.22.9', npm: '8.5.1' }
40 warn EBADENGINE }
41 warn EBADENGINE Unsupported engine {
41 warn EBADENGINE   package: '@jest/fake-timers@29.3.1',
41 warn EBADENGINE   required: { node: '^14.15.0 || ^16.10.0 || >=18.0.0' },
41 warn EBADENGINE   current: { node: 'v12.22.9', npm: '8.5.1' }
41 warn EBADENGINE }
42 warn EBADENGINE Unsupported engine {
42 warn EBADENGINE   package: '@jest/globals@29.3.1',
42 warn EBADENGINE   required: { node: '^14.15.0 || ^16.10.0 || >=18.0.0' },
42 warn EBADENGINE   current: { node: 'v12.22.9', npm: '8.5.1' }
42 warn EBADENGINE }
43 warn EBADENGINE Unsupported engine {
43 warn EBADENGINE   package: '@jest/reporters@29.3.1',
43 warn EBADENGINE   required: { node: '^14.15.0 || ^16.10.0 || >=18.0.0' },
43 warn EBADENGINE   current: { node: 'v12.22.9', npm: '8.5.1' }
43 warn EBADENGINE }
44 warn EBADENGINE Unsupported engine {
44 warn EBADENGINE   package: '@jest/schemas@29.0.0',
44 warn EBADENGINE   required: { node: '^14.15.0 || ^16.10.0 || >=18.0.0' },
44 warn EBADENGINE   current: { node: 'v12.22.9', npm: '8.5.1' }
44 warn EBADENGINE }
45 warn EBADENGINE Unsupported engine {
45 warn EBADENGINE   package: '@jest/source-map@29.2.0',
45 warn EBADENGINE   required: { node: '^14.15.0 || ^16.10.0 || >=18.0.0' },
45 warn EBADENGINE   current: { node: 'v12.22.9', npm: '8.5.1' }
45 warn EBADENGINE }
46 warn EBADENGINE Unsupported engine {
46 warn EBADENGINE   package: '@jest/test-result@29.3.1',
46 warn EBADENGINE   required: { node: '^14.15.0 || ^16.10.0 || >=18.0.0' },
46 warn EBADENGINE   current: { node: 'v12.22.9', npm: '8.5.1' }
46 warn EBADENGINE }
47 warn EBADENGINE Unsupported engine {
47 warn EBADENGINE   package: '@jest/test-sequencer@29.3.1',
47 warn EBADENGINE   required: { node: '^14.15.0 || ^16.10.0 || >=18.0.0' },
47 warn EBADENGINE   current: { node: 'v12.22.9', npm: '8.5.1' }
47 warn EBADENGINE }
48 warn EBADENGINE Unsupported engine {
48 warn EBADENGINE   package: '@jest/transform@29.3.1',
48 warn EBADENGINE   required: { node: '^14.15.0 || ^16.10.0 || >=18.0.0' },
48 warn EBADENGINE   current: { node: 'v12.22.9', npm: '8.5.1' }
48 warn EBADENGINE }
49 warn EBADENGINE Unsupported engine {
49 warn EBADENGINE   package: '@jest/types@29.3.1',
49 warn EBADENGINE   required: { node: '^14.15.0 || ^16.10.0 || >=18.0.0' },
49 warn EBADENGINE   current: { node: 'v12.22.9', npm: '8.5.1' }
49 warn EBADENGINE }
50 warn EBADENGINE Unsupported engine {
50 warn EBADENGINE   package: 'babel-jest@29.3.1',
50 warn EBADENGINE   required: { node: '^14.15.0 || ^16.10.0 || >=18.0.0' },
50 warn EBADENGINE   current: { node: 'v12.22.9', npm: '8.5.1' }
50 warn EBADENGINE }
51 warn EBADENGINE Unsupported engine {
51 warn EBADENGINE   package: 'babel-plugin-jest-hoist@29.2.0',
51 warn EBADENGINE   required: { node: '^14.15.0 || ^16.10.0 || >=18.0.0' },
51 warn EBADENGINE   current: { node: 'v12.22.9', npm: '8.5.1' }
51 warn EBADENGINE }
52 warn EBADENGINE Unsupported engine {
52 warn EBADENGINE   package: 'babel-preset-jest@29.2.0',
52 warn EBADENGINE   required: { node: '^14.15.0 || ^16.10.0 || >=18.0.0' },
52 warn EBADENGINE   current: { node: 'v12.22.9', npm: '8.5.1' }
52 warn EBADENGINE }
53 warn EBADENGINE Unsupported engine {
53 warn EBADENGINE   package: 'diff-sequences@29.3.1',
53 warn EBADENGINE   required: { node: '^14.15.0 || ^16.10.0 || >=18.0.0' },
53 warn EBADENGINE   current: { node: 'v12.22.9', npm: '8.5.1' }
53 warn EBADENGINE }
54 warn EBADENGINE Unsupported engine {
54 warn EBADENGINE   package: 'expect@29.3.1',
54 warn EBADENGINE   required: { node: '^14.15.0 || ^16.10.0 || >=18.0.0' },
54 warn EBADENGINE   current: { node: 'v12.22.9', npm: '8.5.1' }
54 warn EBADENGINE }
55 warn EBADENGINE Unsupported engine {
55 warn EBADENGINE   package: 'jest@29.3.1',
55 warn EBADENGINE   required: { node: '^14.15.0 || ^16.10.0 || >=18.0.0' },
55 warn EBADENGINE   current: { node: 'v12.22.9', npm: '8.5.1' }
55 warn EBADENGINE }
56 warn EBADENGINE Unsupported engine {
56 warn EBADENGINE   package: 'jest-changed-files@29.2.0',
56 warn EBADENGINE   required: { node: '^14.15.0 || ^16.10.0 || >=18.0.0' },
56 warn EBADENGINE   current: { node: 'v12.22.9', npm: '8.5.1' }
56 warn EBADENGINE }
57 warn EBADENGINE Unsupported engine {
57 warn EBADENGINE   package: 'jest-circus@29.3.1',
57 warn EBADENGINE   required: { node: '^14.15.0 || ^16.10.0 || >=18.0.0' },
57 warn EBADENGINE   current: { node: 'v12.22.9', npm: '8.5.1' }
57 warn EBADENGINE }
58 warn EBADENGINE Unsupported engine {
58 warn EBADENGINE   package: 'jest-cli@29.3.1',
58 warn EBADENGINE   required: { node: '^14.15.0 || ^16.10.0 || >=18.0.0' },
58 warn EBADENGINE   current: { node: 'v12.22.9', npm: '8.5.1' }
58 warn EBADENGINE }
59 warn EBADENGINE Unsupported engine {
59 warn EBADENGINE   package: 'jest-config@29.3.1',
59 warn EBADENGINE   required: { node: '^14.15.0 || ^16.10.0 || >=18.0.0' },
59 warn EBADENGINE   current: { node: 'v12.22.9', npm: '8.5.1' }
59 warn EBADENGINE }
60 warn EBADENGINE Unsupported engine {
60 warn EBADENGINE   package: 'jest-diff@29.3.1',
60 warn EBADENGINE   required: { node: '^14.15.0 || ^16.10.0 || >=18.0.0' },
60 warn EBADENGINE   current: { node: 'v12.22.9', npm: '8.5.1' }
60 warn EBADENGINE }
61 warn EBADENGINE Unsupported engine {
61 warn EBADENGINE   package: 'jest-docblock@29.2.0',
61 warn EBADENGINE   required: { node: '^14.15.0 || ^16.10.0 || >=18.0.0' },
61 warn EBADENGINE   current: { node: 'v12.22.9', npm: '8.5.1' }
61 warn EBADENGINE }
62 warn EBADENGINE Unsupported engine {
62 warn EBADENGINE   package: 'jest-each@29.3.1',
62 warn EBADENGINE   required: { node: '^14.15.0 || ^16.10.0 || >=18.0.0' },
62 warn EBADENGINE   current: { node: 'v12.22.9', npm: '8.5.1' }
62 warn EBADENGINE }
63 warn EBADENGINE Unsupported engine {
63 warn EBADENGINE   package: 'jest-environment-node@29.3.1',
63 warn EBADENGINE   required: { node: '^14.15.0 || ^16.10.0 || >=18.0.0' },
63 warn EBADENGINE   current: { node: 'v12.22.9', npm: '8.5.1' }
63 warn EBADENGINE }
64 warn EBADENGINE Unsupported engine {
64 warn EBADENGINE   package: 'jest-get-type@29.2.0',
64 warn EBADENGINE   required: { node: '^14.15.0 || ^16.10.0 || >=18.0.0' },
64 warn EBADENGINE   current: { node: 'v12.22.9', npm: '8.5.1' }
64 warn EBADENGINE }
65 warn EBADENGINE Unsupported engine {
65 warn EBADENGINE   package: 'jest-haste-map@29.3.1',
65 warn EBADENGINE   required: { node: '^14.15.0 || ^16.10.0 || >=18.0.0' },
65 warn EBADENGINE   current: { node: 'v12.22.9', npm: '8.5.1' }
65 warn EBADENGINE }
66 warn EBADENGINE Unsupported engine {
66 warn EBADENGINE   package: 'jest-leak-detector@29.3.1',
66 warn EBADENGINE   required: { node: '^14.15.0 || ^16.10.0 || >=18.0.0' },
66 warn EBADENGINE   current: { node: 'v12.22.9', npm: '8.5.1' }
66 warn EBADENGINE }
67 warn EBADENGINE Unsupported engine {
67 warn EBADENGINE   package: 'jest-matcher-utils@29.3.1',
67 warn EBADENGINE   required: { node: '^14.15.0 || ^16.10.0 || >=18.0.0' },
67 warn EBADENGINE   current: { node: 'v12.22.9', npm: '8.5.1' }
67 warn EBADENGINE }
68 warn EBADENGINE Unsupported engine {
68 warn EBADENGINE   package: 'jest-message-util@29.3.1',
68 warn EBADENGINE   required: { node: '^14.15.0 || ^16.10.0 || >=18.0.0' },
68 warn EBADENGINE   current: { node: 'v12.22.9', npm: '8.5.1' }
68 warn EBADENGINE }
69 warn EBADENGINE Unsupported engine {
69 warn EBADENGINE   package: 'jest-mock@29.3.1',
69 warn EBADENGINE   required: { node: '^14.15.0 || ^16.10.0 || >=18.0.0' },
69 warn EBADENGINE   current: { node: 'v12.22.9', npm: '8.5.1' }
69 warn EBADENGINE }
70 warn EBADENGINE Unsupported engine {
70 warn EBADENGINE   package: 'jest-regex-util@29.2.0',
70 warn EBADENGINE   required: { node: '^14.15.0 || ^16.10.0 || >=18.0.0' },
70 warn EBADENGINE   current: { node: 'v12.22.9', npm: '8.5.1' }
70 warn EBADENGINE }
71 warn EBADENGINE Unsupported engine {
71 warn EBADENGINE   package: 'jest-resolve@29.3.1',
71 warn EBADENGINE   required: { node: '^14.15.0 || ^16.10.0 || >=18.0.0' },
71 warn EBADENGINE   current: { node: 'v12.22.9', npm: '8.5.1' }
71 warn EBADENGINE }
72 warn EBADENGINE Unsupported engine {
72 warn EBADENGINE   package: 'jest-resolve-dependencies@29.3.1',
72 warn EBADENGINE   required: { node: '^14.15.0 || ^16.10.0 || >=18.0.0' },
72 warn EBADENGINE   current: { node: 'v12.22.9', npm: '8.5.1' }
72 warn EBADENGINE }
73 warn EBADENGINE Unsupported engine {
73 warn EBADENGINE   package: 'jest-runner@29.3.1',
73 warn EBADENGINE   required: { node: '^14.15.0 || ^16.10.0 || >=18.0.0' },
73 warn EBADENGINE   current: { node: 'v12.22.9', npm: '8.5.1' }
73 warn EBADENGINE }
74 warn EBADENGINE Unsupported engine {
74 warn EBADENGINE   package: 'jest-runtime@29.3.1',
74 warn EBADENGINE   required: { node: '^14.15.0 || ^16.10.0 || >=18.0.0' },
74 warn EBADENGINE   current: { node: 'v12.22.9', npm: '8.5.1' }
74 warn EBADENGINE }
75 warn EBADENGINE Unsupported engine {
75 warn EBADENGINE   package: 'jest-snapshot@29.3.1',
75 warn EBADENGINE   required: { node: '^14.15.0 || ^16.10.0 || >=18.0.0' },
75 warn EBADENGINE   current: { node: 'v12.22.9', npm: '8.5.1' }
75 warn EBADENGINE }
76 warn EBADENGINE Unsupported engine {
76 warn EBADENGINE   package: 'jest-util@29.3.1',
76 warn EBADENGINE   required: { node: '^14.15.0 || ^16.10.0 || >=18.0.0' },
76 warn EBADENGINE   current: { node: 'v12.22.9', npm: '8.5.1' }
76 warn EBADENGINE }
77 warn EBADENGINE Unsupported engine {
77 warn EBADENGINE   package: 'jest-validate@29.3.1',
77 warn EBADENGINE   required: { node: '^14.15.0 || ^16.10.0 || >=18.0.0' },
77 warn EBADENGINE   current: { node: 'v12.22.9', npm: '8.5.1' }
77 warn EBADENGINE }
78 warn EBADENGINE Unsupported engine {
78 warn EBADENGINE   package: 'jest-watcher@29.3.1',
78 warn EBADENGINE   required: { node: '^14.15.0 || ^16.10.0 || >=18.0.0' },
78 warn EBADENGINE   current: { node: 'v12.22.9', npm: '8.5.1' }
78 warn EBADENGINE }
79 warn EBADENGINE Unsupported engine {
79 warn EBADENGINE   package: 'jest-worker@29.3.1',
79 warn EBADENGINE   required: { node: '^14.15.0 || ^16.10.0 || >=18.0.0' },
79 warn EBADENGINE   current: { node: 'v12.22.9', npm: '8.5.1' }
79 warn EBADENGINE }
80 warn EBADENGINE Unsupported engine {
80 warn EBADENGINE   package: 'pretty-format@29.3.1',
80 warn EBADENGINE   required: { node: '^14.15.0 || ^16.10.0 || >=18.0.0' },
80 warn EBADENGINE   current: { node: 'v12.22.9', npm: '8.5.1' }
80 warn EBADENGINE }
81 timing idealTree Completed in 270ms
82 timing arborist:ctor Completed in 0ms
83 timing reify:loadTrees Completed in 422ms
84 timing reify:diffTrees Completed in 5ms
85 silly reify moves {}
86 timing reify:retireShallow Completed in 0ms
87 timing reify:createSparse Completed in 5ms
88 silly reify mark deleted [
88 silly reify   '/home/sweetsk8er/hexlet-hello-world/node_modules/@ampproject/remapping'
88 silly reify ]
89 silly reify mark deleted [
89 silly reify   '/home/sweetsk8er/hexlet-hello-world/node_modules/@babel/code-frame'
89 silly reify ]
90 silly reify mark deleted [
90 silly reify   '/home/sweetsk8er/hexlet-hello-world/node_modules/@babel/compat-data'
90 silly reify ]
91 silly reify mark deleted [ '/home/sweetsk8er/hexlet-hello-world/node_modules/@babel/core' ]
92 silly reify mark deleted [
92 silly reify   '/home/sweetsk8er/hexlet-hello-world/node_modules/@babel/core/node_modules/convert-source-map'
92 silly reify ]
93 silly reify mark deleted [ '/home/sweetsk8er/hexlet-hello-world/node_modules/@babel/generator' ]
94 silly reify mark deleted [
94 silly reify   '/home/sweetsk8er/hexlet-hello-world/node_modules/@babel/generator/node_modules/@jridgewell/gen-mapping'
94 silly reify ]
95 silly reify mark deleted [
95 silly reify   '/home/sweetsk8er/hexlet-hello-world/node_modules/@babel/helper-compilation-targets'
95 silly reify ]
96 silly reify mark deleted [
96 silly reify   '/home/sweetsk8er/hexlet-hello-world/node_modules/@babel/helper-environment-visitor'
96 silly reify ]
97 silly reify mark deleted [
97 silly reify   '/home/sweetsk8er/hexlet-hello-world/node_modules/@babel/helper-function-name'
97 silly reify ]
98 silly reify mark deleted [
98 silly reify   '/home/sweetsk8er/hexlet-hello-world/node_modules/@babel/helper-hoist-variables'
98 silly reify ]
99 silly reify mark deleted [
99 silly reify   '/home/sweetsk8er/hexlet-hello-world/node_modules/@babel/helper-module-imports'
99 silly reify ]
100 silly reify mark deleted [
100 silly reify   '/home/sweetsk8er/hexlet-hello-world/node_modules/@babel/helper-module-transforms'
100 silly reify ]
101 silly reify mark deleted [
101 silly reify   '/home/sweetsk8er/hexlet-hello-world/node_modules/@babel/helper-plugin-utils'
101 silly reify ]
102 silly reify mark deleted [
102 silly reify   '/home/sweetsk8er/hexlet-hello-world/node_modules/@babel/helper-simple-access'
102 silly reify ]
103 silly reify mark deleted [
103 silly reify   '/home/sweetsk8er/hexlet-hello-world/node_modules/@babel/helper-split-export-declaration'
103 silly reify ]
104 silly reify mark deleted [
104 silly reify   '/home/sweetsk8er/hexlet-hello-world/node_modules/@babel/helper-string-parser'
104 silly reify ]
105 silly reify mark deleted [
105 silly reify   '/home/sweetsk8er/hexlet-hello-world/node_modules/@babel/helper-validator-identifier'
105 silly reify ]
106 silly reify mark deleted [
106 silly reify   '/home/sweetsk8er/hexlet-hello-world/node_modules/@babel/helper-validator-option'
106 silly reify ]
107 silly reify mark deleted [ '/home/sweetsk8er/hexlet-hello-world/node_modules/@babel/helpers' ]
108 silly reify mark deleted [ '/home/sweetsk8er/hexlet-hello-world/node_modules/@babel/highlight' ]
109 silly reify mark deleted [
109 silly reify   '/home/sweetsk8er/hexlet-hello-world/node_modules/@babel/highlight/node_modules/ansi-styles'
109 silly reify ]
110 silly reify mark deleted [
110 silly reify   '/home/sweetsk8er/hexlet-hello-world/node_modules/@babel/highlight/node_modules/chalk'
110 silly reify ]
111 silly reify mark deleted [
111 silly reify   '/home/sweetsk8er/hexlet-hello-world/node_modules/@babel/highlight/node_modules/color-convert'
111 silly reify ]
112 silly reify mark deleted [
112 silly reify   '/home/sweetsk8er/hexlet-hello-world/node_modules/@babel/highlight/node_modules/color-name'
112 silly reify ]
113 silly reify mark deleted [
113 silly reify   '/home/sweetsk8er/hexlet-hello-world/node_modules/@babel/highlight/node_modules/escape-string-regexp'
113 silly reify ]
114 silly reify mark deleted [
114 silly reify   '/home/sweetsk8er/hexlet-hello-world/node_modules/@babel/highlight/node_modules/has-flag'
114 silly reify ]
115 silly reify mark deleted [
115 silly reify   '/home/sweetsk8er/hexlet-hello-world/node_modules/@babel/highlight/node_modules/supports-color'
115 silly reify ]
116 silly reify mark deleted [
116 silly reify   '/home/sweetsk8er/hexlet-hello-world/node_modules/@babel/parser',
116 silly reify   '/home/sweetsk8er/hexlet-hello-world/node_modules/.bin/parser'
116 silly reify ]
117 silly reify mark deleted [
117 silly reify   '/home/sweetsk8er/hexlet-hello-world/node_modules/@babel/plugin-syntax-async-generators'
117 silly reify ]
118 silly reify mark deleted [
118 silly reify   '/home/sweetsk8er/hexlet-hello-world/node_modules/@babel/plugin-syntax-bigint'
118 silly reify ]
119 silly reify mark deleted [
119 silly reify   '/home/sweetsk8er/hexlet-hello-world/node_modules/@babel/plugin-syntax-class-properties'
119 silly reify ]
120 silly reify mark deleted [
120 silly reify   '/home/sweetsk8er/hexlet-hello-world/node_modules/@babel/plugin-syntax-import-meta'
120 silly reify ]
121 silly reify mark deleted [
121 silly reify   '/home/sweetsk8er/hexlet-hello-world/node_modules/@babel/plugin-syntax-json-strings'
121 silly reify ]
122 silly reify mark deleted [
122 silly reify   '/home/sweetsk8er/hexlet-hello-world/node_modules/@babel/plugin-syntax-jsx'
122 silly reify ]
123 silly reify mark deleted [
123 silly reify   '/home/sweetsk8er/hexlet-hello-world/node_modules/@babel/plugin-syntax-logical-assignment-operators'
123 silly reify ]
124 silly reify mark deleted [
124 silly reify   '/home/sweetsk8er/hexlet-hello-world/node_modules/@babel/plugin-syntax-nullish-coalescing-operator'
124 silly reify ]
125 silly reify mark deleted [
125 silly reify   '/home/sweetsk8er/hexlet-hello-world/node_modules/@babel/plugin-syntax-numeric-separator'
125 silly reify ]
126 silly reify mark deleted [
126 silly reify   '/home/sweetsk8er/hexlet-hello-world/node_modules/@babel/plugin-syntax-object-rest-spread'
126 silly reify ]
127 silly reify mark deleted [
127 silly reify   '/home/sweetsk8er/hexlet-hello-world/node_modules/@babel/plugin-syntax-optional-catch-binding'
127 silly reify ]
128 silly reify mark deleted [
128 silly reify   '/home/sweetsk8er/hexlet-hello-world/node_modules/@babel/plugin-syntax-optional-chaining'
128 silly reify ]
129 silly reify mark deleted [
129 silly reify   '/home/sweetsk8er/hexlet-hello-world/node_modules/@babel/plugin-syntax-top-level-await'
129 silly reify ]
130 silly reify mark deleted [
130 silly reify   '/home/sweetsk8er/hexlet-hello-world/node_modules/@babel/plugin-syntax-typescript'
130 silly reify ]
131 silly reify mark deleted [ '/home/sweetsk8er/hexlet-hello-world/node_modules/@babel/template' ]
132 silly reify mark deleted [ '/home/sweetsk8er/hexlet-hello-world/node_modules/@babel/traverse' ]
133 silly reify mark deleted [ '/home/sweetsk8er/hexlet-hello-world/node_modules/@babel/types' ]
134 silly reify mark deleted [
134 silly reify   '/home/sweetsk8er/hexlet-hello-world/node_modules/@bcoe/v8-coverage'
134 silly reify ]
135 silly reify mark deleted [
135 silly reify   '/home/sweetsk8er/hexlet-hello-world/node_modules/@istanbuljs/load-nyc-config'
135 silly reify ]
136 silly reify mark deleted [
136 silly reify   '/home/sweetsk8er/hexlet-hello-world/node_modules/@istanbuljs/schema'
136 silly reify ]
137 silly reify mark deleted [ '/home/sweetsk8er/hexlet-hello-world/node_modules/@jest/console' ]
138 silly reify mark deleted [ '/home/sweetsk8er/hexlet-hello-world/node_modules/@jest/core' ]
139 silly reify mark deleted [
139 silly reify   '/home/sweetsk8er/hexlet-hello-world/node_modules/@jest/environment'
139 silly reify ]
140 silly reify mark deleted [ '/home/sweetsk8er/hexlet-hello-world/node_modules/@jest/expect' ]
141 silly reify mark deleted [
141 silly reify   '/home/sweetsk8er/hexlet-hello-world/node_modules/@jest/expect-utils'
141 silly reify ]
142 silly reify mark deleted [
142 silly reify   '/home/sweetsk8er/hexlet-hello-world/node_modules/@jest/fake-timers'
142 silly reify ]
143 silly reify mark deleted [ '/home/sweetsk8er/hexlet-hello-world/node_modules/@jest/globals' ]
144 silly reify mark deleted [ '/home/sweetsk8er/hexlet-hello-world/node_modules/@jest/reporters' ]
145 silly reify mark deleted [ '/home/sweetsk8er/hexlet-hello-world/node_modules/@jest/schemas' ]
146 silly reify mark deleted [ '/home/sweetsk8er/hexlet-hello-world/node_modules/@jest/source-map' ]
147 silly reify mark deleted [
147 silly reify   '/home/sweetsk8er/hexlet-hello-world/node_modules/@jest/test-result'
147 silly reify ]
148 silly reify mark deleted [
148 silly reify   '/home/sweetsk8er/hexlet-hello-world/node_modules/@jest/test-sequencer'
148 silly reify ]
149 silly reify mark deleted [ '/home/sweetsk8er/hexlet-hello-world/node_modules/@jest/transform' ]
150 silly reify mark deleted [ '/home/sweetsk8er/hexlet-hello-world/node_modules/@jest/types' ]
151 silly reify mark deleted [
151 silly reify   '/home/sweetsk8er/hexlet-hello-world/node_modules/@jridgewell/gen-mapping'
151 silly reify ]
152 silly reify mark deleted [
152 silly reify   '/home/sweetsk8er/hexlet-hello-world/node_modules/@jridgewell/resolve-uri'
152 silly reify ]
153 silly reify mark deleted [
153 silly reify   '/home/sweetsk8er/hexlet-hello-world/node_modules/@jridgewell/set-array'
153 silly reify ]
154 silly reify mark deleted [
154 silly reify   '/home/sweetsk8er/hexlet-hello-world/node_modules/@jridgewell/sourcemap-codec'
154 silly reify ]
155 silly reify mark deleted [
155 silly reify   '/home/sweetsk8er/hexlet-hello-world/node_modules/@jridgewell/trace-mapping'
155 silly reify ]
156 silly reify mark deleted [
156 silly reify   '/home/sweetsk8er/hexlet-hello-world/node_modules/@sinclair/typebox'
156 silly reify ]
157 silly reify mark deleted [ '/home/sweetsk8er/hexlet-hello-world/node_modules/@sinonjs/commons' ]
158 silly reify mark deleted [
158 silly reify   '/home/sweetsk8er/hexlet-hello-world/node_modules/@sinonjs/fake-timers'
158 silly reify ]
159 silly reify mark deleted [
159 silly reify   '/home/sweetsk8er/hexlet-hello-world/node_modules/@types/babel__core'
159 silly reify ]
160 silly reify mark deleted [
160 silly reify   '/home/sweetsk8er/hexlet-hello-world/node_modules/@types/babel__generator'
160 silly reify ]
161 silly reify mark deleted [
161 silly reify   '/home/sweetsk8er/hexlet-hello-world/node_modules/@types/babel__template'
161 silly reify ]
162 silly reify mark deleted [
162 silly reify   '/home/sweetsk8er/hexlet-hello-world/node_modules/@types/babel__traverse'
162 silly reify ]
163 silly reify mark deleted [
163 silly reify   '/home/sweetsk8er/hexlet-hello-world/node_modules/@types/graceful-fs'
163 silly reify ]
164 silly reify mark deleted [
164 silly reify   '/home/sweetsk8er/hexlet-hello-world/node_modules/@types/istanbul-lib-coverage'
164 silly reify ]
165 silly reify mark deleted [
165 silly reify   '/home/sweetsk8er/hexlet-hello-world/node_modules/@types/istanbul-lib-report'
165 silly reify ]
166 silly reify mark deleted [
166 silly reify   '/home/sweetsk8er/hexlet-hello-world/node_modules/@types/istanbul-reports'
166 silly reify ]
167 silly reify mark deleted [ '/home/sweetsk8er/hexlet-hello-world/node_modules/@types/node' ]
168 silly reify mark deleted [ '/home/sweetsk8er/hexlet-hello-world/node_modules/@types/prettier' ]
169 silly reify mark deleted [
169 silly reify   '/home/sweetsk8er/hexlet-hello-world/node_modules/@types/stack-utils'
169 silly reify ]
170 silly reify mark deleted [ '/home/sweetsk8er/hexlet-hello-world/node_modules/@types/yargs' ]
171 silly reify mark deleted [
171 silly reify   '/home/sweetsk8er/hexlet-hello-world/node_modules/@types/yargs-parser'
171 silly reify ]
172 silly reify mark deleted [ '/home/sweetsk8er/hexlet-hello-world/node_modules/ansi-escapes' ]
173 silly reify mark deleted [ '/home/sweetsk8er/hexlet-hello-world/node_modules/ansi-regex' ]
174 silly reify mark deleted [ '/home/sweetsk8er/hexlet-hello-world/node_modules/ansi-styles' ]
175 silly reify mark deleted [ '/home/sweetsk8er/hexlet-hello-world/node_modules/anymatch' ]
176 silly reify mark deleted [ '/home/sweetsk8er/hexlet-hello-world/node_modules/argparse' ]
177 silly reify mark deleted [ '/home/sweetsk8er/hexlet-hello-world/node_modules/babel-jest' ]
178 silly reify mark deleted [
178 silly reify   '/home/sweetsk8er/hexlet-hello-world/node_modules/babel-plugin-istanbul'
178 silly reify ]
179 silly reify mark deleted [
179 silly reify   '/home/sweetsk8er/hexlet-hello-world/node_modules/babel-plugin-jest-hoist'
179 silly reify ]
180 silly reify mark deleted [
180 silly reify   '/home/sweetsk8er/hexlet-hello-world/node_modules/babel-preset-current-node-syntax'
180 silly reify ]
181 silly reify mark deleted [
181 silly reify   '/home/sweetsk8er/hexlet-hello-world/node_modules/babel-preset-jest'
181 silly reify ]
182 silly reify mark deleted [ '/home/sweetsk8er/hexlet-hello-world/node_modules/balanced-match' ]
183 silly reify mark deleted [ '/home/sweetsk8er/hexlet-hello-world/node_modules/brace-expansion' ]
184 silly reify mark deleted [ '/home/sweetsk8er/hexlet-hello-world/node_modules/braces' ]
185 silly reify mark deleted [
185 silly reify   '/home/sweetsk8er/hexlet-hello-world/node_modules/browserslist',
185 silly reify   '/home/sweetsk8er/hexlet-hello-world/node_modules/.bin/browserslist'
185 silly reify ]
186 silly reify mark deleted [ '/home/sweetsk8er/hexlet-hello-world/node_modules/bser' ]
187 silly reify mark deleted [ '/home/sweetsk8er/hexlet-hello-world/node_modules/buffer-from' ]
188 silly reify mark deleted [ '/home/sweetsk8er/hexlet-hello-world/node_modules/callsites' ]
189 silly reify mark deleted [ '/home/sweetsk8er/hexlet-hello-world/node_modules/camelcase' ]
190 silly reify mark deleted [ '/home/sweetsk8er/hexlet-hello-world/node_modules/caniuse-lite' ]
191 silly reify mark deleted [ '/home/sweetsk8er/hexlet-hello-world/node_modules/chalk' ]
192 silly reify mark deleted [ '/home/sweetsk8er/hexlet-hello-world/node_modules/char-regex' ]
193 silly reify mark deleted [ '/home/sweetsk8er/hexlet-hello-world/node_modules/ci-info' ]
194 silly reify mark deleted [ '/home/sweetsk8er/hexlet-hello-world/node_modules/cjs-module-lexer' ]
195 silly reify mark deleted [ '/home/sweetsk8er/hexlet-hello-world/node_modules/cliui' ]
196 silly reify mark deleted [ '/home/sweetsk8er/hexlet-hello-world/node_modules/co' ]
197 silly reify mark deleted [
197 silly reify   '/home/sweetsk8er/hexlet-hello-world/node_modules/collect-v8-coverage'
197 silly reify ]
198 silly reify mark deleted [ '/home/sweetsk8er/hexlet-hello-world/node_modules/color-convert' ]
199 silly reify mark deleted [ '/home/sweetsk8er/hexlet-hello-world/node_modules/color-name' ]
200 silly reify mark deleted [ '/home/sweetsk8er/hexlet-hello-world/node_modules/concat-map' ]
201 silly reify mark deleted [
201 silly reify   '/home/sweetsk8er/hexlet-hello-world/node_modules/convert-source-map'
201 silly reify ]
202 silly reify mark deleted [ '/home/sweetsk8er/hexlet-hello-world/node_modules/cross-spawn' ]
203 silly reify mark deleted [ '/home/sweetsk8er/hexlet-hello-world/node_modules/debug' ]
204 silly reify mark deleted [ '/home/sweetsk8er/hexlet-hello-world/node_modules/dedent' ]
205 silly reify mark deleted [ '/home/sweetsk8er/hexlet-hello-world/node_modules/deepmerge' ]
206 silly reify mark deleted [ '/home/sweetsk8er/hexlet-hello-world/node_modules/detect-newline' ]
207 silly reify mark deleted [ '/home/sweetsk8er/hexlet-hello-world/node_modules/diff-sequences' ]
208 silly reify mark deleted [
208 silly reify   '/home/sweetsk8er/hexlet-hello-world/node_modules/electron-to-chromium'
208 silly reify ]
209 silly reify mark deleted [ '/home/sweetsk8er/hexlet-hello-world/node_modules/emittery' ]
210 silly reify mark deleted [ '/home/sweetsk8er/hexlet-hello-world/node_modules/emoji-regex' ]
211 silly reify mark deleted [ '/home/sweetsk8er/hexlet-hello-world/node_modules/error-ex' ]
212 silly reify mark deleted [ '/home/sweetsk8er/hexlet-hello-world/node_modules/escalade' ]
213 silly reify mark deleted [
213 silly reify   '/home/sweetsk8er/hexlet-hello-world/node_modules/escape-string-regexp'
213 silly reify ]
214 silly reify mark deleted [
214 silly reify   '/home/sweetsk8er/hexlet-hello-world/node_modules/esprima',
214 silly reify   '/home/sweetsk8er/hexlet-hello-world/node_modules/.bin/esparse',
214 silly reify   '/home/sweetsk8er/hexlet-hello-world/node_modules/.bin/esvalidate'
214 silly reify ]
215 silly reify mark deleted [ '/home/sweetsk8er/hexlet-hello-world/node_modules/execa' ]
216 silly reify mark deleted [ '/home/sweetsk8er/hexlet-hello-world/node_modules/exit' ]
217 silly reify mark deleted [ '/home/sweetsk8er/hexlet-hello-world/node_modules/expect' ]
218 silly reify mark deleted [
218 silly reify   '/home/sweetsk8er/hexlet-hello-world/node_modules/fast-json-stable-stringify'
218 silly reify ]
219 silly reify mark deleted [ '/home/sweetsk8er/hexlet-hello-world/node_modules/fb-watchman' ]
220 silly reify mark deleted [ '/home/sweetsk8er/hexlet-hello-world/node_modules/fill-range' ]
221 silly reify mark deleted [ '/home/sweetsk8er/hexlet-hello-world/node_modules/find-up' ]
222 silly reify mark deleted [ '/home/sweetsk8er/hexlet-hello-world/node_modules/fs.realpath' ]
223 silly reify mark deleted [ '/home/sweetsk8er/hexlet-hello-world/node_modules/fsevents' ]
224 silly reify mark deleted [ '/home/sweetsk8er/hexlet-hello-world/node_modules/function-bind' ]
225 silly reify mark deleted [ '/home/sweetsk8er/hexlet-hello-world/node_modules/gensync' ]
226 silly reify mark deleted [ '/home/sweetsk8er/hexlet-hello-world/node_modules/get-caller-file' ]
227 silly reify mark deleted [ '/home/sweetsk8er/hexlet-hello-world/node_modules/get-package-type' ]
228 silly reify mark deleted [ '/home/sweetsk8er/hexlet-hello-world/node_modules/get-stream' ]
229 silly reify mark deleted [ '/home/sweetsk8er/hexlet-hello-world/node_modules/glob' ]
230 silly reify mark deleted [ '/home/sweetsk8er/hexlet-hello-world/node_modules/globals' ]
231 silly reify mark deleted [ '/home/sweetsk8er/hexlet-hello-world/node_modules/graceful-fs' ]
232 silly reify mark deleted [ '/home/sweetsk8er/hexlet-hello-world/node_modules/has' ]
233 silly reify mark deleted [ '/home/sweetsk8er/hexlet-hello-world/node_modules/has-flag' ]
234 silly reify mark deleted [ '/home/sweetsk8er/hexlet-hello-world/node_modules/html-escaper' ]
235 silly reify mark deleted [ '/home/sweetsk8er/hexlet-hello-world/node_modules/human-signals' ]
236 silly reify mark deleted [
236 silly reify   '/home/sweetsk8er/hexlet-hello-world/node_modules/import-local',
236 silly reify   '/home/sweetsk8er/hexlet-hello-world/node_modules/.bin/import-local-fixture'
236 silly reify ]
237 silly reify mark deleted [ '/home/sweetsk8er/hexlet-hello-world/node_modules/imurmurhash' ]
238 silly reify mark deleted [ '/home/sweetsk8er/hexlet-hello-world/node_modules/inflight' ]
239 silly reify mark deleted [ '/home/sweetsk8er/hexlet-hello-world/node_modules/inherits' ]
240 silly reify mark deleted [ '/home/sweetsk8er/hexlet-hello-world/node_modules/is-arrayish' ]
241 silly reify mark deleted [ '/home/sweetsk8er/hexlet-hello-world/node_modules/is-core-module' ]
242 silly reify mark deleted [
242 silly reify   '/home/sweetsk8er/hexlet-hello-world/node_modules/is-fullwidth-code-point'
242 silly reify ]
243 silly reify mark deleted [ '/home/sweetsk8er/hexlet-hello-world/node_modules/is-generator-fn' ]
244 silly reify mark deleted [ '/home/sweetsk8er/hexlet-hello-world/node_modules/is-number' ]
245 silly reify mark deleted [ '/home/sweetsk8er/hexlet-hello-world/node_modules/is-stream' ]
246 silly reify mark deleted [ '/home/sweetsk8er/hexlet-hello-world/node_modules/isexe' ]
247 silly reify mark deleted [
247 silly reify   '/home/sweetsk8er/hexlet-hello-world/node_modules/istanbul-lib-coverage'
247 silly reify ]
248 silly reify mark deleted [
248 silly reify   '/home/sweetsk8er/hexlet-hello-world/node_modules/istanbul-lib-instrument'
248 silly reify ]
249 silly reify mark deleted [
249 silly reify   '/home/sweetsk8er/hexlet-hello-world/node_modules/istanbul-lib-report'
249 silly reify ]
250 silly reify mark deleted [
250 silly reify   '/home/sweetsk8er/hexlet-hello-world/node_modules/istanbul-lib-source-maps'
250 silly reify ]
251 silly reify mark deleted [ '/home/sweetsk8er/hexlet-hello-world/node_modules/istanbul-reports' ]
252 silly reify mark deleted [
252 silly reify   '/home/sweetsk8er/hexlet-hello-world/node_modules/jest',
252 silly reify   '/home/sweetsk8er/hexlet-hello-world/node_modules/.bin/jest'
252 silly reify ]
253 silly reify mark deleted [
253 silly reify   '/home/sweetsk8er/hexlet-hello-world/node_modules/jest-changed-files'
253 silly reify ]
254 silly reify mark deleted [ '/home/sweetsk8er/hexlet-hello-world/node_modules/jest-circus' ]
255 silly reify mark deleted [
255 silly reify   '/home/sweetsk8er/hexlet-hello-world/node_modules/jest-cli',
255 silly reify   '/home/sweetsk8er/hexlet-hello-world/node_modules/.bin/jest'
255 silly reify ]
256 silly reify mark deleted [ '/home/sweetsk8er/hexlet-hello-world/node_modules/jest-config' ]
257 silly reify mark deleted [ '/home/sweetsk8er/hexlet-hello-world/node_modules/jest-diff' ]
258 silly reify mark deleted [ '/home/sweetsk8er/hexlet-hello-world/node_modules/jest-docblock' ]
259 silly reify mark deleted [ '/home/sweetsk8er/hexlet-hello-world/node_modules/jest-each' ]
260 silly reify mark deleted [
260 silly reify   '/home/sweetsk8er/hexlet-hello-world/node_modules/jest-environment-node'
260 silly reify ]
261 silly reify mark deleted [ '/home/sweetsk8er/hexlet-hello-world/node_modules/jest-get-type' ]
262 silly reify mark deleted [ '/home/sweetsk8er/hexlet-hello-world/node_modules/jest-haste-map' ]
263 silly reify mark deleted [
263 silly reify   '/home/sweetsk8er/hexlet-hello-world/node_modules/jest-leak-detector'
263 silly reify ]
264 silly reify mark deleted [
264 silly reify   '/home/sweetsk8er/hexlet-hello-world/node_modules/jest-matcher-utils'
264 silly reify ]
265 silly reify mark deleted [
265 silly reify   '/home/sweetsk8er/hexlet-hello-world/node_modules/jest-message-util'
265 silly reify ]
266 silly reify mark deleted [ '/home/sweetsk8er/hexlet-hello-world/node_modules/jest-mock' ]
267 silly reify mark deleted [
267 silly reify   '/home/sweetsk8er/hexlet-hello-world/node_modules/jest-pnp-resolver'
267 silly reify ]
268 silly reify mark deleted [ '/home/sweetsk8er/hexlet-hello-world/node_modules/jest-regex-util' ]
269 silly reify mark deleted [ '/home/sweetsk8er/hexlet-hello-world/node_modules/jest-resolve' ]
270 silly reify mark deleted [
270 silly reify   '/home/sweetsk8er/hexlet-hello-world/node_modules/jest-resolve-dependencies'
270 silly reify ]
271 silly reify mark deleted [ '/home/sweetsk8er/hexlet-hello-world/node_modules/jest-runner' ]
272 silly reify mark deleted [ '/home/sweetsk8er/hexlet-hello-world/node_modules/jest-runtime' ]
273 silly reify mark deleted [ '/home/sweetsk8er/hexlet-hello-world/node_modules/jest-snapshot' ]
274 silly reify mark deleted [
274 silly reify   '/home/sweetsk8er/hexlet-hello-world/node_modules/jest-snapshot/node_modules/semver',
274 silly reify   '/home/sweetsk8er/hexlet-hello-world/node_modules/jest-snapshot/node_modules/.bin/semver'
274 silly reify ]
275 silly reify mark deleted [ '/home/sweetsk8er/hexlet-hello-world/node_modules/jest-util' ]
276 silly reify mark deleted [ '/home/sweetsk8er/hexlet-hello-world/node_modules/jest-validate' ]
277 silly reify mark deleted [
277 silly reify   '/home/sweetsk8er/hexlet-hello-world/node_modules/jest-validate/node_modules/camelcase'
277 silly reify ]
278 silly reify mark deleted [ '/home/sweetsk8er/hexlet-hello-world/node_modules/jest-watcher' ]
279 silly reify mark deleted [ '/home/sweetsk8er/hexlet-hello-world/node_modules/jest-worker' ]
280 silly reify mark deleted [
280 silly reify   '/home/sweetsk8er/hexlet-hello-world/node_modules/jest-worker/node_modules/supports-color'
280 silly reify ]
281 silly reify mark deleted [ '/home/sweetsk8er/hexlet-hello-world/node_modules/js-tokens' ]
282 silly reify mark deleted [
282 silly reify   '/home/sweetsk8er/hexlet-hello-world/node_modules/js-yaml',
282 silly reify   '/home/sweetsk8er/hexlet-hello-world/node_modules/.bin/js-yaml'
282 silly reify ]
283 silly reify mark deleted [
283 silly reify   '/home/sweetsk8er/hexlet-hello-world/node_modules/jsesc',
283 silly reify   '/home/sweetsk8er/hexlet-hello-world/node_modules/.bin/jsesc'
283 silly reify ]
284 silly reify mark deleted [
284 silly reify   '/home/sweetsk8er/hexlet-hello-world/node_modules/json-parse-even-better-errors'
284 silly reify ]
285 silly reify mark deleted [
285 silly reify   '/home/sweetsk8er/hexlet-hello-world/node_modules/json5',
285 silly reify   '/home/sweetsk8er/hexlet-hello-world/node_modules/.bin/json5'
285 silly reify ]
286 silly reify mark deleted [ '/home/sweetsk8er/hexlet-hello-world/node_modules/kleur' ]
287 silly reify mark deleted [ '/home/sweetsk8er/hexlet-hello-world/node_modules/leven' ]
288 silly reify mark deleted [
288 silly reify   '/home/sweetsk8er/hexlet-hello-world/node_modules/lines-and-columns'
288 silly reify ]
289 silly reify mark deleted [ '/home/sweetsk8er/hexlet-hello-world/node_modules/locate-path' ]
290 silly reify mark deleted [ '/home/sweetsk8er/hexlet-hello-world/node_modules/lru-cache' ]
291 silly reify mark deleted [ '/home/sweetsk8er/hexlet-hello-world/node_modules/make-dir' ]
292 silly reify mark deleted [ '/home/sweetsk8er/hexlet-hello-world/node_modules/makeerror' ]
293 silly reify mark deleted [ '/home/sweetsk8er/hexlet-hello-world/node_modules/merge-stream' ]
294 silly reify mark deleted [ '/home/sweetsk8er/hexlet-hello-world/node_modules/micromatch' ]
295 silly reify mark deleted [ '/home/sweetsk8er/hexlet-hello-world/node_modules/mimic-fn' ]
296 silly reify mark deleted [ '/home/sweetsk8er/hexlet-hello-world/node_modules/minimatch' ]
297 silly reify mark deleted [ '/home/sweetsk8er/hexlet-hello-world/node_modules/ms' ]
298 silly reify mark deleted [ '/home/sweetsk8er/hexlet-hello-world/node_modules/natural-compare' ]
299 silly reify mark deleted [ '/home/sweetsk8er/hexlet-hello-world/node_modules/node-int64' ]
300 silly reify mark deleted [ '/home/sweetsk8er/hexlet-hello-world/node_modules/node-releases' ]
301 silly reify mark deleted [ '/home/sweetsk8er/hexlet-hello-world/node_modules/normalize-path' ]
302 silly reify mark deleted [ '/home/sweetsk8er/hexlet-hello-world/node_modules/npm-run-path' ]
303 silly reify mark deleted [ '/home/sweetsk8er/hexlet-hello-world/node_modules/once' ]
304 silly reify mark deleted [ '/home/sweetsk8er/hexlet-hello-world/node_modules/onetime' ]
305 silly reify mark deleted [ '/home/sweetsk8er/hexlet-hello-world/node_modules/p-limit' ]
306 silly reify mark deleted [ '/home/sweetsk8er/hexlet-hello-world/node_modules/p-locate' ]
307 silly reify mark deleted [
307 silly reify   '/home/sweetsk8er/hexlet-hello-world/node_modules/p-locate/node_modules/p-limit'
307 silly reify ]
308 silly reify mark deleted [ '/home/sweetsk8er/hexlet-hello-world/node_modules/p-try' ]
309 silly reify mark deleted [ '/home/sweetsk8er/hexlet-hello-world/node_modules/parse-json' ]
310 silly reify mark deleted [ '/home/sweetsk8er/hexlet-hello-world/node_modules/path-exists' ]
311 silly reify mark deleted [ '/home/sweetsk8er/hexlet-hello-world/node_modules/path-is-absolute' ]
312 silly reify mark deleted [ '/home/sweetsk8er/hexlet-hello-world/node_modules/path-key' ]
313 silly reify mark deleted [ '/home/sweetsk8er/hexlet-hello-world/node_modules/path-parse' ]
314 silly reify mark deleted [ '/home/sweetsk8er/hexlet-hello-world/node_modules/picocolors' ]
315 silly reify mark deleted [ '/home/sweetsk8er/hexlet-hello-world/node_modules/picomatch' ]
316 silly reify mark deleted [ '/home/sweetsk8er/hexlet-hello-world/node_modules/pirates' ]
317 silly reify mark deleted [ '/home/sweetsk8er/hexlet-hello-world/node_modules/pkg-dir' ]
318 silly reify mark deleted [ '/home/sweetsk8er/hexlet-hello-world/node_modules/pretty-format' ]
319 silly reify mark deleted [
319 silly reify   '/home/sweetsk8er/hexlet-hello-world/node_modules/pretty-format/node_modules/ansi-styles'
319 silly reify ]
320 silly reify mark deleted [ '/home/sweetsk8er/hexlet-hello-world/node_modules/prompts' ]
321 silly reify mark deleted [ '/home/sweetsk8er/hexlet-hello-world/node_modules/react-is' ]
322 silly reify mark deleted [
322 silly reify   '/home/sweetsk8er/hexlet-hello-world/node_modules/require-directory'
322 silly reify ]
323 silly reify mark deleted [
323 silly reify   '/home/sweetsk8er/hexlet-hello-world/node_modules/resolve',
323 silly reify   '/home/sweetsk8er/hexlet-hello-world/node_modules/.bin/resolve'
323 silly reify ]
324 silly reify mark deleted [ '/home/sweetsk8er/hexlet-hello-world/node_modules/resolve-cwd' ]
325 silly reify mark deleted [ '/home/sweetsk8er/hexlet-hello-world/node_modules/resolve-from' ]
326 silly reify mark deleted [ '/home/sweetsk8er/hexlet-hello-world/node_modules/resolve.exports' ]
327 silly reify mark deleted [
327 silly reify   '/home/sweetsk8er/hexlet-hello-world/node_modules/semver',
327 silly reify   '/home/sweetsk8er/hexlet-hello-world/node_modules/.bin/semver'
327 silly reify ]
328 silly reify mark deleted [ '/home/sweetsk8er/hexlet-hello-world/node_modules/shebang-command' ]
329 silly reify mark deleted [ '/home/sweetsk8er/hexlet-hello-world/node_modules/shebang-regex' ]
330 silly reify mark deleted [ '/home/sweetsk8er/hexlet-hello-world/node_modules/signal-exit' ]
331 silly reify mark deleted [ '/home/sweetsk8er/hexlet-hello-world/node_modules/sisteransi' ]
332 silly reify mark deleted [ '/home/sweetsk8er/hexlet-hello-world/node_modules/slash' ]
333 silly reify mark deleted [ '/home/sweetsk8er/hexlet-hello-world/node_modules/source-map' ]
334 silly reify mark deleted [
334 silly reify   '/home/sweetsk8er/hexlet-hello-world/node_modules/source-map-support'
334 silly reify ]
335 silly reify mark deleted [ '/home/sweetsk8er/hexlet-hello-world/node_modules/sprintf-js' ]
336 silly reify mark deleted [ '/home/sweetsk8er/hexlet-hello-world/node_modules/stack-utils' ]
337 silly reify mark deleted [ '/home/sweetsk8er/hexlet-hello-world/node_modules/string-length' ]
338 silly reify mark deleted [ '/home/sweetsk8er/hexlet-hello-world/node_modules/string-width' ]
339 silly reify mark deleted [ '/home/sweetsk8er/hexlet-hello-world/node_modules/strip-ansi' ]
340 silly reify mark deleted [ '/home/sweetsk8er/hexlet-hello-world/node_modules/strip-bom' ]
341 silly reify mark deleted [
341 silly reify   '/home/sweetsk8er/hexlet-hello-world/node_modules/strip-final-newline'
341 silly reify ]
342 silly reify mark deleted [
342 silly reify   '/home/sweetsk8er/hexlet-hello-world/node_modules/strip-json-comments'
342 silly reify ]
343 silly reify mark deleted [ '/home/sweetsk8er/hexlet-hello-world/node_modules/supports-color' ]
344 silly reify mark deleted [
344 silly reify   '/home/sweetsk8er/hexlet-hello-world/node_modules/supports-preserve-symlinks-flag'
344 silly reify ]
345 silly reify mark deleted [ '/home/sweetsk8er/hexlet-hello-world/node_modules/test-exclude' ]
346 silly reify mark deleted [ '/home/sweetsk8er/hexlet-hello-world/node_modules/tmpl' ]
347 silly reify mark deleted [
347 silly reify   '/home/sweetsk8er/hexlet-hello-world/node_modules/to-fast-properties'
347 silly reify ]
348 silly reify mark deleted [ '/home/sweetsk8er/hexlet-hello-world/node_modules/to-regex-range' ]
349 silly reify mark deleted [ '/home/sweetsk8er/hexlet-hello-world/node_modules/type-detect' ]
350 silly reify mark deleted [ '/home/sweetsk8er/hexlet-hello-world/node_modules/type-fest' ]
351 silly reify mark deleted [
351 silly reify   '/home/sweetsk8er/hexlet-hello-world/node_modules/update-browserslist-db',
351 silly reify   '/home/sweetsk8er/hexlet-hello-world/node_modules/.bin/browserslist-lint'
351 silly reify ]
352 silly reify mark deleted [ '/home/sweetsk8er/hexlet-hello-world/node_modules/v8-to-istanbul' ]
353 silly reify mark deleted [
353 silly reify   '/home/sweetsk8er/hexlet-hello-world/node_modules/v8-to-istanbul/node_modules/convert-source-map'
353 silly reify ]
354 silly reify mark deleted [ '/home/sweetsk8er/hexlet-hello-world/node_modules/walker' ]
355 silly reify mark deleted [
355 silly reify   '/home/sweetsk8er/hexlet-hello-world/node_modules/which',
355 silly reify   '/home/sweetsk8er/hexlet-hello-world/node_modules/.bin/node-which'
355 silly reify ]
356 silly reify mark deleted [ '/home/sweetsk8er/hexlet-hello-world/node_modules/wrap-ansi' ]
357 silly reify mark deleted [ '/home/sweetsk8er/hexlet-hello-world/node_modules/wrappy' ]
358 silly reify mark deleted [
358 silly reify   '/home/sweetsk8er/hexlet-hello-world/node_modules/write-file-atomic'
358 silly reify ]
359 silly reify mark deleted [ '/home/sweetsk8er/hexlet-hello-world/node_modules/y18n' ]
360 silly reify mark deleted [ '/home/sweetsk8er/hexlet-hello-world/node_modules/yallist' ]
361 silly reify mark deleted [ '/home/sweetsk8er/hexlet-hello-world/node_modules/yargs' ]
362 silly reify mark deleted [ '/home/sweetsk8er/hexlet-hello-world/node_modules/yargs-parser' ]
363 silly reify mark deleted [ '/home/sweetsk8er/hexlet-hello-world/node_modules/yocto-queue' ]
364 timing reify:trashOmits Completed in 20ms
365 timing reify:loadBundles Completed in 0ms
366 silly audit bulk request { lodash: [ '4.17.21' ] }
367 timing reify:unpack Completed in 16ms
368 timing reify:unretire Completed in 0ms
369 timing build:queue Completed in 2ms
370 timing build:deps Completed in 3ms
371 timing build Completed in 3ms
372 timing reify:build Completed in 3ms
373 timing reify:trash Completed in 481ms
374 timing reify:save Completed in 52ms
375 http fetch POST 200 https://registry.npmjs.org/-/npm/v1/security/advisories/bulk 813ms
376 timing auditReport:getReport Completed in 815ms
377 silly audit report {}
378 timing auditReport:init Completed in 0ms
379 timing reify:audit Completed in 816ms
380 timing reify Completed in 1284ms
381 silly ADD
382 timing command:install Completed in 1294ms
383 verbose exit 0
384 timing npm Completed in 1468ms
385 info ok
