0 verbose cli [ '/usr/bin/node', '/usr/bin/npm', 'install', '--save-dev', 'jest' ]
1 info using npm@8.5.1
2 info using node@v12.22.9
3 timing npm:load:whichnode Completed in 0ms
4 timing config:load:defaults Completed in 1ms
5 timing config:load:file:/usr/share/nodejs/npm/npmrc Completed in 2ms
6 timing config:load:builtin Completed in 3ms
7 timing config:load:cli Completed in 2ms
8 timing config:load:env Completed in 0ms
9 timing config:load:file:/home/sweetsk8er/hexlet-hello-world/.npmrc Completed in 1ms
10 timing config:load:project Completed in 3ms
11 timing config:load:file:/home/sweetsk8er/.npmrc Completed in 0ms
12 timing config:load:user Completed in 0ms
13 timing config:load:file:/etc/npmrc Completed in 0ms
14 timing config:load:global Completed in 0ms
15 timing config:load:validate Completed in 1ms
16 timing config:load:credentials Completed in 0ms
17 timing config:load:setEnvs Completed in 1ms
18 timing config:load Completed in 11ms
19 timing npm:load:configload Completed in 11ms
20 timing npm:load:setTitle Completed in 1ms
21 timing config:load:flatten Completed in 2ms
22 timing npm:load:display Completed in 4ms
23 verbose logfile /home/sweetsk8er/.npm/_logs/2022-12-09T11_07_20_279Z-debug-0.log
24 timing npm:load:logFile Completed in 5ms
25 timing npm:load:timers Completed in 0ms
26 timing npm:load:configScope Completed in 0ms
27 timing npm:load Completed in 22ms
28 timing arborist:ctor Completed in 1ms
29 timing idealTree:init Completed in 222ms
30 timing idealTree:userRequests Completed in 2ms
31 silly idealTree buildDeps
32 silly fetch manifest jest@^29.3.1
33 timing arborist:ctor Completed in 1ms
34 http fetch GET 200 https://registry.npmjs.org/jest 271ms (cache miss)
35 silly fetch manifest node-notifier@^8.0.1 || ^9.0.0 || ^10.0.0
36 http fetch GET 200 https://registry.npmjs.org/node-notifier 47ms (cache miss)
37 silly placeDep ROOT jest@29.3.1 REPLACE for: hexlet-hello-world@1.0.0 want: ^29.3.1
38 timing idealTree:#root Completed in 330ms
39 timing idealTree:node_modules/jest Completed in 0ms
40 timing idealTree:buildDeps Completed in 332ms
41 timing idealTree:fixDepFlags Completed in 3ms
42 warn EBADENGINE Unsupported engine {
42 warn EBADENGINE   package: '@jest/console@29.3.1',
42 warn EBADENGINE   required: { node: '^14.15.0 || ^16.10.0 || >=18.0.0' },
42 warn EBADENGINE   current: { node: 'v12.22.9', npm: '8.5.1' }
42 warn EBADENGINE }
43 warn EBADENGINE Unsupported engine {
43 warn EBADENGINE   package: '@jest/core@29.3.1',
43 warn EBADENGINE   required: { node: '^14.15.0 || ^16.10.0 || >=18.0.0' },
43 warn EBADENGINE   current: { node: 'v12.22.9', npm: '8.5.1' }
43 warn EBADENGINE }
44 warn EBADENGINE Unsupported engine {
44 warn EBADENGINE   package: '@jest/environment@29.3.1',
44 warn EBADENGINE   required: { node: '^14.15.0 || ^16.10.0 || >=18.0.0' },
44 warn EBADENGINE   current: { node: 'v12.22.9', npm: '8.5.1' }
44 warn EBADENGINE }
45 warn EBADENGINE Unsupported engine {
45 warn EBADENGINE   package: '@jest/expect@29.3.1',
45 warn EBADENGINE   required: { node: '^14.15.0 || ^16.10.0 || >=18.0.0' },
45 warn EBADENGINE   current: { node: 'v12.22.9', npm: '8.5.1' }
45 warn EBADENGINE }
46 warn EBADENGINE Unsupported engine {
46 warn EBADENGINE   package: '@jest/expect-utils@29.3.1',
46 warn EBADENGINE   required: { node: '^14.15.0 || ^16.10.0 || >=18.0.0' },
46 warn EBADENGINE   current: { node: 'v12.22.9', npm: '8.5.1' }
46 warn EBADENGINE }
47 warn EBADENGINE Unsupported engine {
47 warn EBADENGINE   package: '@jest/fake-timers@29.3.1',
47 warn EBADENGINE   required: { node: '^14.15.0 || ^16.10.0 || >=18.0.0' },
47 warn EBADENGINE   current: { node: 'v12.22.9', npm: '8.5.1' }
47 warn EBADENGINE }
48 warn EBADENGINE Unsupported engine {
48 warn EBADENGINE   package: '@jest/globals@29.3.1',
48 warn EBADENGINE   required: { node: '^14.15.0 || ^16.10.0 || >=18.0.0' },
48 warn EBADENGINE   current: { node: 'v12.22.9', npm: '8.5.1' }
48 warn EBADENGINE }
49 warn EBADENGINE Unsupported engine {
49 warn EBADENGINE   package: '@jest/reporters@29.3.1',
49 warn EBADENGINE   required: { node: '^14.15.0 || ^16.10.0 || >=18.0.0' },
49 warn EBADENGINE   current: { node: 'v12.22.9', npm: '8.5.1' }
49 warn EBADENGINE }
50 warn EBADENGINE Unsupported engine {
50 warn EBADENGINE   package: '@jest/schemas@29.0.0',
50 warn EBADENGINE   required: { node: '^14.15.0 || ^16.10.0 || >=18.0.0' },
50 warn EBADENGINE   current: { node: 'v12.22.9', npm: '8.5.1' }
50 warn EBADENGINE }
51 warn EBADENGINE Unsupported engine {
51 warn EBADENGINE   package: '@jest/source-map@29.2.0',
51 warn EBADENGINE   required: { node: '^14.15.0 || ^16.10.0 || >=18.0.0' },
51 warn EBADENGINE   current: { node: 'v12.22.9', npm: '8.5.1' }
51 warn EBADENGINE }
52 warn EBADENGINE Unsupported engine {
52 warn EBADENGINE   package: '@jest/test-result@29.3.1',
52 warn EBADENGINE   required: { node: '^14.15.0 || ^16.10.0 || >=18.0.0' },
52 warn EBADENGINE   current: { node: 'v12.22.9', npm: '8.5.1' }
52 warn EBADENGINE }
53 warn EBADENGINE Unsupported engine {
53 warn EBADENGINE   package: '@jest/test-sequencer@29.3.1',
53 warn EBADENGINE   required: { node: '^14.15.0 || ^16.10.0 || >=18.0.0' },
53 warn EBADENGINE   current: { node: 'v12.22.9', npm: '8.5.1' }
53 warn EBADENGINE }
54 warn EBADENGINE Unsupported engine {
54 warn EBADENGINE   package: '@jest/transform@29.3.1',
54 warn EBADENGINE   required: { node: '^14.15.0 || ^16.10.0 || >=18.0.0' },
54 warn EBADENGINE   current: { node: 'v12.22.9', npm: '8.5.1' }
54 warn EBADENGINE }
55 warn EBADENGINE Unsupported engine {
55 warn EBADENGINE   package: '@jest/types@29.3.1',
55 warn EBADENGINE   required: { node: '^14.15.0 || ^16.10.0 || >=18.0.0' },
55 warn EBADENGINE   current: { node: 'v12.22.9', npm: '8.5.1' }
55 warn EBADENGINE }
56 warn EBADENGINE Unsupported engine {
56 warn EBADENGINE   package: 'babel-jest@29.3.1',
56 warn EBADENGINE   required: { node: '^14.15.0 || ^16.10.0 || >=18.0.0' },
56 warn EBADENGINE   current: { node: 'v12.22.9', npm: '8.5.1' }
56 warn EBADENGINE }
57 warn EBADENGINE Unsupported engine {
57 warn EBADENGINE   package: 'babel-plugin-jest-hoist@29.2.0',
57 warn EBADENGINE   required: { node: '^14.15.0 || ^16.10.0 || >=18.0.0' },
57 warn EBADENGINE   current: { node: 'v12.22.9', npm: '8.5.1' }
57 warn EBADENGINE }
58 warn EBADENGINE Unsupported engine {
58 warn EBADENGINE   package: 'babel-preset-jest@29.2.0',
58 warn EBADENGINE   required: { node: '^14.15.0 || ^16.10.0 || >=18.0.0' },
58 warn EBADENGINE   current: { node: 'v12.22.9', npm: '8.5.1' }
58 warn EBADENGINE }
59 warn EBADENGINE Unsupported engine {
59 warn EBADENGINE   package: 'diff-sequences@29.3.1',
59 warn EBADENGINE   required: { node: '^14.15.0 || ^16.10.0 || >=18.0.0' },
59 warn EBADENGINE   current: { node: 'v12.22.9', npm: '8.5.1' }
59 warn EBADENGINE }
60 warn EBADENGINE Unsupported engine {
60 warn EBADENGINE   package: 'expect@29.3.1',
60 warn EBADENGINE   required: { node: '^14.15.0 || ^16.10.0 || >=18.0.0' },
60 warn EBADENGINE   current: { node: 'v12.22.9', npm: '8.5.1' }
60 warn EBADENGINE }
61 warn EBADENGINE Unsupported engine {
61 warn EBADENGINE   package: 'jest-changed-files@29.2.0',
61 warn EBADENGINE   required: { node: '^14.15.0 || ^16.10.0 || >=18.0.0' },
61 warn EBADENGINE   current: { node: 'v12.22.9', npm: '8.5.1' }
61 warn EBADENGINE }
62 warn EBADENGINE Unsupported engine {
62 warn EBADENGINE   package: 'jest-circus@29.3.1',
62 warn EBADENGINE   required: { node: '^14.15.0 || ^16.10.0 || >=18.0.0' },
62 warn EBADENGINE   current: { node: 'v12.22.9', npm: '8.5.1' }
62 warn EBADENGINE }
63 warn EBADENGINE Unsupported engine {
63 warn EBADENGINE   package: 'jest-cli@29.3.1',
63 warn EBADENGINE   required: { node: '^14.15.0 || ^16.10.0 || >=18.0.0' },
63 warn EBADENGINE   current: { node: 'v12.22.9', npm: '8.5.1' }
63 warn EBADENGINE }
64 warn EBADENGINE Unsupported engine {
64 warn EBADENGINE   package: 'jest-config@29.3.1',
64 warn EBADENGINE   required: { node: '^14.15.0 || ^16.10.0 || >=18.0.0' },
64 warn EBADENGINE   current: { node: 'v12.22.9', npm: '8.5.1' }
64 warn EBADENGINE }
65 warn EBADENGINE Unsupported engine {
65 warn EBADENGINE   package: 'jest-diff@29.3.1',
65 warn EBADENGINE   required: { node: '^14.15.0 || ^16.10.0 || >=18.0.0' },
65 warn EBADENGINE   current: { node: 'v12.22.9', npm: '8.5.1' }
65 warn EBADENGINE }
66 warn EBADENGINE Unsupported engine {
66 warn EBADENGINE   package: 'jest-docblock@29.2.0',
66 warn EBADENGINE   required: { node: '^14.15.0 || ^16.10.0 || >=18.0.0' },
66 warn EBADENGINE   current: { node: 'v12.22.9', npm: '8.5.1' }
66 warn EBADENGINE }
67 warn EBADENGINE Unsupported engine {
67 warn EBADENGINE   package: 'jest-each@29.3.1',
67 warn EBADENGINE   required: { node: '^14.15.0 || ^16.10.0 || >=18.0.0' },
67 warn EBADENGINE   current: { node: 'v12.22.9', npm: '8.5.1' }
67 warn EBADENGINE }
68 warn EBADENGINE Unsupported engine {
68 warn EBADENGINE   package: 'jest-environment-node@29.3.1',
68 warn EBADENGINE   required: { node: '^14.15.0 || ^16.10.0 || >=18.0.0' },
68 warn EBADENGINE   current: { node: 'v12.22.9', npm: '8.5.1' }
68 warn EBADENGINE }
69 warn EBADENGINE Unsupported engine {
69 warn EBADENGINE   package: 'jest-get-type@29.2.0',
69 warn EBADENGINE   required: { node: '^14.15.0 || ^16.10.0 || >=18.0.0' },
69 warn EBADENGINE   current: { node: 'v12.22.9', npm: '8.5.1' }
69 warn EBADENGINE }
70 warn EBADENGINE Unsupported engine {
70 warn EBADENGINE   package: 'jest-haste-map@29.3.1',
70 warn EBADENGINE   required: { node: '^14.15.0 || ^16.10.0 || >=18.0.0' },
70 warn EBADENGINE   current: { node: 'v12.22.9', npm: '8.5.1' }
70 warn EBADENGINE }
71 warn EBADENGINE Unsupported engine {
71 warn EBADENGINE   package: 'jest-leak-detector@29.3.1',
71 warn EBADENGINE   required: { node: '^14.15.0 || ^16.10.0 || >=18.0.0' },
71 warn EBADENGINE   current: { node: 'v12.22.9', npm: '8.5.1' }
71 warn EBADENGINE }
72 warn EBADENGINE Unsupported engine {
72 warn EBADENGINE   package: 'jest-matcher-utils@29.3.1',
72 warn EBADENGINE   required: { node: '^14.15.0 || ^16.10.0 || >=18.0.0' },
72 warn EBADENGINE   current: { node: 'v12.22.9', npm: '8.5.1' }
72 warn EBADENGINE }
73 warn EBADENGINE Unsupported engine {
73 warn EBADENGINE   package: 'jest-message-util@29.3.1',
73 warn EBADENGINE   required: { node: '^14.15.0 || ^16.10.0 || >=18.0.0' },
73 warn EBADENGINE   current: { node: 'v12.22.9', npm: '8.5.1' }
73 warn EBADENGINE }
74 warn EBADENGINE Unsupported engine {
74 warn EBADENGINE   package: 'jest-mock@29.3.1',
74 warn EBADENGINE   required: { node: '^14.15.0 || ^16.10.0 || >=18.0.0' },
74 warn EBADENGINE   current: { node: 'v12.22.9', npm: '8.5.1' }
74 warn EBADENGINE }
75 warn EBADENGINE Unsupported engine {
75 warn EBADENGINE   package: 'jest-regex-util@29.2.0',
75 warn EBADENGINE   required: { node: '^14.15.0 || ^16.10.0 || >=18.0.0' },
75 warn EBADENGINE   current: { node: 'v12.22.9', npm: '8.5.1' }
75 warn EBADENGINE }
76 warn EBADENGINE Unsupported engine {
76 warn EBADENGINE   package: 'jest-resolve@29.3.1',
76 warn EBADENGINE   required: { node: '^14.15.0 || ^16.10.0 || >=18.0.0' },
76 warn EBADENGINE   current: { node: 'v12.22.9', npm: '8.5.1' }
76 warn EBADENGINE }
77 warn EBADENGINE Unsupported engine {
77 warn EBADENGINE   package: 'jest-resolve-dependencies@29.3.1',
77 warn EBADENGINE   required: { node: '^14.15.0 || ^16.10.0 || >=18.0.0' },
77 warn EBADENGINE   current: { node: 'v12.22.9', npm: '8.5.1' }
77 warn EBADENGINE }
78 warn EBADENGINE Unsupported engine {
78 warn EBADENGINE   package: 'jest-runner@29.3.1',
78 warn EBADENGINE   required: { node: '^14.15.0 || ^16.10.0 || >=18.0.0' },
78 warn EBADENGINE   current: { node: 'v12.22.9', npm: '8.5.1' }
78 warn EBADENGINE }
79 warn EBADENGINE Unsupported engine {
79 warn EBADENGINE   package: 'jest-runtime@29.3.1',
79 warn EBADENGINE   required: { node: '^14.15.0 || ^16.10.0 || >=18.0.0' },
79 warn EBADENGINE   current: { node: 'v12.22.9', npm: '8.5.1' }
79 warn EBADENGINE }
80 warn EBADENGINE Unsupported engine {
80 warn EBADENGINE   package: 'jest-snapshot@29.3.1',
80 warn EBADENGINE   required: { node: '^14.15.0 || ^16.10.0 || >=18.0.0' },
80 warn EBADENGINE   current: { node: 'v12.22.9', npm: '8.5.1' }
80 warn EBADENGINE }
81 warn EBADENGINE Unsupported engine {
81 warn EBADENGINE   package: 'jest-util@29.3.1',
81 warn EBADENGINE   required: { node: '^14.15.0 || ^16.10.0 || >=18.0.0' },
81 warn EBADENGINE   current: { node: 'v12.22.9', npm: '8.5.1' }
81 warn EBADENGINE }
82 warn EBADENGINE Unsupported engine {
82 warn EBADENGINE   package: 'jest-validate@29.3.1',
82 warn EBADENGINE   required: { node: '^14.15.0 || ^16.10.0 || >=18.0.0' },
82 warn EBADENGINE   current: { node: 'v12.22.9', npm: '8.5.1' }
82 warn EBADENGINE }
83 warn EBADENGINE Unsupported engine {
83 warn EBADENGINE   package: 'jest-watcher@29.3.1',
83 warn EBADENGINE   required: { node: '^14.15.0 || ^16.10.0 || >=18.0.0' },
83 warn EBADENGINE   current: { node: 'v12.22.9', npm: '8.5.1' }
83 warn EBADENGINE }
84 warn EBADENGINE Unsupported engine {
84 warn EBADENGINE   package: 'jest-worker@29.3.1',
84 warn EBADENGINE   required: { node: '^14.15.0 || ^16.10.0 || >=18.0.0' },
84 warn EBADENGINE   current: { node: 'v12.22.9', npm: '8.5.1' }
84 warn EBADENGINE }
85 warn EBADENGINE Unsupported engine {
85 warn EBADENGINE   package: 'pretty-format@29.3.1',
85 warn EBADENGINE   required: { node: '^14.15.0 || ^16.10.0 || >=18.0.0' },
85 warn EBADENGINE   current: { node: 'v12.22.9', npm: '8.5.1' }
85 warn EBADENGINE }
86 warn EBADENGINE Unsupported engine {
86 warn EBADENGINE   package: 'jest@29.3.1',
86 warn EBADENGINE   required: { node: '^14.15.0 || ^16.10.0 || >=18.0.0' },
86 warn EBADENGINE   current: { node: 'v12.22.9', npm: '8.5.1' }
86 warn EBADENGINE }
87 timing idealTree Completed in 623ms
88 timing reify:loadTrees Completed in 624ms
89 timing reify:diffTrees Completed in 6ms
90 silly reify moves {}
91 timing reify:retireShallow Completed in 0ms
92 timing reify:createSparse Completed in 2ms
93 timing reify:loadBundles Completed in 0ms
94 silly audit bulk request {
94 silly audit   '@ampproject/remapping': [ '2.2.0' ],
94 silly audit   '@babel/code-frame': [ '7.18.6' ],
94 silly audit   '@babel/compat-data': [ '7.20.5' ],
94 silly audit   '@babel/core': [ '7.20.5' ],
94 silly audit   'convert-source-map': [ '1.9.0', '2.0.0' ],
94 silly audit   '@babel/generator': [ '7.20.5' ],
94 silly audit   '@jridgewell/gen-mapping': [ '0.3.2', '0.1.1' ],
94 silly audit   '@babel/helper-compilation-targets': [ '7.20.0' ],
94 silly audit   '@babel/helper-environment-visitor': [ '7.18.9' ],
94 silly audit   '@babel/helper-function-name': [ '7.19.0' ],
94 silly audit   '@babel/helper-hoist-variables': [ '7.18.6' ],
94 silly audit   '@babel/helper-module-imports': [ '7.18.6' ],
94 silly audit   '@babel/helper-module-transforms': [ '7.20.2' ],
94 silly audit   '@babel/helper-plugin-utils': [ '7.20.2' ],
94 silly audit   '@babel/helper-simple-access': [ '7.20.2' ],
94 silly audit   '@babel/helper-split-export-declaration': [ '7.18.6' ],
94 silly audit   '@babel/helper-string-parser': [ '7.19.4' ],
94 silly audit   '@babel/helper-validator-identifier': [ '7.19.1' ],
94 silly audit   '@babel/helper-validator-option': [ '7.18.6' ],
94 silly audit   '@babel/helpers': [ '7.20.6' ],
94 silly audit   '@babel/highlight': [ '7.18.6' ],
94 silly audit   'ansi-styles': [ '3.2.1', '4.3.0', '5.2.0' ],
94 silly audit   chalk: [ '2.4.2', '4.1.2' ],
94 silly audit   'color-convert': [ '1.9.3', '2.0.1' ],
94 silly audit   'color-name': [ '1.1.3', '1.1.4' ],
94 silly audit   'escape-string-regexp': [ '1.0.5', '2.0.0' ],
94 silly audit   'has-flag': [ '3.0.0', '4.0.0' ],
94 silly audit   'supports-color': [ '5.5.0', '8.1.1', '7.2.0' ],
94 silly audit   '@babel/parser': [ '7.20.5' ],
94 silly audit   '@babel/plugin-syntax-async-generators': [ '7.8.4' ],
94 silly audit   '@babel/plugin-syntax-bigint': [ '7.8.3' ],
94 silly audit   '@babel/plugin-syntax-class-properties': [ '7.12.13' ],
94 silly audit   '@babel/plugin-syntax-import-meta': [ '7.10.4' ],
94 silly audit   '@babel/plugin-syntax-json-strings': [ '7.8.3' ],
94 silly audit   '@babel/plugin-syntax-jsx': [ '7.18.6' ],
94 silly audit   '@babel/plugin-syntax-logical-assignment-operators': [ '7.10.4' ],
94 silly audit   '@babel/plugin-syntax-nullish-coalescing-operator': [ '7.8.3' ],
94 silly audit   '@babel/plugin-syntax-numeric-separator': [ '7.10.4' ],
94 silly audit   '@babel/plugin-syntax-object-rest-spread': [ '7.8.3' ],
94 silly audit   '@babel/plugin-syntax-optional-catch-binding': [ '7.8.3' ],
94 silly audit   '@babel/plugin-syntax-optional-chaining': [ '7.8.3' ],
94 silly audit   '@babel/plugin-syntax-top-level-await': [ '7.14.5' ],
94 silly audit   '@babel/plugin-syntax-typescript': [ '7.20.0' ],
94 silly audit   '@babel/template': [ '7.18.10' ],
94 silly audit   '@babel/traverse': [ '7.20.5' ],
94 silly audit   '@babel/types': [ '7.20.5' ],
94 silly audit   '@bcoe/v8-coverage': [ '0.2.3' ],
94 silly audit   '@istanbuljs/load-nyc-config': [ '1.1.0' ],
94 silly audit   '@istanbuljs/schema': [ '0.1.3' ],
94 silly audit   '@jest/console': [ '29.3.1' ],
94 silly audit   '@jest/core': [ '29.3.1' ],
94 silly audit   '@jest/environment': [ '29.3.1' ],
94 silly audit   '@jest/expect': [ '29.3.1' ],
94 silly audit   '@jest/expect-utils': [ '29.3.1' ],
94 silly audit   '@jest/fake-timers': [ '29.3.1' ],
94 silly audit   '@jest/globals': [ '29.3.1' ],
94 silly audit   '@jest/reporters': [ '29.3.1' ],
94 silly audit   '@jest/schemas': [ '29.0.0' ],
94 silly audit   '@jest/source-map': [ '29.2.0' ],
94 silly audit   '@jest/test-result': [ '29.3.1' ],
94 silly audit   '@jest/test-sequencer': [ '29.3.1' ],
94 silly audit   '@jest/transform': [ '29.3.1' ],
94 silly audit   '@jest/types': [ '29.3.1' ],
94 silly audit   '@jridgewell/resolve-uri': [ '3.1.0' ],
94 silly audit   '@jridgewell/set-array': [ '1.1.2' ],
94 silly audit   '@jridgewell/sourcemap-codec': [ '1.4.14' ],
94 silly audit   '@jridgewell/trace-mapping': [ '0.3.17' ],
94 silly audit   '@sinclair/typebox': [ '0.24.51' ],
94 silly audit   '@sinonjs/commons': [ '1.8.6' ],
94 silly audit   '@sinonjs/fake-timers': [ '9.1.2' ],
94 silly audit   '@types/babel__core': [ '7.1.20' ],
94 silly audit   '@types/babel__generator': [ '7.6.4' ],
94 silly audit   '@types/babel__template': [ '7.4.1' ],
94 silly audit   '@types/babel__traverse': [ '7.18.3' ],
94 silly audit   '@types/graceful-fs': [ '4.1.5' ],
94 silly audit   '@types/istanbul-lib-coverage': [ '2.0.4' ],
94 silly audit   '@types/istanbul-lib-report': [ '3.0.0' ],
94 silly audit   '@types/istanbul-reports': [ '3.0.1' ],
94 silly audit   '@types/node': [ '18.11.12' ],
94 silly audit   '@types/prettier': [ '2.7.1' ],
94 silly audit   '@types/stack-utils': [ '2.0.1' ],
94 silly audit   '@types/yargs': [ '17.0.17' ],
94 silly audit   '@types/yargs-parser': [ '21.0.0' ],
94 silly audit   'ansi-escapes': [ '4.3.2' ],
94 silly audit   'ansi-regex': [ '5.0.1' ],
94 silly audit   anymatch: [ '3.1.3' ],
94 silly audit   argparse: [ '1.0.10' ],
94 silly audit   'babel-jest': [ '29.3.1' ],
94 silly audit   'babel-plugin-istanbul': [ '6.1.1' ],
94 silly audit   'babel-plugin-jest-hoist': [ '29.2.0' ],
94 silly audit   'babel-preset-current-node-syntax': [ '1.0.1' ],
94 silly audit   'babel-preset-jest': [ '29.2.0' ],
94 silly audit   'balanced-match': [ '1.0.2' ],
94 silly audit   'brace-expansion': [ '1.1.11' ],
94 silly audit   braces: [ '3.0.2' ],
94 silly audit   browserslist: [ '4.21.4' ],
94 silly audit   bser: [ '2.1.1' ],
94 silly audit   'buffer-from': [ '1.1.2' ],
94 silly audit   callsites: [ '3.1.0' ],
94 silly audit   camelcase: [ '5.3.1', '6.3.0' ],
94 silly audit   'caniuse-lite': [ '1.0.30001439' ],
94 silly audit   'char-regex': [ '1.0.2' ],
94 silly audit   'ci-info': [ '3.7.0' ],
94 silly audit   'cjs-module-lexer': [ '1.2.2' ],
94 silly audit   cliui: [ '8.0.1' ],
94 silly audit   co: [ '4.6.0' ],
94 silly audit   'collect-v8-coverage': [ '1.0.1' ],
94 silly audit   'concat-map': [ '0.0.1' ],
94 silly audit   'cross-spawn': [ '7.0.3' ],
94 silly audit   debug: [ '4.3.4' ],
94 silly audit   dedent: [ '0.7.0' ],
94 silly audit   deepmerge: [ '4.2.2' ],
94 silly audit   'detect-newline': [ '3.1.0' ],
94 silly audit   'diff-sequences': [ '29.3.1' ],
94 silly audit   'electron-to-chromium': [ '1.4.284' ],
94 silly audit   emittery: [ '0.13.1' ],
94 silly audit   'emoji-regex': [ '8.0.0' ],
94 silly audit   'error-ex': [ '1.3.2' ],
94 silly audit   escalade: [ '3.1.1' ],
94 silly audit   esprima: [ '4.0.1' ],
94 silly audit   execa: [ '5.1.1' ],
94 silly audit   exit: [ '0.1.2' ],
94 silly audit   expect: [ '29.3.1' ],
94 silly audit   'fast-json-stable-stringify': [ '2.1.0' ],
94 silly audit   'fb-watchman': [ '2.0.2' ],
94 silly audit   'fill-range': [ '7.0.1' ],
94 silly audit   'find-up': [ '4.1.0' ],
94 silly audit   'fs.realpath': [ '1.0.0' ],
94 silly audit   fsevents: [ '2.3.2' ],
94 silly audit   'function-bind': [ '1.1.1' ],
94 silly audit   gensync: [ '1.0.0-beta.2' ],
94 silly audit   'get-caller-file': [ '2.0.5' ],
94 silly audit   'get-package-type': [ '0.1.0' ],
94 silly audit   'get-stream': [ '6.0.1' ],
94 silly audit   glob: [ '7.2.3' ],
94 silly audit   globals: [ '11.12.0' ],
94 silly audit   'graceful-fs': [ '4.2.10' ],
94 silly audit   has: [ '1.0.3' ],
94 silly audit   'html-escaper': [ '2.0.2' ],
94 silly audit   'human-signals': [ '2.1.0' ],
94 silly audit   'import-local': [ '3.1.0' ],
94 silly audit   imurmurhash: [ '0.1.4' ],
94 silly audit   inflight: [ '1.0.6' ],
94 silly audit   inherits: [ '2.0.4' ],
94 silly audit   'is-arrayish': [ '0.2.1' ],
94 silly audit   'is-core-module': [ '2.11.0' ],
94 silly audit   'is-fullwidth-code-point': [ '3.0.0' ],
94 silly audit   'is-generator-fn': [ '2.1.0' ],
94 silly audit   'is-number': [ '7.0.0' ],
94 silly audit   'is-stream': [ '2.0.1' ],
94 silly audit   isexe: [ '2.0.0' ],
94 silly audit   'istanbul-lib-coverage': [ '3.2.0' ],
94 silly audit   'istanbul-lib-instrument': [ '5.2.1' ],
94 silly audit   'istanbul-lib-report': [ '3.0.0' ],
94 silly audit   'istanbul-lib-source-maps': [ '4.0.1' ],
94 silly audit   'istanbul-reports': [ '3.1.5' ],
94 silly audit   'jest-changed-files': [ '29.2.0' ],
94 silly audit   'jest-circus': [ '29.3.1' ],
94 silly audit   'jest-cli': [ '29.3.1' ],
94 silly audit   'jest-config': [ '29.3.1' ],
94 silly audit   'jest-diff': [ '29.3.1' ],
94 silly audit   'jest-docblock': [ '29.2.0' ],
94 silly audit   'jest-each': [ '29.3.1' ],
94 silly audit   'jest-environment-node': [ '29.3.1' ],
94 silly audit   'jest-get-type': [ '29.2.0' ],
94 silly audit   'jest-haste-map': [ '29.3.1' ],
94 silly audit   'jest-leak-detector': [ '29.3.1' ],
94 silly audit   'jest-matcher-utils': [ '29.3.1' ],
94 silly audit   'jest-message-util': [ '29.3.1' ],
94 silly audit   'jest-mock': [ '29.3.1' ],
94 silly audit   'jest-pnp-resolver': [ '1.2.3' ],
94 silly audit   'jest-regex-util': [ '29.2.0' ],
94 silly audit   'jest-resolve': [ '29.3.1' ],
94 silly audit   'jest-resolve-dependencies': [ '29.3.1' ],
94 silly audit   'jest-runner': [ '29.3.1' ],
94 silly audit   'jest-runtime': [ '29.3.1' ],
94 silly audit   'jest-snapshot': [ '29.3.1' ],
94 silly audit   semver: [ '7.3.8', '6.3.0' ],
94 silly audit   'jest-util': [ '29.3.1' ],
94 silly audit   'jest-validate': [ '29.3.1' ],
94 silly audit   'jest-watcher': [ '29.3.1' ],
94 silly audit   'jest-worker': [ '29.3.1' ],
94 silly audit   'js-tokens': [ '4.0.0' ],
94 silly audit   'js-yaml': [ '3.14.1' ],
94 silly audit   jsesc: [ '2.5.2' ],
94 silly audit   'json-parse-even-better-errors': [ '2.3.1' ],
94 silly audit   json5: [ '2.2.1' ],
94 silly audit   kleur: [ '3.0.3' ],
94 silly audit   leven: [ '3.1.0' ],
94 silly audit   'lines-and-columns': [ '1.2.4' ],
94 silly audit   'locate-path': [ '5.0.0' ],
94 silly audit   lodash: [ '4.17.21' ],
94 silly audit   'lru-cache': [ '6.0.0' ],
94 silly audit   'make-dir': [ '3.1.0' ],
94 silly audit   makeerror: [ '1.0.12' ],
94 silly audit   'merge-stream': [ '2.0.0' ],
94 silly audit   micromatch: [ '4.0.5' ],
94 silly audit   'mimic-fn': [ '2.1.0' ],
94 silly audit   minimatch: [ '3.1.2' ],
94 silly audit   ms: [ '2.1.2' ],
94 silly audit   'natural-compare': [ '1.4.0' ],
94 silly audit   'node-int64': [ '0.4.0' ],
94 silly audit   'node-releases': [ '2.0.6' ],
94 silly audit   'normalize-path': [ '3.0.0' ],
94 silly audit   'npm-run-path': [ '4.0.1' ],
94 silly audit   once: [ '1.4.0' ],
94 silly audit   onetime: [ '5.1.2' ],
94 silly audit   'p-limit': [ '3.1.0', '2.3.0' ],
94 silly audit   'p-locate': [ '4.1.0' ],
94 silly audit   'p-try': [ '2.2.0' ],
94 silly audit   'parse-json': [ '5.2.0' ],
94 silly audit   'path-exists': [ '4.0.0' ],
94 silly audit   'path-is-absolute': [ '1.0.1' ],
94 silly audit   'path-key': [ '3.1.1' ],
94 silly audit   'path-parse': [ '1.0.7' ],
94 silly audit   picocolors: [ '1.0.0' ],
94 silly audit   picomatch: [ '2.3.1' ],
94 silly audit   pirates: [ '4.0.5' ],
94 silly audit   'pkg-dir': [ '4.2.0' ],
94 silly audit   'pretty-format': [ '29.3.1' ],
94 silly audit   prompts: [ '2.4.2' ],
94 silly audit   'react-is': [ '18.2.0' ],
94 silly audit   'require-directory': [ '2.1.1' ],
94 silly audit   resolve: [ '1.22.1' ],
94 silly audit   'resolve-cwd': [ '3.0.0' ],
94 silly audit   'resolve-from': [ '5.0.0' ],
94 silly audit   'resolve.exports': [ '1.1.0' ],
94 silly audit   'shebang-command': [ '2.0.0' ],
94 silly audit   'shebang-regex': [ '3.0.0' ],
94 silly audit   'signal-exit': [ '3.0.7' ],
94 silly audit   sisteransi: [ '1.0.5' ],
94 silly audit   slash: [ '3.0.0' ],
94 silly audit   'source-map': [ '0.6.1' ],
94 silly audit   'source-map-support': [ '0.5.13' ],
94 silly audit   'sprintf-js': [ '1.0.3' ],
94 silly audit   'stack-utils': [ '2.0.6' ],
94 silly audit   'string-length': [ '4.0.2' ],
94 silly audit   'string-width': [ '4.2.3' ],
94 silly audit   'strip-ansi': [ '6.0.1' ],
94 silly audit   'strip-bom': [ '4.0.0' ],
94 silly audit   'strip-final-newline': [ '2.0.0' ],
94 silly audit   'strip-json-comments': [ '3.1.1' ],
94 silly audit   'supports-preserve-symlinks-flag': [ '1.0.0' ],
94 silly audit   'test-exclude': [ '6.0.0' ],
94 silly audit   tmpl: [ '1.0.5' ],
94 silly audit   'to-fast-properties': [ '2.0.0' ],
94 silly audit   'to-regex-range': [ '5.0.1' ],
94 silly audit   'type-detect': [ '4.0.8' ],
94 silly audit   'type-fest': [ '0.21.3' ],
94 silly audit   'update-browserslist-db': [ '1.0.10' ],
94 silly audit   'v8-to-istanbul': [ '9.0.1' ],
94 silly audit   walker: [ '1.0.8' ],
94 silly audit   which: [ '2.0.2' ],
94 silly audit   'wrap-ansi': [ '7.0.0' ],
94 silly audit   wrappy: [ '1.0.2' ],
94 silly audit   'write-file-atomic': [ '4.0.2' ],
94 silly audit   y18n: [ '5.0.8' ],
94 silly audit   yallist: [ '4.0.0' ],
94 silly audit   yargs: [ '17.6.2' ],
94 silly audit   'yargs-parser': [ '21.1.1' ],
94 silly audit   'yocto-queue': [ '0.1.0' ],
94 silly audit   jest: [ '29.3.1' ]
94 silly audit }
95 verbose reify failed optional dependency /home/sweetsk8er/hexlet-hello-world/node_modules/fsevents
96 silly reify mark deleted [ '/home/sweetsk8er/hexlet-hello-world/node_modules/fsevents' ]
97 timing reifyNode:node_modules/fsevents Completed in 2ms
98 timing reify:unpack Completed in 2ms
99 timing reify:unretire Completed in 0ms
100 timing build:queue Completed in 1ms
101 timing build:deps Completed in 2ms
102 timing build Completed in 2ms
103 timing reify:build Completed in 2ms
104 timing reify:trash Completed in 1ms
105 timing reify:save Completed in 61ms
106 http fetch POST 200 https://registry.npmjs.org/-/npm/v1/security/advisories/bulk 693ms
107 timing auditReport:getReport Completed in 697ms
108 silly audit report {}
109 timing auditReport:init Completed in 0ms
110 timing reify:audit Completed in 698ms
111 timing reify Completed in 1345ms
112 silly ADD
113 timing command:install Completed in 1353ms
114 verbose exit 0
115 timing npm Completed in 1539ms
116 info ok
