0 verbose cli [
0 verbose cli   '/usr/bin/node',
0 verbose cli   '/usr/bin/npm',
0 verbose cli   'install',
0 verbose cli   '-D',
0 verbose cli   'eslint-config-airbnb-base@latest',
0 verbose cli   'eslint@^7.32.0 || ^8.2.0',
0 verbose cli   'eslint-plugin-import@^2.25.2'
0 verbose cli ]
1 info using npm@8.5.1
2 info using node@v12.22.9
3 timing npm:load:whichnode Completed in 1ms
4 timing config:load:defaults Completed in 1ms
5 timing config:load:file:/usr/share/nodejs/npm/npmrc Completed in 2ms
6 timing config:load:builtin Completed in 2ms
7 timing config:load:cli Completed in 2ms
8 timing config:load:env Completed in 1ms
9 timing config:load:file:/home/sweetsk8er/hexlet-hello-world/.npmrc Completed in 1ms
10 timing config:load:project Completed in 2ms
11 timing config:load:file:/home/sweetsk8er/.npmrc Completed in 0ms
12 timing config:load:user Completed in 0ms
13 timing config:load:file:/etc/npmrc Completed in 0ms
14 timing config:load:global Completed in 0ms
15 timing config:load:validate Completed in 1ms
16 timing config:load:credentials Completed in 0ms
17 timing config:load:setEnvs Completed in 1ms
18 timing config:load Completed in 10ms
19 timing npm:load:configload Completed in 10ms
20 timing npm:load:setTitle Completed in 1ms
21 timing config:load:flatten Completed in 2ms
22 timing npm:load:display Completed in 4ms
23 verbose logfile /home/sweetsk8er/.npm/_logs/2022-12-09T11_38_30_910Z-debug-0.log
24 timing npm:load:logFile Completed in 4ms
25 timing npm:load:timers Completed in 0ms
26 timing npm:load:configScope Completed in 0ms
27 timing npm:load Completed in 20ms
28 timing arborist:ctor Completed in 0ms
29 silly logfile start cleaning logs, removing 1 files
30 timing idealTree:init Completed in 440ms
31 timing arborist:ctor Completed in 0ms
32 http fetch GET 200 https://registry.npmjs.org/eslint-config-airbnb-base 405ms (cache miss)
33 timing idealTree:userRequests Completed in 410ms
34 silly idealTree buildDeps
35 silly fetch manifest eslint@^7.32.0 || ^8.2.0
36 http fetch GET 200 https://registry.npmjs.org/eslint 168ms (cache miss)
37 silly fetch manifest eslint-config-airbnb-base@15.0.0
38 silly fetch manifest eslint-plugin-import@^2.25.2
39 http fetch GET 200 https://registry.npmjs.org/eslint-plugin-import 98ms (cache miss)
40 silly placeDep ROOT eslint@8.29.0 REPLACE for: hexlet-hello-world@1.0.0 want: ^7.32.0 || ^8.2.0
41 silly placeDep ROOT eslint-config-airbnb-base@15.0.0 OK for: hexlet-hello-world@1.0.0 want: 15.0.0
42 silly placeDep ROOT eslint-plugin-import@2.26.0 OK for: eslint-config-airbnb-base@15.0.0 want: ^2.25.2
43 silly placeDep ROOT eslint-plugin-import@2.26.0 REPLACE for: hexlet-hello-world@1.0.0 want: ^2.25.2
44 silly fetch manifest confusing-browser-globals@^1.0.10
45 silly fetch manifest object.entries@^1.1.5
46 silly fetch manifest eslint@^2 || ^3 || ^4 || ^5 || ^6 || ^7.2.0 || ^8
47 silly fetch manifest array-includes@^3.1.4
48 silly fetch manifest array.prototype.flat@^1.2.5
49 silly fetch manifest debug@^2.6.9
50 silly fetch manifest doctrine@^2.1.0
51 silly fetch manifest eslint-import-resolver-node@^0.3.6
52 silly fetch manifest eslint-module-utils@^2.7.3
53 silly fetch manifest has@^1.0.3
54 silly fetch manifest is-core-module@^2.8.1
55 silly fetch manifest is-glob@^4.0.3
56 silly fetch manifest minimatch@^3.1.2
57 silly fetch manifest object.values@^1.1.5
58 silly fetch manifest resolve@^1.22.0
59 silly fetch manifest tsconfig-paths@^3.14.1
60 http fetch GET 200 https://registry.npmjs.org/confusing-browser-globals 77ms (cache miss)
61 http fetch GET 200 https://registry.npmjs.org/array-includes 101ms (cache miss)
62 http fetch GET 200 https://registry.npmjs.org/eslint-import-resolver-node 100ms (cache miss)
63 http fetch GET 200 https://registry.npmjs.org/eslint-module-utils 103ms (cache miss)
64 http fetch GET 200 https://registry.npmjs.org/object.entries 111ms (cache miss)
65 http fetch GET 200 https://registry.npmjs.org/is-glob 106ms (cache miss)
66 http fetch GET 200 https://registry.npmjs.org/is-core-module 143ms (cache miss)
67 http fetch GET 200 https://registry.npmjs.org/array.prototype.flat 147ms (cache miss)
68 http fetch GET 200 https://registry.npmjs.org/minimatch 143ms (cache miss)
69 http fetch GET 200 https://registry.npmjs.org/debug 151ms (cache miss)
70 http fetch GET 200 https://registry.npmjs.org/has 158ms (cache miss)
71 http fetch GET 200 https://registry.npmjs.org/object.values 156ms (cache miss)
72 http fetch GET 200 https://registry.npmjs.org/doctrine 161ms (cache miss)
73 http fetch GET 200 https://registry.npmjs.org/resolve 159ms (cache miss)
74 http fetch GET 200 https://registry.npmjs.org/tsconfig-paths 326ms (cache miss)
75 timing idealTree:#root Completed in 636ms
76 timing idealTree:node_modules/eslint Completed in 0ms
77 silly placeDep ROOT confusing-browser-globals@1.0.11 OK for: eslint-config-airbnb-base@15.0.0 want: ^1.0.10
78 silly placeDep ROOT object.entries@1.1.6 OK for: eslint-config-airbnb-base@15.0.0 want: ^1.1.5
79 silly fetch manifest es-abstract@^1.20.4
80 http fetch GET 200 https://registry.npmjs.org/es-abstract 60ms (cache miss)
81 timing idealTree:node_modules/eslint-config-airbnb-base Completed in 64ms
82 timing idealTree:node_modules/confusing-browser-globals Completed in 0ms
83 silly placeDep ROOT array-includes@3.1.6 OK for: eslint-plugin-import@2.26.0 want: ^3.1.4
84 silly placeDep ROOT array.prototype.flat@1.3.1 OK for: eslint-plugin-import@2.26.0 want: ^1.2.5
85 silly placeDep node_modules/eslint-plugin-import debug@2.6.9 OK for: eslint-plugin-import@2.26.0 want: ^2.6.9
86 silly placeDep node_modules/eslint-plugin-import doctrine@2.1.0 OK for: eslint-plugin-import@2.26.0 want: ^2.1.0
87 silly placeDep ROOT eslint-import-resolver-node@0.3.6 OK for: eslint-plugin-import@2.26.0 want: ^0.3.6
88 silly placeDep ROOT eslint-module-utils@2.7.4 OK for: eslint-plugin-import@2.26.0 want: ^2.7.3
89 silly placeDep ROOT object.values@1.1.6 OK for: eslint-plugin-import@2.26.0 want: ^1.1.5
90 silly placeDep ROOT tsconfig-paths@3.14.1 OK for: eslint-plugin-import@2.26.0 want: ^3.14.1
91 silly fetch manifest is-string@^1.0.7
92 silly fetch manifest es-shim-unscopables@^1.0.0
93 silly fetch manifest ms@2.0.0
94 silly fetch manifest debug@^3.2.7
95 silly fetch manifest @types/json5@^0.0.29
96 silly fetch manifest json5@^1.0.1
97 silly fetch manifest minimist@^1.2.6
98 silly fetch manifest strip-bom@^3.0.0
99 http fetch GET 200 https://registry.npmjs.org/ms 45ms (cache miss)
100 http fetch GET 200 https://registry.npmjs.org/strip-bom 44ms (cache miss)
101 http fetch GET 200 https://registry.npmjs.org/es-shim-unscopables 50ms (cache miss)
102 http fetch GET 200 https://registry.npmjs.org/minimist 50ms (cache miss)
103 http fetch GET 200 https://registry.npmjs.org/json5 52ms (cache miss)
104 http fetch GET 200 https://registry.npmjs.org/is-string 61ms (cache miss)
105 http fetch GET 200 https://registry.npmjs.org/@types%2fjson5 68ms (cache miss)
106 timing idealTree:node_modules/eslint-plugin-import Completed in 87ms
107 silly placeDep ROOT es-abstract@1.20.5 OK for: array-includes@3.1.6 want: ^1.20.4
108 silly placeDep ROOT is-string@1.0.7 OK for: array-includes@3.1.6 want: ^1.0.7
109 silly fetch manifest es-to-primitive@^1.2.1
110 silly fetch manifest function.prototype.name@^1.1.5
111 silly fetch manifest get-symbol-description@^1.0.0
112 silly fetch manifest gopd@^1.0.1
113 silly fetch manifest internal-slot@^1.0.3
114 silly fetch manifest is-callable@^1.2.7
115 silly fetch manifest is-negative-zero@^2.0.2
116 silly fetch manifest is-regex@^1.1.4
117 silly fetch manifest is-shared-array-buffer@^1.0.2
118 silly fetch manifest is-weakref@^1.0.2
119 silly fetch manifest object-inspect@^1.12.2
120 silly fetch manifest regexp.prototype.flags@^1.4.3
121 silly fetch manifest safe-regex-test@^1.0.0
122 silly fetch manifest string.prototype.trimend@^1.0.6
123 silly fetch manifest string.prototype.trimstart@^1.0.6
124 silly fetch manifest unbox-primitive@^1.0.2
125 silly fetch manifest has-tostringtag@^1.0.0
126 http fetch GET 200 https://registry.npmjs.org/is-negative-zero 73ms (cache miss)
127 http fetch GET 200 https://registry.npmjs.org/gopd 75ms (cache miss)
128 http fetch GET 200 https://registry.npmjs.org/is-weakref 75ms (cache miss)
129 http fetch GET 200 https://registry.npmjs.org/internal-slot 77ms (cache miss)
130 http fetch GET 200 https://registry.npmjs.org/es-to-primitive 78ms (cache miss)
131 http fetch GET 200 https://registry.npmjs.org/string.prototype.trimend 74ms (cache miss)
132 http fetch GET 200 https://registry.npmjs.org/is-callable 85ms (cache miss)
133 http fetch GET 200 https://registry.npmjs.org/get-symbol-description 88ms (cache miss)
134 http fetch GET 200 https://registry.npmjs.org/is-regex 86ms (cache miss)
135 http fetch GET 200 https://registry.npmjs.org/object-inspect 85ms (cache miss)
136 http fetch GET 200 https://registry.npmjs.org/regexp.prototype.flags 85ms (cache miss)
137 http fetch GET 200 https://registry.npmjs.org/safe-regex-test 85ms (cache miss)
138 http fetch GET 200 https://registry.npmjs.org/function.prototype.name 91ms (cache miss)
139 http fetch GET 200 https://registry.npmjs.org/string.prototype.trimstart 84ms (cache miss)
140 http fetch GET 200 https://registry.npmjs.org/unbox-primitive 85ms (cache miss)
141 http fetch GET 200 https://registry.npmjs.org/has-tostringtag 85ms (cache miss)
142 http fetch GET 200 https://registry.npmjs.org/is-shared-array-buffer 89ms (cache miss)
143 timing idealTree:node_modules/array-includes Completed in 96ms
144 silly placeDep ROOT es-shim-unscopables@1.0.0 OK for: array.prototype.flat@1.3.1 want: ^1.0.0
145 timing idealTree:node_modules/array.prototype.flat Completed in 2ms
146 silly placeDep ROOT es-to-primitive@1.2.1 OK for: es-abstract@1.20.5 want: ^1.2.1
147 silly placeDep ROOT function.prototype.name@1.1.5 OK for: es-abstract@1.20.5 want: ^1.1.5
148 silly placeDep ROOT get-symbol-description@1.0.0 OK for: es-abstract@1.20.5 want: ^1.0.0
149 silly placeDep ROOT gopd@1.0.1 OK for: es-abstract@1.20.5 want: ^1.0.1
150 silly placeDep ROOT internal-slot@1.0.3 OK for: es-abstract@1.20.5 want: ^1.0.3
151 silly placeDep ROOT is-callable@1.2.7 OK for: es-abstract@1.20.5 want: ^1.2.7
152 silly placeDep ROOT is-negative-zero@2.0.2 OK for: es-abstract@1.20.5 want: ^2.0.2
153 silly placeDep ROOT is-regex@1.1.4 OK for: es-abstract@1.20.5 want: ^1.1.4
154 silly placeDep ROOT is-shared-array-buffer@1.0.2 OK for: es-abstract@1.20.5 want: ^1.0.2
155 silly placeDep ROOT is-weakref@1.0.2 OK for: es-abstract@1.20.5 want: ^1.0.2
156 silly placeDep ROOT object-inspect@1.12.2 OK for: es-abstract@1.20.5 want: ^1.12.2
157 silly placeDep ROOT regexp.prototype.flags@1.4.3 OK for: es-abstract@1.20.5 want: ^1.4.3
158 silly placeDep ROOT safe-regex-test@1.0.0 OK for: es-abstract@1.20.5 want: ^1.0.0
159 silly placeDep ROOT string.prototype.trimend@1.0.6 OK for: es-abstract@1.20.5 want: ^1.0.6
160 silly placeDep ROOT string.prototype.trimstart@1.0.6 OK for: es-abstract@1.20.5 want: ^1.0.6
161 silly placeDep ROOT unbox-primitive@1.0.2 OK for: es-abstract@1.20.5 want: ^1.0.2
162 silly fetch manifest is-date-object@^1.0.1
163 silly fetch manifest is-symbol@^1.0.2
164 silly fetch manifest functions-have-names@^1.2.2
165 silly fetch manifest side-channel@^1.0.4
166 silly fetch manifest has-bigints@^1.0.2
167 silly fetch manifest which-boxed-primitive@^1.0.2
168 http fetch GET 200 https://registry.npmjs.org/which-boxed-primitive 29ms (cache miss)
169 http fetch GET 200 https://registry.npmjs.org/functions-have-names 35ms (cache miss)
170 http fetch GET 200 https://registry.npmjs.org/is-date-object 38ms (cache miss)
171 http fetch GET 200 https://registry.npmjs.org/side-channel 36ms (cache miss)
172 http fetch GET 200 https://registry.npmjs.org/has-bigints 41ms (cache miss)
173 http fetch GET 200 https://registry.npmjs.org/is-symbol 52ms (cache miss)
174 timing idealTree:node_modules/es-abstract Completed in 81ms
175 timing idealTree:node_modules/es-shim-unscopables Completed in 0ms
176 silly placeDep ROOT is-date-object@1.0.5 OK for: es-to-primitive@1.2.1 want: ^1.0.1
177 silly placeDep ROOT is-symbol@1.0.4 OK for: es-to-primitive@1.2.1 want: ^1.0.2
178 timing idealTree:node_modules/es-to-primitive Completed in 2ms
179 silly placeDep node_modules/eslint-import-resolver-node debug@3.2.7 OK for: eslint-import-resolver-node@0.3.6 want: ^3.2.7
180 timing idealTree:node_modules/eslint-import-resolver-node Completed in 1ms
181 silly placeDep node_modules/eslint-module-utils debug@3.2.7 OK for: eslint-module-utils@2.7.4 want: ^3.2.7
182 timing idealTree:node_modules/eslint-module-utils Completed in 1ms
183 silly placeDep ROOT functions-have-names@1.2.3 OK for: function.prototype.name@1.1.5 want: ^1.2.2
184 timing idealTree:node_modules/function.prototype.name Completed in 2ms
185 timing idealTree:node_modules/functions-have-names Completed in 0ms
186 timing idealTree:node_modules/get-symbol-description Completed in 0ms
187 timing idealTree:node_modules/gopd Completed in 0ms
188 silly placeDep ROOT side-channel@1.0.4 OK for: internal-slot@1.0.3 want: ^1.0.4
189 timing idealTree:node_modules/internal-slot Completed in 1ms
190 timing idealTree:node_modules/is-callable Completed in 0ms
191 silly placeDep ROOT has-tostringtag@1.0.0 OK for: is-date-object@1.0.5 want: ^1.0.0
192 timing idealTree:node_modules/is-date-object Completed in 2ms
193 timing idealTree:node_modules/has-tostringtag Completed in 0ms
194 timing idealTree:node_modules/is-negative-zero Completed in 0ms
195 timing idealTree:node_modules/is-regex Completed in 0ms
196 timing idealTree:node_modules/is-shared-array-buffer Completed in 0ms
197 timing idealTree:node_modules/is-string Completed in 0ms
198 timing idealTree:node_modules/is-symbol Completed in 0ms
199 timing idealTree:node_modules/is-weakref Completed in 0ms
200 timing idealTree:node_modules/object-inspect Completed in 0ms
201 timing idealTree:node_modules/object.entries Completed in 0ms
202 timing idealTree:node_modules/object.values Completed in 0ms
203 timing idealTree:node_modules/regexp.prototype.flags Completed in 0ms
204 timing idealTree:node_modules/safe-regex-test Completed in 0ms
205 timing idealTree:node_modules/side-channel Completed in 0ms
206 timing idealTree:node_modules/string.prototype.trimend Completed in 0ms
207 timing idealTree:node_modules/string.prototype.trimstart Completed in 0ms
208 silly placeDep ROOT @types/json5@0.0.29 OK for: tsconfig-paths@3.14.1 want: ^0.0.29
209 silly placeDep node_modules/tsconfig-paths json5@1.0.1 OK for: tsconfig-paths@3.14.1 want: ^1.0.1
210 silly placeDep ROOT minimist@1.2.7 OK for: tsconfig-paths@3.14.1 want: ^1.2.6
211 silly placeDep node_modules/tsconfig-paths strip-bom@3.0.0 OK for: tsconfig-paths@3.14.1 want: ^3.0.0
212 timing idealTree:node_modules/tsconfig-paths Completed in 6ms
213 timing idealTree:node_modules/@types/json5 Completed in 0ms
214 timing idealTree:node_modules/minimist Completed in 0ms
215 silly placeDep ROOT has-bigints@1.0.2 OK for: unbox-primitive@1.0.2 want: ^1.0.2
216 silly placeDep ROOT which-boxed-primitive@1.0.2 OK for: unbox-primitive@1.0.2 want: ^1.0.2
217 silly fetch manifest is-bigint@^1.0.1
218 silly fetch manifest is-boolean-object@^1.1.0
219 silly fetch manifest is-number-object@^1.0.4
220 http fetch GET 200 https://registry.npmjs.org/is-number-object 36ms (cache miss)
221 http fetch GET 200 https://registry.npmjs.org/is-bigint 41ms (cache miss)
222 http fetch GET 200 https://registry.npmjs.org/is-boolean-object 48ms (cache miss)
223 timing idealTree:node_modules/unbox-primitive Completed in 54ms
224 timing idealTree:node_modules/has-bigints Completed in 0ms
225 silly placeDep ROOT is-bigint@1.0.4 OK for: which-boxed-primitive@1.0.2 want: ^1.0.1
226 silly placeDep ROOT is-boolean-object@1.1.2 OK for: which-boxed-primitive@1.0.2 want: ^1.1.0
227 silly placeDep ROOT is-number-object@1.0.7 OK for: which-boxed-primitive@1.0.2 want: ^1.0.4
228 timing idealTree:node_modules/which-boxed-primitive Completed in 4ms
229 timing idealTree:node_modules/is-bigint Completed in 0ms
230 timing idealTree:node_modules/is-boolean-object Completed in 0ms
231 timing idealTree:node_modules/is-number-object Completed in 0ms
232 timing idealTree:node_modules/eslint-import-resolver-node/node_modules/debug Completed in 0ms
233 timing idealTree:node_modules/eslint-module-utils/node_modules/debug Completed in 0ms
234 silly placeDep node_modules/eslint-plugin-import ms@2.0.0 OK for: debug@2.6.9 want: 2.0.0
235 timing idealTree:node_modules/eslint-plugin-import/node_modules/debug Completed in 1ms
236 timing idealTree:node_modules/eslint-plugin-import/node_modules/doctrine Completed in 0ms
237 timing idealTree:node_modules/eslint-plugin-import/node_modules/ms Completed in 0ms
238 timing idealTree:node_modules/tsconfig-paths/node_modules/json5 Completed in 0ms
239 timing idealTree:node_modules/tsconfig-paths/node_modules/strip-bom Completed in 0ms
240 timing idealTree:buildDeps Completed in 1042ms
241 timing idealTree:fixDepFlags Completed in 8ms
242 warn EBADENGINE Unsupported engine {
242 warn EBADENGINE   package: '@jest/console@29.3.1',
242 warn EBADENGINE   required: { node: '^14.15.0 || ^16.10.0 || >=18.0.0' },
242 warn EBADENGINE   current: { node: 'v12.22.9', npm: '8.5.1' }
242 warn EBADENGINE }
243 warn EBADENGINE Unsupported engine {
243 warn EBADENGINE   package: '@jest/core@29.3.1',
243 warn EBADENGINE   required: { node: '^14.15.0 || ^16.10.0 || >=18.0.0' },
243 warn EBADENGINE   current: { node: 'v12.22.9', npm: '8.5.1' }
243 warn EBADENGINE }
244 warn EBADENGINE Unsupported engine {
244 warn EBADENGINE   package: '@jest/environment@29.3.1',
244 warn EBADENGINE   required: { node: '^14.15.0 || ^16.10.0 || >=18.0.0' },
244 warn EBADENGINE   current: { node: 'v12.22.9', npm: '8.5.1' }
244 warn EBADENGINE }
245 warn EBADENGINE Unsupported engine {
245 warn EBADENGINE   package: '@jest/expect@29.3.1',
245 warn EBADENGINE   required: { node: '^14.15.0 || ^16.10.0 || >=18.0.0' },
245 warn EBADENGINE   current: { node: 'v12.22.9', npm: '8.5.1' }
245 warn EBADENGINE }
246 warn EBADENGINE Unsupported engine {
246 warn EBADENGINE   package: '@jest/expect-utils@29.3.1',
246 warn EBADENGINE   required: { node: '^14.15.0 || ^16.10.0 || >=18.0.0' },
246 warn EBADENGINE   current: { node: 'v12.22.9', npm: '8.5.1' }
246 warn EBADENGINE }
247 warn EBADENGINE Unsupported engine {
247 warn EBADENGINE   package: '@jest/fake-timers@29.3.1',
247 warn EBADENGINE   required: { node: '^14.15.0 || ^16.10.0 || >=18.0.0' },
247 warn EBADENGINE   current: { node: 'v12.22.9', npm: '8.5.1' }
247 warn EBADENGINE }
248 warn EBADENGINE Unsupported engine {
248 warn EBADENGINE   package: '@jest/globals@29.3.1',
248 warn EBADENGINE   required: { node: '^14.15.0 || ^16.10.0 || >=18.0.0' },
248 warn EBADENGINE   current: { node: 'v12.22.9', npm: '8.5.1' }
248 warn EBADENGINE }
249 warn EBADENGINE Unsupported engine {
249 warn EBADENGINE   package: '@jest/reporters@29.3.1',
249 warn EBADENGINE   required: { node: '^14.15.0 || ^16.10.0 || >=18.0.0' },
249 warn EBADENGINE   current: { node: 'v12.22.9', npm: '8.5.1' }
249 warn EBADENGINE }
250 warn EBADENGINE Unsupported engine {
250 warn EBADENGINE   package: '@jest/schemas@29.0.0',
250 warn EBADENGINE   required: { node: '^14.15.0 || ^16.10.0 || >=18.0.0' },
250 warn EBADENGINE   current: { node: 'v12.22.9', npm: '8.5.1' }
250 warn EBADENGINE }
251 warn EBADENGINE Unsupported engine {
251 warn EBADENGINE   package: '@jest/source-map@29.2.0',
251 warn EBADENGINE   required: { node: '^14.15.0 || ^16.10.0 || >=18.0.0' },
251 warn EBADENGINE   current: { node: 'v12.22.9', npm: '8.5.1' }
251 warn EBADENGINE }
252 warn EBADENGINE Unsupported engine {
252 warn EBADENGINE   package: '@jest/test-result@29.3.1',
252 warn EBADENGINE   required: { node: '^14.15.0 || ^16.10.0 || >=18.0.0' },
252 warn EBADENGINE   current: { node: 'v12.22.9', npm: '8.5.1' }
252 warn EBADENGINE }
253 warn EBADENGINE Unsupported engine {
253 warn EBADENGINE   package: '@jest/test-sequencer@29.3.1',
253 warn EBADENGINE   required: { node: '^14.15.0 || ^16.10.0 || >=18.0.0' },
253 warn EBADENGINE   current: { node: 'v12.22.9', npm: '8.5.1' }
253 warn EBADENGINE }
254 warn EBADENGINE Unsupported engine {
254 warn EBADENGINE   package: '@jest/transform@29.3.1',
254 warn EBADENGINE   required: { node: '^14.15.0 || ^16.10.0 || >=18.0.0' },
254 warn EBADENGINE   current: { node: 'v12.22.9', npm: '8.5.1' }
254 warn EBADENGINE }
255 warn EBADENGINE Unsupported engine {
255 warn EBADENGINE   package: '@jest/types@29.3.1',
255 warn EBADENGINE   required: { node: '^14.15.0 || ^16.10.0 || >=18.0.0' },
255 warn EBADENGINE   current: { node: 'v12.22.9', npm: '8.5.1' }
255 warn EBADENGINE }
256 warn EBADENGINE Unsupported engine {
256 warn EBADENGINE   package: 'babel-jest@29.3.1',
256 warn EBADENGINE   required: { node: '^14.15.0 || ^16.10.0 || >=18.0.0' },
256 warn EBADENGINE   current: { node: 'v12.22.9', npm: '8.5.1' }
256 warn EBADENGINE }
257 warn EBADENGINE Unsupported engine {
257 warn EBADENGINE   package: 'babel-plugin-jest-hoist@29.2.0',
257 warn EBADENGINE   required: { node: '^14.15.0 || ^16.10.0 || >=18.0.0' },
257 warn EBADENGINE   current: { node: 'v12.22.9', npm: '8.5.1' }
257 warn EBADENGINE }
258 warn EBADENGINE Unsupported engine {
258 warn EBADENGINE   package: 'babel-preset-jest@29.2.0',
258 warn EBADENGINE   required: { node: '^14.15.0 || ^16.10.0 || >=18.0.0' },
258 warn EBADENGINE   current: { node: 'v12.22.9', npm: '8.5.1' }
258 warn EBADENGINE }
259 warn EBADENGINE Unsupported engine {
259 warn EBADENGINE   package: 'diff-sequences@29.3.1',
259 warn EBADENGINE   required: { node: '^14.15.0 || ^16.10.0 || >=18.0.0' },
259 warn EBADENGINE   current: { node: 'v12.22.9', npm: '8.5.1' }
259 warn EBADENGINE }
260 warn EBADENGINE Unsupported engine {
260 warn EBADENGINE   package: 'expect@29.3.1',
260 warn EBADENGINE   required: { node: '^14.15.0 || ^16.10.0 || >=18.0.0' },
260 warn EBADENGINE   current: { node: 'v12.22.9', npm: '8.5.1' }
260 warn EBADENGINE }
261 warn EBADENGINE Unsupported engine {
261 warn EBADENGINE   package: 'jest@29.3.1',
261 warn EBADENGINE   required: { node: '^14.15.0 || ^16.10.0 || >=18.0.0' },
261 warn EBADENGINE   current: { node: 'v12.22.9', npm: '8.5.1' }
261 warn EBADENGINE }
262 warn EBADENGINE Unsupported engine {
262 warn EBADENGINE   package: 'jest-changed-files@29.2.0',
262 warn EBADENGINE   required: { node: '^14.15.0 || ^16.10.0 || >=18.0.0' },
262 warn EBADENGINE   current: { node: 'v12.22.9', npm: '8.5.1' }
262 warn EBADENGINE }
263 warn EBADENGINE Unsupported engine {
263 warn EBADENGINE   package: 'jest-circus@29.3.1',
263 warn EBADENGINE   required: { node: '^14.15.0 || ^16.10.0 || >=18.0.0' },
263 warn EBADENGINE   current: { node: 'v12.22.9', npm: '8.5.1' }
263 warn EBADENGINE }
264 warn EBADENGINE Unsupported engine {
264 warn EBADENGINE   package: 'jest-cli@29.3.1',
264 warn EBADENGINE   required: { node: '^14.15.0 || ^16.10.0 || >=18.0.0' },
264 warn EBADENGINE   current: { node: 'v12.22.9', npm: '8.5.1' }
264 warn EBADENGINE }
265 warn EBADENGINE Unsupported engine {
265 warn EBADENGINE   package: 'jest-config@29.3.1',
265 warn EBADENGINE   required: { node: '^14.15.0 || ^16.10.0 || >=18.0.0' },
265 warn EBADENGINE   current: { node: 'v12.22.9', npm: '8.5.1' }
265 warn EBADENGINE }
266 warn EBADENGINE Unsupported engine {
266 warn EBADENGINE   package: 'jest-diff@29.3.1',
266 warn EBADENGINE   required: { node: '^14.15.0 || ^16.10.0 || >=18.0.0' },
266 warn EBADENGINE   current: { node: 'v12.22.9', npm: '8.5.1' }
266 warn EBADENGINE }
267 warn EBADENGINE Unsupported engine {
267 warn EBADENGINE   package: 'jest-docblock@29.2.0',
267 warn EBADENGINE   required: { node: '^14.15.0 || ^16.10.0 || >=18.0.0' },
267 warn EBADENGINE   current: { node: 'v12.22.9', npm: '8.5.1' }
267 warn EBADENGINE }
268 warn EBADENGINE Unsupported engine {
268 warn EBADENGINE   package: 'jest-each@29.3.1',
268 warn EBADENGINE   required: { node: '^14.15.0 || ^16.10.0 || >=18.0.0' },
268 warn EBADENGINE   current: { node: 'v12.22.9', npm: '8.5.1' }
268 warn EBADENGINE }
269 warn EBADENGINE Unsupported engine {
269 warn EBADENGINE   package: 'jest-environment-node@29.3.1',
269 warn EBADENGINE   required: { node: '^14.15.0 || ^16.10.0 || >=18.0.0' },
269 warn EBADENGINE   current: { node: 'v12.22.9', npm: '8.5.1' }
269 warn EBADENGINE }
270 warn EBADENGINE Unsupported engine {
270 warn EBADENGINE   package: 'jest-get-type@29.2.0',
270 warn EBADENGINE   required: { node: '^14.15.0 || ^16.10.0 || >=18.0.0' },
270 warn EBADENGINE   current: { node: 'v12.22.9', npm: '8.5.1' }
270 warn EBADENGINE }
271 warn EBADENGINE Unsupported engine {
271 warn EBADENGINE   package: 'jest-haste-map@29.3.1',
271 warn EBADENGINE   required: { node: '^14.15.0 || ^16.10.0 || >=18.0.0' },
271 warn EBADENGINE   current: { node: 'v12.22.9', npm: '8.5.1' }
271 warn EBADENGINE }
272 warn EBADENGINE Unsupported engine {
272 warn EBADENGINE   package: 'jest-leak-detector@29.3.1',
272 warn EBADENGINE   required: { node: '^14.15.0 || ^16.10.0 || >=18.0.0' },
272 warn EBADENGINE   current: { node: 'v12.22.9', npm: '8.5.1' }
272 warn EBADENGINE }
273 warn EBADENGINE Unsupported engine {
273 warn EBADENGINE   package: 'jest-matcher-utils@29.3.1',
273 warn EBADENGINE   required: { node: '^14.15.0 || ^16.10.0 || >=18.0.0' },
273 warn EBADENGINE   current: { node: 'v12.22.9', npm: '8.5.1' }
273 warn EBADENGINE }
274 warn EBADENGINE Unsupported engine {
274 warn EBADENGINE   package: 'jest-message-util@29.3.1',
274 warn EBADENGINE   required: { node: '^14.15.0 || ^16.10.0 || >=18.0.0' },
274 warn EBADENGINE   current: { node: 'v12.22.9', npm: '8.5.1' }
274 warn EBADENGINE }
275 warn EBADENGINE Unsupported engine {
275 warn EBADENGINE   package: 'jest-mock@29.3.1',
275 warn EBADENGINE   required: { node: '^14.15.0 || ^16.10.0 || >=18.0.0' },
275 warn EBADENGINE   current: { node: 'v12.22.9', npm: '8.5.1' }
275 warn EBADENGINE }
276 warn EBADENGINE Unsupported engine {
276 warn EBADENGINE   package: 'jest-regex-util@29.2.0',
276 warn EBADENGINE   required: { node: '^14.15.0 || ^16.10.0 || >=18.0.0' },
276 warn EBADENGINE   current: { node: 'v12.22.9', npm: '8.5.1' }
276 warn EBADENGINE }
277 warn EBADENGINE Unsupported engine {
277 warn EBADENGINE   package: 'jest-resolve@29.3.1',
277 warn EBADENGINE   required: { node: '^14.15.0 || ^16.10.0 || >=18.0.0' },
277 warn EBADENGINE   current: { node: 'v12.22.9', npm: '8.5.1' }
277 warn EBADENGINE }
278 warn EBADENGINE Unsupported engine {
278 warn EBADENGINE   package: 'jest-resolve-dependencies@29.3.1',
278 warn EBADENGINE   required: { node: '^14.15.0 || ^16.10.0 || >=18.0.0' },
278 warn EBADENGINE   current: { node: 'v12.22.9', npm: '8.5.1' }
278 warn EBADENGINE }
279 warn EBADENGINE Unsupported engine {
279 warn EBADENGINE   package: 'jest-runner@29.3.1',
279 warn EBADENGINE   required: { node: '^14.15.0 || ^16.10.0 || >=18.0.0' },
279 warn EBADENGINE   current: { node: 'v12.22.9', npm: '8.5.1' }
279 warn EBADENGINE }
280 warn EBADENGINE Unsupported engine {
280 warn EBADENGINE   package: 'jest-runtime@29.3.1',
280 warn EBADENGINE   required: { node: '^14.15.0 || ^16.10.0 || >=18.0.0' },
280 warn EBADENGINE   current: { node: 'v12.22.9', npm: '8.5.1' }
280 warn EBADENGINE }
281 warn EBADENGINE Unsupported engine {
281 warn EBADENGINE   package: 'jest-snapshot@29.3.1',
281 warn EBADENGINE   required: { node: '^14.15.0 || ^16.10.0 || >=18.0.0' },
281 warn EBADENGINE   current: { node: 'v12.22.9', npm: '8.5.1' }
281 warn EBADENGINE }
282 warn EBADENGINE Unsupported engine {
282 warn EBADENGINE   package: 'jest-util@29.3.1',
282 warn EBADENGINE   required: { node: '^14.15.0 || ^16.10.0 || >=18.0.0' },
282 warn EBADENGINE   current: { node: 'v12.22.9', npm: '8.5.1' }
282 warn EBADENGINE }
283 warn EBADENGINE Unsupported engine {
283 warn EBADENGINE   package: 'jest-validate@29.3.1',
283 warn EBADENGINE   required: { node: '^14.15.0 || ^16.10.0 || >=18.0.0' },
283 warn EBADENGINE   current: { node: 'v12.22.9', npm: '8.5.1' }
283 warn EBADENGINE }
284 warn EBADENGINE Unsupported engine {
284 warn EBADENGINE   package: 'jest-watcher@29.3.1',
284 warn EBADENGINE   required: { node: '^14.15.0 || ^16.10.0 || >=18.0.0' },
284 warn EBADENGINE   current: { node: 'v12.22.9', npm: '8.5.1' }
284 warn EBADENGINE }
285 warn EBADENGINE Unsupported engine {
285 warn EBADENGINE   package: 'jest-worker@29.3.1',
285 warn EBADENGINE   required: { node: '^14.15.0 || ^16.10.0 || >=18.0.0' },
285 warn EBADENGINE   current: { node: 'v12.22.9', npm: '8.5.1' }
285 warn EBADENGINE }
286 warn EBADENGINE Unsupported engine {
286 warn EBADENGINE   package: 'pretty-format@29.3.1',
286 warn EBADENGINE   required: { node: '^14.15.0 || ^16.10.0 || >=18.0.0' },
286 warn EBADENGINE   current: { node: 'v12.22.9', npm: '8.5.1' }
286 warn EBADENGINE }
287 timing idealTree Completed in 1960ms
288 timing reify:loadTrees Completed in 1961ms
289 timing reify:diffTrees Completed in 16ms
290 silly reify moves {}
291 timing reify:retireShallow Completed in 0ms
292 timing reify:createSparse Completed in 14ms
293 timing reify:loadBundles Completed in 0ms
294 silly audit bulk request {
294 silly audit   '@ampproject/remapping': [ '2.2.0' ],
294 silly audit   '@babel/code-frame': [ '7.18.6' ],
294 silly audit   '@babel/compat-data': [ '7.20.5' ],
294 silly audit   '@babel/core': [ '7.20.5' ],
294 silly audit   'convert-source-map': [ '1.9.0', '2.0.0' ],
294 silly audit   '@babel/generator': [ '7.20.5' ],
294 silly audit   '@jridgewell/gen-mapping': [ '0.3.2', '0.1.1' ],
294 silly audit   '@babel/helper-compilation-targets': [ '7.20.0' ],
294 silly audit   '@babel/helper-environment-visitor': [ '7.18.9' ],
294 silly audit   '@babel/helper-function-name': [ '7.19.0' ],
294 silly audit   '@babel/helper-hoist-variables': [ '7.18.6' ],
294 silly audit   '@babel/helper-module-imports': [ '7.18.6' ],
294 silly audit   '@babel/helper-module-transforms': [ '7.20.2' ],
294 silly audit   '@babel/helper-plugin-utils': [ '7.20.2' ],
294 silly audit   '@babel/helper-simple-access': [ '7.20.2' ],
294 silly audit   '@babel/helper-split-export-declaration': [ '7.18.6' ],
294 silly audit   '@babel/helper-string-parser': [ '7.19.4' ],
294 silly audit   '@babel/helper-validator-identifier': [ '7.19.1' ],
294 silly audit   '@babel/helper-validator-option': [ '7.18.6' ],
294 silly audit   '@babel/helpers': [ '7.20.6' ],
294 silly audit   '@babel/highlight': [ '7.18.6' ],
294 silly audit   'ansi-styles': [ '3.2.1', '4.3.0', '5.2.0' ],
294 silly audit   chalk: [ '2.4.2', '4.1.2' ],
294 silly audit   'color-convert': [ '1.9.3', '2.0.1' ],
294 silly audit   'color-name': [ '1.1.3', '1.1.4' ],
294 silly audit   'escape-string-regexp': [ '1.0.5', '2.0.0', '4.0.0' ],
294 silly audit   'has-flag': [ '3.0.0', '4.0.0' ],
294 silly audit   'supports-color': [ '5.5.0', '8.1.1', '7.2.0' ],
294 silly audit   '@babel/parser': [ '7.20.5' ],
294 silly audit   '@babel/plugin-syntax-async-generators': [ '7.8.4' ],
294 silly audit   '@babel/plugin-syntax-bigint': [ '7.8.3' ],
294 silly audit   '@babel/plugin-syntax-class-properties': [ '7.12.13' ],
294 silly audit   '@babel/plugin-syntax-import-meta': [ '7.10.4' ],
294 silly audit   '@babel/plugin-syntax-json-strings': [ '7.8.3' ],
294 silly audit   '@babel/plugin-syntax-jsx': [ '7.18.6' ],
294 silly audit   '@babel/plugin-syntax-logical-assignment-operators': [ '7.10.4' ],
294 silly audit   '@babel/plugin-syntax-nullish-coalescing-operator': [ '7.8.3' ],
294 silly audit   '@babel/plugin-syntax-numeric-separator': [ '7.10.4' ],
294 silly audit   '@babel/plugin-syntax-object-rest-spread': [ '7.8.3' ],
294 silly audit   '@babel/plugin-syntax-optional-catch-binding': [ '7.8.3' ],
294 silly audit   '@babel/plugin-syntax-optional-chaining': [ '7.8.3' ],
294 silly audit   '@babel/plugin-syntax-top-level-await': [ '7.14.5' ],
294 silly audit   '@babel/plugin-syntax-typescript': [ '7.20.0' ],
294 silly audit   '@babel/template': [ '7.18.10' ],
294 silly audit   '@babel/traverse': [ '7.20.5' ],
294 silly audit   '@babel/types': [ '7.20.5' ],
294 silly audit   '@bcoe/v8-coverage': [ '0.2.3' ],
294 silly audit   '@eslint/eslintrc': [ '1.3.3' ],
294 silly audit   argparse: [ '2.0.1', '1.0.10' ],
294 silly audit   globals: [ '13.18.0', '11.12.0' ],
294 silly audit   'js-yaml': [ '4.1.0', '3.14.1' ],
294 silly audit   'type-fest': [ '0.20.2', '0.21.3' ],
294 silly audit   '@humanwhocodes/config-array': [ '0.11.7' ],
294 silly audit   '@humanwhocodes/module-importer': [ '1.0.1' ],
294 silly audit   '@humanwhocodes/object-schema': [ '1.2.1' ],
294 silly audit   '@istanbuljs/load-nyc-config': [ '1.1.0' ],
294 silly audit   '@istanbuljs/schema': [ '0.1.3' ],
294 silly audit   '@jest/console': [ '29.3.1' ],
294 silly audit   '@jest/core': [ '29.3.1' ],
294 silly audit   '@jest/environment': [ '29.3.1' ],
294 silly audit   '@jest/expect': [ '29.3.1' ],
294 silly audit   '@jest/expect-utils': [ '29.3.1' ],
294 silly audit   '@jest/fake-timers': [ '29.3.1' ],
294 silly audit   '@jest/globals': [ '29.3.1' ],
294 silly audit   '@jest/reporters': [ '29.3.1' ],
294 silly audit   '@jest/schemas': [ '29.0.0' ],
294 silly audit   '@jest/source-map': [ '29.2.0' ],
294 silly audit   '@jest/test-result': [ '29.3.1' ],
294 silly audit   '@jest/test-sequencer': [ '29.3.1' ],
294 silly audit   '@jest/transform': [ '29.3.1' ],
294 silly audit   '@jest/types': [ '29.3.1' ],
294 silly audit   '@jridgewell/resolve-uri': [ '3.1.0' ],
294 silly audit   '@jridgewell/set-array': [ '1.1.2' ],
294 silly audit   '@jridgewell/sourcemap-codec': [ '1.4.14' ],
294 silly audit   '@jridgewell/trace-mapping': [ '0.3.17' ],
294 silly audit   '@nodelib/fs.scandir': [ '2.1.5' ],
294 silly audit   '@nodelib/fs.stat': [ '2.0.5' ],
294 silly audit   '@nodelib/fs.walk': [ '1.2.8' ],
294 silly audit   '@sinclair/typebox': [ '0.24.51' ],
294 silly audit   '@sinonjs/commons': [ '1.8.6' ],
294 silly audit   '@sinonjs/fake-timers': [ '9.1.2' ],
294 silly audit   '@types/babel__core': [ '7.1.20' ],
294 silly audit   '@types/babel__generator': [ '7.6.4' ],
294 silly audit   '@types/babel__template': [ '7.4.1' ],
294 silly audit   '@types/babel__traverse': [ '7.18.3' ],
294 silly audit   '@types/graceful-fs': [ '4.1.5' ],
294 silly audit   '@types/istanbul-lib-coverage': [ '2.0.4' ],
294 silly audit   '@types/istanbul-lib-report': [ '3.0.0' ],
294 silly audit   '@types/istanbul-reports': [ '3.0.1' ],
294 silly audit   '@types/node': [ '18.11.12' ],
294 silly audit   '@types/prettier': [ '2.7.1' ],
294 silly audit   '@types/stack-utils': [ '2.0.1' ],
294 silly audit   '@types/yargs': [ '17.0.17' ],
294 silly audit   '@types/yargs-parser': [ '21.0.0' ],
294 silly audit   acorn: [ '8.8.1' ],
294 silly audit   'acorn-jsx': [ '5.3.2' ],
294 silly audit   ajv: [ '6.12.6' ],
294 silly audit   'ansi-colors': [ '1.1.0' ],
294 silly audit   'ansi-escapes': [ '4.3.2' ],
294 silly audit   'ansi-gray': [ '0.1.1' ],
294 silly audit   'ansi-regex': [ '5.0.1', '2.1.1' ],
294 silly audit   'ansi-wrap': [ '0.1.0' ],
294 silly audit   anymatch: [ '3.1.3', '2.0.0' ],
294 silly audit   'append-buffer': [ '1.0.2' ],
294 silly audit   archy: [ '1.0.0' ],
294 silly audit   'arr-diff': [ '4.0.0' ],
294 silly audit   'arr-filter': [ '1.1.2' ],
294 silly audit   'arr-flatten': [ '1.1.0' ],
294 silly audit   'arr-map': [ '2.0.2' ],
294 silly audit   'arr-union': [ '3.1.0' ],
294 silly audit   'array-each': [ '1.0.1' ],
294 silly audit   'array-initial': [ '1.1.0' ],
294 silly audit   'is-number': [ '4.0.0', '3.0.0', '7.0.0' ],
294 silly audit   'array-last': [ '1.3.0' ],
294 silly audit   'array-slice': [ '1.1.0' ],
294 silly audit   'array-sort': [ '1.0.0' ],
294 silly audit   'array-unique': [ '0.3.2' ],
294 silly audit   'assign-symbols': [ '1.0.0' ],
294 silly audit   'async-done': [ '1.3.2' ],
294 silly audit   'async-each': [ '1.0.3' ],
294 silly audit   'async-settle': [ '1.0.0' ],
294 silly audit   atob: [ '2.1.2' ],
294 silly audit   'babel-jest': [ '29.3.1' ],
294 silly audit   'babel-plugin-istanbul': [ '6.1.1' ],
294 silly audit   'babel-plugin-jest-hoist': [ '29.2.0' ],
294 silly audit   'babel-preset-current-node-syntax': [ '1.0.1' ],
294 silly audit   'babel-preset-jest': [ '29.2.0' ],
294 silly audit   bach: [ '1.2.0' ],
294 silly audit   'balanced-match': [ '1.0.2' ],
294 silly audit   base: [ '0.11.2' ],
294 silly audit   'define-property': [ '1.0.0', '2.0.2', '0.2.5' ],
294 silly audit   'is-accessor-descriptor': [ '1.0.0', '0.1.6' ],
294 silly audit   'is-data-descriptor': [ '1.0.0', '0.1.4' ],
294 silly audit   'is-descriptor': [ '1.0.2', '0.1.6' ],
294 silly audit   'kind-of': [ '6.0.3', '3.2.2', '4.0.0', '5.1.0' ],
294 silly audit   'binary-extensions': [ '1.13.1' ],
294 silly audit   bindings: [ '1.5.0' ],
294 silly audit   'brace-expansion': [ '1.1.11' ],
294 silly audit   braces: [ '3.0.2', '2.3.2' ],
294 silly audit   browserslist: [ '4.21.4' ],
294 silly audit   bser: [ '2.1.1' ],
294 silly audit   'buffer-equal': [ '1.0.1' ],
294 silly audit   'buffer-from': [ '1.1.2' ],
294 silly audit   'cache-base': [ '1.0.1' ],
294 silly audit   'call-bind': [ '1.0.2' ],
294 silly audit   callsites: [ '3.1.0' ],
294 silly audit   camelcase: [ '5.3.1', '3.0.0', '6.3.0' ],
294 silly audit   'caniuse-lite': [ '1.0.30001439' ],
294 silly audit   'char-regex': [ '1.0.2' ],
294 silly audit   chokidar: [ '2.1.8' ],
294 silly audit   'normalize-path': [ '2.1.1', '3.0.0' ],
294 silly audit   'fill-range': [ '4.0.0', '7.0.1' ],
294 silly audit   fsevents: [ '1.2.13', '2.3.2' ],
294 silly audit   'is-extendable': [ '1.0.1', '0.1.1' ],
294 silly audit   'is-plain-object': [ '2.0.4', '5.0.0' ],
294 silly audit   micromatch: [ '3.1.10', '4.0.5' ],
294 silly audit   'extend-shallow': [ '3.0.2', '2.0.1' ],
294 silly audit   'to-regex-range': [ '2.1.1', '5.0.1' ],
294 silly audit   'ci-info': [ '3.7.0' ],
294 silly audit   'cjs-module-lexer': [ '1.2.2' ],
294 silly audit   'class-utils': [ '0.3.6' ],
294 silly audit   cliui: [ '8.0.1', '3.2.0' ],
294 silly audit   clone: [ '2.1.2' ],
294 silly audit   'clone-buffer': [ '1.0.0' ],
294 silly audit   'clone-stats': [ '1.0.0' ],
294 silly audit   'cloneable-readable': [ '1.1.3' ],
294 silly audit   co: [ '4.6.0' ],
294 silly audit   'code-point-at': [ '1.1.0' ],
294 silly audit   'collect-v8-coverage': [ '1.0.1' ],
294 silly audit   'collection-map': [ '1.0.0' ],
294 silly audit   'collection-visit': [ '1.0.0' ],
294 silly audit   'color-support': [ '1.1.3' ],
294 silly audit   'component-emitter': [ '1.3.0' ],
294 silly audit   'concat-map': [ '0.0.1' ],
294 silly audit   'concat-stream': [ '1.6.2' ],
294 silly audit   'copy-descriptor': [ '0.1.1' ],
294 silly audit   'copy-props': [ '2.0.5' ],
294 silly audit   'core-util-is': [ '1.0.3' ],
294 silly audit   'cross-spawn': [ '7.0.3' ],
294 silly audit   d: [ '1.0.1' ],
294 silly audit   debug: [ '4.3.4', '2.6.9', '3.2.7' ],
294 silly audit   decamelize: [ '1.2.0' ],
294 silly audit   'decode-uri-component': [ '0.2.2' ],
294 silly audit   dedent: [ '0.7.0' ],
294 silly audit   'deep-is': [ '0.1.4' ],
294 silly audit   deepmerge: [ '4.2.2' ],
294 silly audit   'default-compare': [ '1.0.0' ],
294 silly audit   'default-resolution': [ '2.0.0' ],
294 silly audit   'define-properties': [ '1.1.4' ],
294 silly audit   'detect-file': [ '1.0.0' ],
294 silly audit   'detect-newline': [ '3.1.0' ],
294 silly audit   'diff-sequences': [ '29.3.1' ],
294 silly audit   doctrine: [ '3.0.0', '2.1.0' ],
294 silly audit   duplexify: [ '3.7.1' ],
294 silly audit   'each-props': [ '1.3.2' ],
294 silly audit   'electron-to-chromium': [ '1.4.284' ],
294 silly audit   emittery: [ '0.13.1' ],
294 silly audit   'emoji-regex': [ '8.0.0' ],
294 silly audit   'end-of-stream': [ '1.4.4' ],
294 silly audit   'error-ex': [ '1.3.2' ],
294 silly audit   'es5-ext': [ '0.10.62' ],
294 silly audit   'es6-iterator': [ '2.0.3' ],
294 silly audit   'es6-symbol': [ '3.1.3' ],
294 silly audit   'es6-weak-map': [ '2.0.3' ],
294 silly audit   escalade: [ '3.1.1' ],
294 silly audit   'eslint-scope': [ '7.1.1' ],
294 silly audit   'eslint-utils': [ '3.0.0' ],
294 silly audit   'eslint-visitor-keys': [ '2.1.0', '3.3.0' ],
294 silly audit   'find-up': [ '4.1.0', '1.1.2', '5.0.0' ],
294 silly audit   'glob-parent': [ '3.1.0', '6.0.2' ],
294 silly audit   'locate-path': [ '5.0.0', '6.0.0' ],
294 silly audit   'p-locate': [ '4.1.0', '5.0.0' ],
294 silly audit   espree: [ '9.4.1' ],
294 silly audit   esprima: [ '4.0.1' ],
294 silly audit   esquery: [ '1.4.0' ],
294 silly audit   esrecurse: [ '4.3.0' ],
294 silly audit   estraverse: [ '5.3.0' ],
294 silly audit   esutils: [ '2.0.3' ],
294 silly audit   execa: [ '5.1.1' ],
294 silly audit   exit: [ '0.1.2' ],
294 silly audit   'expand-brackets': [ '2.1.4' ],
294 silly audit   ms: [ '2.0.0', '2.1.2' ],
294 silly audit   'expand-tilde': [ '2.0.2' ],
294 silly audit   expect: [ '29.3.1' ],
294 silly audit   ext: [ '1.7.0' ],
294 silly audit   type: [ '2.7.2', '1.2.0' ],
294 silly audit   extend: [ '3.0.2' ],
294 silly audit   extglob: [ '2.0.4' ],
294 silly audit   'fancy-log': [ '1.3.3' ],
294 silly audit   'fast-deep-equal': [ '3.1.3' ],
294 silly audit   'fast-json-stable-stringify': [ '2.1.0' ],
294 silly audit   'fast-levenshtein': [ '1.1.4', '2.0.6' ],
294 silly audit   fastq: [ '1.14.0' ],
294 silly audit   'fb-watchman': [ '2.0.2' ],
294 silly audit   'file-entry-cache': [ '6.0.1' ],
294 silly audit   'file-uri-to-path': [ '1.0.0' ],
294 silly audit   'findup-sync': [ '3.0.0', '2.0.0' ],
294 silly audit   fined: [ '1.2.0' ],
294 silly audit   'flagged-respawn': [ '1.0.1' ],
294 silly audit   'flat-cache': [ '3.0.4' ],
294 silly audit   flatted: [ '3.2.7' ],
294 silly audit   'flush-write-stream': [ '1.1.1' ],
294 silly audit   'for-in': [ '1.0.2' ],
294 silly audit   'for-own': [ '1.0.0' ],
294 silly audit   'fragment-cache': [ '0.2.1' ],
294 silly audit   'fs-mkdirp-stream': [ '1.0.0' ],
294 silly audit   'fs.realpath': [ '1.0.0' ],
294 silly audit   'function-bind': [ '1.1.1' ],
294 silly audit   gensync: [ '1.0.0-beta.2' ],
294 silly audit   'get-caller-file': [ '2.0.5', '1.0.3' ],
294 silly audit   'get-intrinsic': [ '1.1.3' ],
294 silly audit   'get-package-type': [ '0.1.0' ],
294 silly audit   'get-stream': [ '6.0.1' ],
294 silly audit   'get-value': [ '2.0.6' ],
294 silly audit   glob: [ '7.2.3' ],
294 silly audit   'is-glob': [ '3.1.0', '4.0.3' ],
294 silly audit   'glob-stream': [ '6.1.0' ],
294 silly audit   'glob-watcher': [ '5.0.5' ],
294 silly audit   'global-modules': [ '1.0.0' ],
294 silly audit   'global-prefix': [ '1.0.2' ],
294 silly audit   which: [ '1.3.1', '2.0.2' ],
294 silly audit   glogg: [ '1.0.2' ],
294 silly audit   'graceful-fs': [ '4.2.10' ],
294 silly audit   'grapheme-splitter': [ '1.0.4' ],
294 silly audit   gulp: [ '4.0.2' ],
294 silly audit   'gulp-cli': [ '2.3.0' ],
294 silly audit   'is-fullwidth-code-point': [ '1.0.0', '3.0.0' ],
294 silly audit   'string-width': [ '1.0.2', '4.2.3' ],
294 silly audit   'strip-ansi': [ '3.0.1', '6.0.1' ],
294 silly audit   'wrap-ansi': [ '2.1.0', '7.0.0' ],
294 silly audit   y18n: [ '3.2.2', '5.0.8' ],
294 silly audit   yargs: [ '7.1.2', '17.6.2' ],
294 silly audit   'yargs-parser': [ '5.0.1', '21.1.1' ],
294 silly audit   gulplog: [ '1.0.0' ],
294 silly audit   has: [ '1.0.3' ],
294 silly audit   'has-property-descriptors': [ '1.0.0' ],
294 silly audit   'has-symbols': [ '1.0.3' ],
294 silly audit   'has-value': [ '1.0.0', '0.3.1' ],
294 silly audit   'has-values': [ '1.0.0', '0.1.4' ],
294 silly audit   'homedir-polyfill': [ '1.0.3' ],
294 silly audit   'hosted-git-info': [ '2.8.9' ],
294 silly audit   'html-escaper': [ '2.0.2' ],
294 silly audit   'human-signals': [ '2.1.0' ],
294 silly audit   ignore: [ '5.2.1' ],
294 silly audit   'import-fresh': [ '3.3.0' ],
294 silly audit   'resolve-from': [ '4.0.0', '5.0.0' ],
294 silly audit   'import-local': [ '3.1.0' ],
294 silly audit   imurmurhash: [ '0.1.4' ],
294 silly audit   inflight: [ '1.0.6' ],
294 silly audit   inherits: [ '2.0.4' ],
294 silly audit   ini: [ '1.3.8' ],
294 silly audit   interpret: [ '1.4.0' ],
294 silly audit   'invert-kv': [ '1.0.0' ],
294 silly audit   'is-absolute': [ '1.0.0' ],
294 silly audit   'is-arrayish': [ '0.2.1' ],
294 silly audit   'is-binary-path': [ '1.0.1' ],
294 silly audit   'is-buffer': [ '1.1.6' ],
294 silly audit   'is-core-module': [ '2.11.0' ],
294 silly audit   'is-extglob': [ '2.1.1' ],
294 silly audit   'is-generator-fn': [ '2.1.0' ],
294 silly audit   'is-negated-glob': [ '1.0.0' ],
294 silly audit   'is-path-inside': [ '3.0.3' ],
294 silly audit   'is-relative': [ '1.0.0' ],
294 silly audit   'is-stream': [ '2.0.1' ],
294 silly audit   'is-unc-path': [ '1.0.0' ],
294 silly audit   'is-utf8': [ '0.2.1' ],
294 silly audit   'is-valid-glob': [ '1.0.0' ],
294 silly audit   'is-windows': [ '1.0.2' ],
294 silly audit   isarray: [ '1.0.0' ],
294 silly audit   isexe: [ '2.0.0' ],
294 silly audit   isobject: [ '3.0.1', '2.1.0' ],
294 silly audit   'istanbul-lib-coverage': [ '3.2.0' ],
294 silly audit   'istanbul-lib-instrument': [ '5.2.1' ],
294 silly audit   'istanbul-lib-report': [ '3.0.0' ],
294 silly audit   'istanbul-lib-source-maps': [ '4.0.1' ],
294 silly audit   'istanbul-reports': [ '3.1.5' ],
294 silly audit   jest: [ '29.3.1' ],
294 silly audit   'jest-changed-files': [ '29.2.0' ],
294 silly audit   'jest-circus': [ '29.3.1' ],
294 silly audit   'jest-cli': [ '29.3.1' ],
294 silly audit   'jest-config': [ '29.3.1' ],
294 silly audit   'jest-diff': [ '29.3.1' ],
294 silly audit   'jest-docblock': [ '29.2.0' ],
294 silly audit   'jest-each': [ '29.3.1' ],
294 silly audit   'jest-environment-node': [ '29.3.1' ],
294 silly audit   'jest-get-type': [ '29.2.0' ],
294 silly audit   'jest-haste-map': [ '29.3.1' ],
294 silly audit   'jest-leak-detector': [ '29.3.1' ],
294 silly audit   'jest-matcher-utils': [ '29.3.1' ],
294 silly audit   'jest-message-util': [ '29.3.1' ],
294 silly audit   'jest-mock': [ '29.3.1' ],
294 silly audit   'jest-pnp-resolver': [ '1.2.3' ],
294 silly audit   'jest-regex-util': [ '29.2.0' ],
294 silly audit   'jest-resolve': [ '29.3.1' ],
294 silly audit   'jest-resolve-dependencies': [ '29.3.1' ],
294 silly audit   'jest-runner': [ '29.3.1' ],
294 silly audit   'jest-runtime': [ '29.3.1' ],
294 silly audit   'jest-snapshot': [ '29.3.1' ],
294 silly audit   semver: [ '7.3.8', '5.7.1', '6.3.0' ],
294 silly audit   'jest-util': [ '29.3.1' ],
294 silly audit   'jest-validate': [ '29.3.1' ],
294 silly audit   'jest-watcher': [ '29.3.1' ],
294 silly audit   'jest-worker': [ '29.3.1' ],
294 silly audit   'js-sdsl': [ '4.2.0' ],
294 silly audit   'js-tokens': [ '4.0.0' ],
294 silly audit   jsesc: [ '2.5.2' ],
294 silly audit   'json-parse-even-better-errors': [ '2.3.1' ],
294 silly audit   'json-schema-traverse': [ '0.4.1' ],
294 silly audit   'json-stable-stringify-without-jsonify': [ '1.0.1' ],
294 silly audit   json5: [ '2.2.1', '1.0.1' ],
294 silly audit   'just-debounce': [ '1.1.0' ],
294 silly audit   kleur: [ '3.0.3' ],
294 silly audit   'last-run': [ '1.1.1' ],
294 silly audit   lazystream: [ '1.0.1' ],
294 silly audit   lcid: [ '1.0.0' ],
294 silly audit   lead: [ '1.0.0' ],
294 silly audit   leven: [ '3.1.0' ],
294 silly audit   levn: [ '0.4.1' ],
294 silly audit   liftoff: [ '3.1.0' ],
294 silly audit   'lines-and-columns': [ '1.2.4' ],
294 silly audit   'load-json-file': [ '1.1.0' ],
294 silly audit   'parse-json': [ '2.2.0', '5.2.0' ],
294 silly audit   'strip-bom': [ '2.0.0', '4.0.0', '3.0.0' ],
294 silly audit   lodash: [ '4.17.21' ],
294 silly audit   'lodash.merge': [ '4.6.2' ],
294 silly audit   'lru-cache': [ '6.0.0' ],
294 silly audit   'make-dir': [ '3.1.0' ],
294 silly audit   'make-iterator': [ '1.0.1' ],
294 silly audit   makeerror: [ '1.0.12' ],
294 silly audit   'map-cache': [ '0.2.2' ],
294 silly audit   'map-visit': [ '1.0.0' ],
294 silly audit   matchdep: [ '2.0.0' ],
294 silly audit   'merge-stream': [ '2.0.0' ],
294 silly audit   'mimic-fn': [ '2.1.0' ],
294 silly audit   minimatch: [ '3.1.2' ],
294 silly audit   'mixin-deep': [ '1.3.2' ],
294 silly audit   'mute-stdout': [ '1.0.1' ],
294 silly audit   nan: [ '2.17.0' ],
294 silly audit   nanomatch: [ '1.2.13' ],
294 silly audit   'natural-compare': [ '1.4.0' ],
294 silly audit   'next-tick': [ '1.1.0' ],
294 silly audit   'node-int64': [ '0.4.0' ],
294 silly audit   'node-releases': [ '2.0.6' ],
294 silly audit   'nodejs-package': [ '0.0.3' ],
294 silly audit   'normalize-package-data': [ '2.5.0' ],
294 silly audit   'now-and-later': [ '2.0.1' ],
294 silly audit   'npm-run-path': [ '4.0.1' ],
294 silly audit   'number-is-nan': [ '1.0.1' ],
294 silly audit   'object-copy': [ '0.1.0' ],
294 silly audit   'object-keys': [ '1.1.1' ],
294 silly audit   'object-visit': [ '1.0.1' ],
294 silly audit   'object.assign': [ '4.1.4' ],
294 silly audit   'object.defaults': [ '1.1.0' ],
294 silly audit   'object.map': [ '1.0.1' ],
294 silly audit   'object.pick': [ '1.3.0' ],
294 silly audit   'object.reduce': [ '1.0.1' ],
294 silly audit   once: [ '1.4.0' ],
294 silly audit   onetime: [ '5.1.2' ],
294 silly audit   optionator: [ '0.9.1' ],
294 silly audit   'ordered-read-streams': [ '1.0.1' ],
294 silly audit   'os-locale': [ '1.4.0' ],
294 silly audit   'p-limit': [ '3.1.0', '2.3.0' ],
294 silly audit   'p-try': [ '2.2.0' ],
294 silly audit   'parent-module': [ '1.0.1' ],
294 silly audit   'parse-filepath': [ '1.0.2' ],
294 silly audit   'parse-node-version': [ '1.0.1' ],
294 silly audit   'parse-passwd': [ '1.0.0' ],
294 silly audit   pascalcase: [ '0.1.1' ],
294 silly audit   'path-dirname': [ '1.0.2' ],
294 silly audit   'path-exists': [ '4.0.0', '2.1.0' ],
294 silly audit   'path-is-absolute': [ '1.0.1' ],
294 silly audit   'path-key': [ '3.1.1' ],
294 silly audit   'path-parse': [ '1.0.7' ],
294 silly audit   'path-root': [ '0.1.1' ],
294 silly audit   'path-root-regex': [ '0.1.2' ],
294 silly audit   'path-type': [ '1.1.0' ],
294 silly audit   picocolors: [ '1.0.0' ],
294 silly audit   picomatch: [ '2.3.1' ],
294 silly audit   pify: [ '2.3.0' ],
294 silly audit   pinkie: [ '2.0.4' ],
294 silly audit   'pinkie-promise': [ '2.0.1' ],
294 silly audit   pirates: [ '4.0.5' ],
294 silly audit   'pkg-dir': [ '4.2.0' ],
294 silly audit   'posix-character-classes': [ '0.1.1' ],
294 silly audit   'prelude-ls': [ '1.2.1' ],
294 silly audit   prettier: [ '2.8.1' ],
294 silly audit   'pretty-format': [ '29.3.1' ],
294 silly audit   'pretty-hrtime': [ '1.0.3' ],
294 silly audit   'process-nextick-args': [ '2.0.1' ],
294 silly audit   prompts: [ '2.4.2' ],
294 silly audit   pump: [ '2.0.1' ],
294 silly audit   pumpify: [ '1.5.1' ],
294 silly audit   punycode: [ '2.1.1' ],
294 silly audit   'queue-microtask': [ '1.2.3' ],
294 silly audit   'react-is': [ '18.2.0' ],
294 silly audit   'read-pkg': [ '1.1.0' ],
294 silly audit   'read-pkg-up': [ '1.0.1' ],
294 silly audit   'readable-stream': [ '2.3.7' ],
294 silly audit   readdirp: [ '2.2.1' ],
294 silly audit   rechoir: [ '0.6.2' ],
294 silly audit   'regex-not': [ '1.0.2' ],
294 silly audit   regexpp: [ '3.2.0' ],
294 silly audit   'remove-bom-buffer': [ '3.0.0' ],
294 silly audit   'remove-bom-stream': [ '1.2.0' ],
294 silly audit   'remove-trailing-separator': [ '1.1.0' ],
294 silly audit   'repeat-element': [ '1.1.4' ],
294 silly audit   'repeat-string': [ '1.6.1' ],
294 silly audit   'replace-ext': [ '1.0.1' ],
294 silly audit   'replace-homedir': [ '1.0.0' ],
294 silly audit   'require-directory': [ '2.1.1' ],
294 silly audit   'require-main-filename': [ '1.0.1' ],
294 silly audit   resolve: [ '1.22.1' ],
294 silly audit   'resolve-cwd': [ '3.0.0' ],
294 silly audit   'resolve-dir': [ '1.0.1' ],
294 silly audit   'resolve-options': [ '1.1.0' ],
294 silly audit   'resolve-url': [ '0.2.1' ],
294 silly audit   'resolve.exports': [ '1.1.0' ],
294 silly audit   ret: [ '0.1.15' ],
294 silly audit   reusify: [ '1.0.4' ],
294 silly audit   rimraf: [ '3.0.2' ],
294 silly audit   'run-parallel': [ '1.2.0' ],
294 silly audit   'safe-buffer': [ '5.1.2' ],
294 silly audit   'safe-regex': [ '1.1.0' ],
294 silly audit   'semver-greatest-satisfied-range': [ '1.1.0' ],
294 silly audit   'set-blocking': [ '2.0.0' ],
294 silly audit   'set-value': [ '2.0.1' ],
294 silly audit   'shebang-command': [ '2.0.0' ],
294 silly audit   'shebang-regex': [ '3.0.0' ],
294 silly audit   'signal-exit': [ '3.0.7' ],
294 silly audit   sisteransi: [ '1.0.5' ],
294 silly audit   slash: [ '3.0.0' ],
294 silly audit   snapdragon: [ '0.8.2' ],
294 silly audit   'snapdragon-node': [ '2.1.1' ],
294 silly audit   'snapdragon-util': [ '3.0.1' ],
294 silly audit   'source-map': [ '0.5.7', '0.6.1' ],
294 silly audit   'source-map-resolve': [ '0.5.3' ],
294 silly audit   'source-map-support': [ '0.5.13' ],
294 silly audit   'source-map-url': [ '0.4.1' ],
294 silly audit   sparkles: [ '1.0.1' ],
294 silly audit   'spdx-correct': [ '3.1.1' ],
294 silly audit   'spdx-exceptions': [ '2.3.0' ],
294 silly audit   'spdx-expression-parse': [ '3.0.1' ],
294 silly audit   'spdx-license-ids': [ '3.0.12' ],
294 silly audit   'split-string': [ '3.1.0' ],
294 silly audit   'sprintf-js': [ '1.0.3' ],
294 silly audit   'stack-trace': [ '0.0.10' ],
294 silly audit   'stack-utils': [ '2.0.6' ],
294 silly audit   'static-extend': [ '0.1.2' ],
294 silly audit   'stream-exhaust': [ '1.0.2' ],
294 silly audit   'stream-shift': [ '1.0.1' ],
294 silly audit   string_decoder: [ '1.1.1' ],
294 silly audit   'string-length': [ '4.0.2' ],
294 silly audit   'strip-final-newline': [ '2.0.0' ],
294 silly audit   'strip-json-comments': [ '3.1.1' ],
294 silly audit   'supports-preserve-symlinks-flag': [ '1.0.0' ],
294 silly audit   'sver-compat': [ '1.5.0' ],
294 silly audit   'test-exclude': [ '6.0.0' ],
294 silly audit   'text-table': [ '0.2.0' ],
294 silly audit   through2: [ '2.0.5' ],
294 silly audit   'through2-filter': [ '3.0.0' ],
294 silly audit   'time-stamp': [ '1.1.0' ],
294 silly audit   tmpl: [ '1.0.5' ],
294 silly audit   'to-absolute-glob': [ '2.0.2' ],
294 silly audit   'to-fast-properties': [ '2.0.0' ],
294 silly audit   'to-object-path': [ '0.3.0' ],
294 silly audit   'to-regex': [ '3.0.2' ],
294 silly audit   'to-through': [ '2.0.0' ],
294 silly audit   'type-check': [ '0.4.0' ],
294 silly audit   'type-detect': [ '4.0.8' ],
294 silly audit   typedarray: [ '0.0.6' ],
294 silly audit   'unc-path-regex': [ '0.1.2' ],
294 silly audit   undertaker: [ '1.3.0' ],
294 silly audit   'undertaker-registry': [ '1.0.1' ],
294 silly audit   'union-value': [ '1.0.1' ],
294 silly audit   'unique-stream': [ '2.3.1' ],
294 silly audit   'unset-value': [ '1.0.0' ],
294 silly audit   upath: [ '1.2.0' ],
294 silly audit   'update-browserslist-db': [ '1.0.10' ],
294 silly audit   'uri-js': [ '4.4.1' ],
294 silly audit   urix: [ '0.1.0' ],
294 silly audit   use: [ '3.1.1' ],
294 silly audit   'util-deprecate': [ '1.0.2' ],
294 silly audit   'v8-to-istanbul': [ '9.0.1' ],
294 silly audit   v8flags: [ '3.2.0' ],
294 silly audit   'validate-npm-package-license': [ '3.0.4' ],
294 silly audit   'value-or-function': [ '3.0.0' ],
294 silly audit   vinyl: [ '2.2.1' ],
294 silly audit   'vinyl-fs': [ '3.0.3' ],
294 silly audit   'vinyl-sourcemap': [ '1.1.0' ],
294 silly audit   walker: [ '1.0.8' ],
294 silly audit   'which-module': [ '1.0.0' ],
294 silly audit   'word-wrap': [ '1.2.3' ],
294 silly audit   wrappy: [ '1.0.2' ],
294 silly audit   'write-file-atomic': [ '4.0.2' ],
294 silly audit   xtend: [ '4.0.2' ],
294 silly audit   yallist: [ '4.0.0' ],
294 silly audit   'yocto-queue': [ '0.1.0' ],
294 silly audit   eslint: [ '8.29.0' ],
294 silly audit   'eslint-config-airbnb-base': [ '15.0.0' ],
294 silly audit   'eslint-plugin-import': [ '2.26.0' ],
294 silly audit   'confusing-browser-globals': [ '1.0.11' ],
294 silly audit   'object.entries': [ '1.1.6' ],
294 silly audit   'array-includes': [ '3.1.6' ],
294 silly audit   'array.prototype.flat': [ '1.3.1' ],
294 silly audit   'eslint-import-resolver-node': [ '0.3.6' ],
294 silly audit   'eslint-module-utils': [ '2.7.4' ],
294 silly audit   'object.values': [ '1.1.6' ],
294 silly audit   'tsconfig-paths': [ '3.14.1' ],
294 silly audit   'es-abstract': [ '1.20.5' ],
294 silly audit   'is-string': [ '1.0.7' ],
294 silly audit   'es-shim-unscopables': [ '1.0.0' ],
294 silly audit   'es-to-primitive': [ '1.2.1' ],
294 silly audit   'function.prototype.name': [ '1.1.5' ],
294 silly audit   'get-symbol-description': [ '1.0.0' ],
294 silly audit   gopd: [ '1.0.1' ],
294 silly audit   'internal-slot': [ '1.0.3' ],
294 silly audit   'is-callable': [ '1.2.7' ],
294 silly audit   'is-negative-zero': [ '2.0.2' ],
294 silly audit   'is-regex': [ '1.1.4' ],
294 silly audit   'is-shared-array-buffer': [ '1.0.2' ],
294 silly audit   'is-weakref': [ '1.0.2' ],
294 silly audit   'object-inspect': [ '1.12.2' ],
294 silly audit   'regexp.prototype.flags': [ '1.4.3' ],
294 silly audit   'safe-regex-test': [ '1.0.0' ],
294 silly audit   'string.prototype.trimend': [ '1.0.6' ],
294 silly audit   'string.prototype.trimstart': [ '1.0.6' ],
294 silly audit   'unbox-primitive': [ '1.0.2' ],
294 silly audit   'is-date-object': [ '1.0.5' ],
294 silly audit   'is-symbol': [ '1.0.4' ],
294 silly audit   'functions-have-names': [ '1.2.3' ],
294 silly audit   'side-channel': [ '1.0.4' ],
294 silly audit   'has-tostringtag': [ '1.0.0' ],
294 silly audit   '@types/json5': [ '0.0.29' ],
294 silly audit   minimist: [ '1.2.7' ],
294 silly audit   'has-bigints': [ '1.0.2' ],
294 silly audit   'which-boxed-primitive': [ '1.0.2' ],
294 silly audit   'is-bigint': [ '1.0.4' ],
294 silly audit   'is-boolean-object': [ '1.1.2' ],
294 silly audit   'is-number-object': [ '1.0.7' ]
294 silly audit }
295 verbose reify failed optional dependency /home/sweetsk8er/hexlet-hello-world/node_modules/fsevents
296 silly reify mark deleted [ '/home/sweetsk8er/hexlet-hello-world/node_modules/fsevents' ]
297 verbose reify failed optional dependency /home/sweetsk8er/hexlet-hello-world/node_modules/chokidar/node_modules/fsevents
298 silly reify mark deleted [
298 silly reify   '/home/sweetsk8er/hexlet-hello-world/node_modules/chokidar/node_modules/fsevents'
298 silly reify ]
299 verbose reify failed optional dependency /home/sweetsk8er/hexlet-hello-world/node_modules/bindings
300 silly reify mark deleted [ '/home/sweetsk8er/hexlet-hello-world/node_modules/bindings' ]
301 verbose reify failed optional dependency /home/sweetsk8er/hexlet-hello-world/node_modules/nan
302 silly reify mark deleted [ '/home/sweetsk8er/hexlet-hello-world/node_modules/nan' ]
303 verbose reify failed optional dependency /home/sweetsk8er/hexlet-hello-world/node_modules/file-uri-to-path
304 silly reify mark deleted [ '/home/sweetsk8er/hexlet-hello-world/node_modules/file-uri-to-path' ]
305 timing reifyNode:node_modules/fsevents Completed in 13ms
306 timing reifyNode:node_modules/chokidar/node_modules/fsevents Completed in 13ms
307 silly tarball no local data for is-number-object@https://registry.npmjs.org/is-number-object/-/is-number-object-1.0.7.tgz. Extracting by manifest.
308 silly tarball no local data for has-bigints@https://registry.npmjs.org/has-bigints/-/has-bigints-1.0.2.tgz. Extracting by manifest.
309 silly tarball no local data for minimist@https://registry.npmjs.org/minimist/-/minimist-1.2.7.tgz. Extracting by manifest.
310 silly tarball no local data for @types/json5@https://registry.npmjs.org/@types/json5/-/json5-0.0.29.tgz. Extracting by manifest.
311 silly tarball no local data for functions-have-names@https://registry.npmjs.org/functions-have-names/-/functions-have-names-1.2.3.tgz. Extracting by manifest.
312 silly tarball no local data for unbox-primitive@https://registry.npmjs.org/unbox-primitive/-/unbox-primitive-1.0.2.tgz. Extracting by manifest.
313 silly tarball no local data for string.prototype.trimstart@https://registry.npmjs.org/string.prototype.trimstart/-/string.prototype.trimstart-1.0.6.tgz. Extracting by manifest.
314 silly tarball no local data for string.prototype.trimend@https://registry.npmjs.org/string.prototype.trimend/-/string.prototype.trimend-1.0.6.tgz. Extracting by manifest.
315 silly tarball no local data for safe-regex-test@https://registry.npmjs.org/safe-regex-test/-/safe-regex-test-1.0.0.tgz. Extracting by manifest.
316 silly tarball no local data for regexp.prototype.flags@https://registry.npmjs.org/regexp.prototype.flags/-/regexp.prototype.flags-1.4.3.tgz. Extracting by manifest.
317 silly tarball no local data for object-inspect@https://registry.npmjs.org/object-inspect/-/object-inspect-1.12.2.tgz. Extracting by manifest.
318 silly tarball no local data for is-weakref@https://registry.npmjs.org/is-weakref/-/is-weakref-1.0.2.tgz. Extracting by manifest.
319 silly tarball no local data for is-shared-array-buffer@https://registry.npmjs.org/is-shared-array-buffer/-/is-shared-array-buffer-1.0.2.tgz. Extracting by manifest.
320 silly tarball no local data for is-negative-zero@https://registry.npmjs.org/is-negative-zero/-/is-negative-zero-2.0.2.tgz. Extracting by manifest.
321 silly tarball no local data for is-callable@https://registry.npmjs.org/is-callable/-/is-callable-1.2.7.tgz. Extracting by manifest.
322 silly tarball no local data for gopd@https://registry.npmjs.org/gopd/-/gopd-1.0.1.tgz. Extracting by manifest.
323 silly tarball no local data for function.prototype.name@https://registry.npmjs.org/function.prototype.name/-/function.prototype.name-1.1.5.tgz. Extracting by manifest.
324 silly tarball no local data for es-shim-unscopables@https://registry.npmjs.org/es-shim-unscopables/-/es-shim-unscopables-1.0.0.tgz. Extracting by manifest.
325 silly tarball no local data for es-abstract@https://registry.npmjs.org/es-abstract/-/es-abstract-1.20.5.tgz. Extracting by manifest.
326 silly tarball no local data for object.values@https://registry.npmjs.org/object.values/-/object.values-1.1.6.tgz. Extracting by manifest.
327 silly tarball no local data for eslint-module-utils@https://registry.npmjs.org/eslint-module-utils/-/eslint-module-utils-2.7.4.tgz. Extracting by manifest.
328 silly tarball no local data for array.prototype.flat@https://registry.npmjs.org/array.prototype.flat/-/array.prototype.flat-1.3.1.tgz. Extracting by manifest.
329 silly tarball no local data for array-includes@https://registry.npmjs.org/array-includes/-/array-includes-3.1.6.tgz. Extracting by manifest.
330 silly tarball no local data for object.entries@https://registry.npmjs.org/object.entries/-/object.entries-1.1.6.tgz. Extracting by manifest.
331 silly tarball no local data for confusing-browser-globals@https://registry.npmjs.org/confusing-browser-globals/-/confusing-browser-globals-1.0.11.tgz. Extracting by manifest.
332 silly tarball no local data for strip-bom@https://registry.npmjs.org/strip-bom/-/strip-bom-3.0.0.tgz. Extracting by manifest.
333 http fetch POST 200 https://registry.npmjs.org/-/npm/v1/security/advisories/bulk 417ms
334 timing auditReport:getReport Completed in 424ms
335 silly audit report {
335 silly audit report   'glob-parent': [
335 silly audit report     {
335 silly audit report       id: 1081884,
335 silly audit report       url: 'https://github.com/advisories/GHSA-ww39-953v-wcq6',
335 silly audit report       title: 'glob-parent before 5.1.2 vulnerable to Regular Expression Denial of Service in enclosure regex',
335 silly audit report       severity: 'high',
335 silly audit report       vulnerable_versions: '<5.1.2',
335 silly audit report       cwe: [Array],
335 silly audit report       cvss: [Object]
335 silly audit report     }
335 silly audit report   ]
335 silly audit report }
336 timing reifyNode:node_modules/eslint-import-resolver-node Completed in 413ms
337 timing reifyNode:node_modules/bindings Completed in 412ms
338 timing reifyNode:node_modules/eslint-plugin-import/node_modules/ms Completed in 414ms
339 timing reifyNode:node_modules/file-uri-to-path Completed in 471ms
340 http fetch GET 200 https://registry.npmjs.org/@types/json5/-/json5-0.0.29.tgz 426ms (cache miss)
341 timing reifyNode:node_modules/@types/json5 Completed in 482ms
342 timing reifyNode:node_modules/is-regex Completed in 486ms
343 http fetch GET 200 https://registry.npmjs.org/safe-regex-test/-/safe-regex-test-1.0.0.tgz 415ms (cache miss)
344 timing reifyNode:node_modules/safe-regex-test Completed in 490ms
345 http fetch GET 200 https://registry.npmjs.org/is-shared-array-buffer/-/is-shared-array-buffer-1.0.2.tgz 395ms (cache miss)
346 timing metavuln:cache:get:security-advisory:glob-parent:S4NFkE/dxC92qTLWroavym0NwZzQKYtYudj/+ukE5LnX++Gm4YT6e2q8w6lEC60psmjq5CL7a6aosF0CCmRNEA== Completed in 84ms
347 timing reifyNode:node_modules/eslint-module-utils/node_modules/debug Completed in 495ms
348 timing reifyNode:node_modules/eslint-import-resolver-node/node_modules/debug Completed in 495ms
349 timing reifyNode:node_modules/is-bigint Completed in 500ms
350 timing reifyNode:node_modules/side-channel Completed in 500ms
351 timing reifyNode:node_modules/is-shared-array-buffer Completed in 498ms
352 http fetch GET 200 https://registry.npmjs.org/gopd/-/gopd-1.0.1.tgz 400ms (cache miss)
353 timing reifyNode:node_modules/gopd Completed in 505ms
354 timing reifyNode:node_modules/is-string Completed in 506ms
355 timing reifyNode:node_modules/is-boolean-object Completed in 513ms
356 timing reifyNode:node_modules/which-boxed-primitive Completed in 512ms
357 timing reifyNode:node_modules/is-symbol Completed in 511ms
358 timing reifyNode:node_modules/is-date-object Completed in 511ms
359 timing reifyNode:node_modules/internal-slot Completed in 510ms
360 http fetch GET 200 https://registry.npmjs.org/strip-bom/-/strip-bom-3.0.0.tgz 358ms (cache miss)
361 timing reifyNode:node_modules/tsconfig-paths/node_modules/strip-bom Completed in 513ms
362 http fetch GET 200 https://registry.npmjs.org/confusing-browser-globals/-/confusing-browser-globals-1.0.11.tgz 363ms (cache miss)
363 timing reifyNode:node_modules/confusing-browser-globals Completed in 514ms
364 timing reifyNode:node_modules/get-symbol-description Completed in 517ms
365 timing reifyNode:node_modules/has-tostringtag Completed in 527ms
366 timing reifyNode:node_modules/eslint-plugin-import/node_modules/doctrine Completed in 531ms
367 timing reifyNode:node_modules/tsconfig-paths/node_modules/json5 Completed in 552ms
368 timing reifyNode:node_modules/es-to-primitive Completed in 554ms
369 http fetch GET 200 https://registry.npmjs.org/has-bigints/-/has-bigints-1.0.2.tgz 517ms (cache miss)
370 timing reifyNode:node_modules/has-bigints Completed in 568ms
371 http fetch GET 200 https://registry.npmjs.org/unbox-primitive/-/unbox-primitive-1.0.2.tgz 508ms (cache miss)
372 timing reifyNode:node_modules/unbox-primitive Completed in 569ms
373 http fetch GET 200 https://registry.npmjs.org/is-number-object/-/is-number-object-1.0.7.tgz 533ms (cache miss)
374 timing reifyNode:node_modules/is-number-object Completed in 577ms
375 http fetch GET 200 https://registry.npmjs.org/functions-have-names/-/functions-have-names-1.2.3.tgz 519ms (cache miss)
376 timing reifyNode:node_modules/functions-have-names Completed in 577ms
377 timing reifyNode:node_modules/eslint-plugin-import/node_modules/debug Completed in 574ms
378 http fetch GET 200 https://registry.npmjs.org/is-weakref/-/is-weakref-1.0.2.tgz 488ms (cache miss)
379 timing reifyNode:node_modules/is-weakref Completed in 581ms
380 http fetch GET 200 https://registry.npmjs.org/glob-parent 169ms (cache miss)
381 timing metavuln:packument:glob-parent Completed in 169ms
382 timing metavuln:load:security-advisory:glob-parent:1081884 Completed in 1ms
383 timing metavuln:calculate:security-advisory:glob-parent:1081884 Completed in 171ms
384 http fetch GET 200 https://registry.npmjs.org/is-negative-zero/-/is-negative-zero-2.0.2.tgz 495ms (cache miss)
385 timing reifyNode:node_modules/is-negative-zero Completed in 594ms
386 http fetch GET 200 https://registry.npmjs.org/es-shim-unscopables/-/es-shim-unscopables-1.0.0.tgz 474ms (cache miss)
387 timing reifyNode:node_modules/es-shim-unscopables Completed in 596ms
388 http fetch GET 200 https://registry.npmjs.org/is-callable/-/is-callable-1.2.7.tgz 504ms (cache miss)
389 timing reifyNode:node_modules/is-callable Completed in 607ms
390 http fetch GET 200 https://registry.npmjs.org/string.prototype.trimstart/-/string.prototype.trimstart-1.0.6.tgz 559ms (cache miss)
391 timing reifyNode:node_modules/string.prototype.trimstart Completed in 624ms
392 http fetch GET 200 https://registry.npmjs.org/string.prototype.trimend/-/string.prototype.trimend-1.0.6.tgz 558ms (cache miss)
393 timing reifyNode:node_modules/string.prototype.trimend Completed in 626ms
394 timing reifyNode:node_modules/eslint-config-airbnb-base Completed in 623ms
395 http fetch GET 200 https://registry.npmjs.org/regexp.prototype.flags/-/regexp.prototype.flags-1.4.3.tgz 552ms (cache miss)
396 timing reifyNode:node_modules/regexp.prototype.flags Completed in 630ms
397 http fetch GET 200 https://registry.npmjs.org/object.values/-/object.values-1.1.6.tgz 498ms (cache miss)
398 timing reifyNode:node_modules/object.values Completed in 631ms
399 http fetch GET 200 https://registry.npmjs.org/array-includes/-/array-includes-3.1.6.tgz 496ms (cache miss)
400 timing reifyNode:node_modules/array-includes Completed in 636ms
401 http fetch GET 200 https://registry.npmjs.org/object.entries/-/object.entries-1.1.6.tgz 502ms (cache miss)
402 timing reifyNode:node_modules/object.entries Completed in 645ms
403 http fetch GET 200 https://registry.npmjs.org/array.prototype.flat/-/array.prototype.flat-1.3.1.tgz 526ms (cache miss)
404 timing reifyNode:node_modules/array.prototype.flat Completed in 663ms
405 timing metavuln:cache:get:security-advisory:chokidar:uf213K1qOikcEono5yiXr2SA5KaLVXavJZh/LQf7qKdqNe37cPKVWjxJ34dQtd0JVSJPdE69qCM6cjwVEtHv0A== Completed in 84ms
406 timing metavuln:cache:get:security-advisory:glob-stream:wOBDY7XVyB7bw7hDgFXxYq4Dx0U82vZL2rNC6g71R03uF68eB8QyVq4X0IMSpVo1jZD/9TYb9OI3DQZwzcyikQ== Completed in 83ms
407 http fetch GET 200 https://registry.npmjs.org/eslint-module-utils/-/eslint-module-utils-2.7.4.tgz 540ms (cache miss)
408 timing reifyNode:node_modules/eslint-module-utils Completed in 675ms
409 http fetch GET 200 https://registry.npmjs.org/function.prototype.name/-/function.prototype.name-1.1.5.tgz 563ms (cache miss)
410 timing reifyNode:node_modules/function.prototype.name Completed in 680ms
411 http fetch GET 200 https://registry.npmjs.org/minimist/-/minimist-1.2.7.tgz 635ms (cache miss)
412 timing reifyNode:node_modules/minimist Completed in 688ms
413 http fetch GET 200 https://registry.npmjs.org/glob-stream 108ms (cache miss)
414 timing metavuln:packument:glob-stream Completed in 110ms
415 timing metavuln:load:security-advisory:glob-stream:S4NFkE/dxC92qTLWroavym0NwZzQKYtYudj/+ukE5LnX++Gm4YT6e2q8w6lEC60psmjq5CL7a6aosF0CCmRNEA== Completed in 0ms
416 timing metavuln:calculate:security-advisory:glob-stream:S4NFkE/dxC92qTLWroavym0NwZzQKYtYudj/+ukE5LnX++Gm4YT6e2q8w6lEC60psmjq5CL7a6aosF0CCmRNEA== Completed in 110ms
417 http fetch GET 200 https://registry.npmjs.org/chokidar 113ms (cache miss)
418 timing metavuln:packument:chokidar Completed in 115ms
419 timing metavuln:load:security-advisory:chokidar:S4NFkE/dxC92qTLWroavym0NwZzQKYtYudj/+ukE5LnX++Gm4YT6e2q8w6lEC60psmjq5CL7a6aosF0CCmRNEA== Completed in 0ms
420 timing metavuln:calculate:security-advisory:chokidar:S4NFkE/dxC92qTLWroavym0NwZzQKYtYudj/+ukE5LnX++Gm4YT6e2q8w6lEC60psmjq5CL7a6aosF0CCmRNEA== Completed in 115ms
421 http fetch GET 200 https://registry.npmjs.org/object-inspect/-/object-inspect-1.12.2.tgz 621ms (cache miss)
422 timing reifyNode:node_modules/object-inspect Completed in 711ms
423 timing metavuln:cache:get:security-advisory:vinyl-fs:mgadWvTrUlp9Q8EUKsAmE1P5Wut+RciMDk7X2LvHp6/5Ho+13HEDDE5ujQaTeTPsEWaqKebPiyL8ABwU+syPlQ== Completed in 13ms
424 timing reifyNode:node_modules/nan Completed in 730ms
425 timing reifyNode:node_modules/tsconfig-paths Completed in 737ms
426 http fetch GET 200 https://registry.npmjs.org/vinyl-fs 56ms (cache miss)
427 timing metavuln:packument:vinyl-fs Completed in 57ms
428 timing metavuln:load:security-advisory:vinyl-fs:wOBDY7XVyB7bw7hDgFXxYq4Dx0U82vZL2rNC6g71R03uF68eB8QyVq4X0IMSpVo1jZD/9TYb9OI3DQZwzcyikQ== Completed in 0ms
429 timing metavuln:calculate:security-advisory:vinyl-fs:wOBDY7XVyB7bw7hDgFXxYq4Dx0U82vZL2rNC6g71R03uF68eB8QyVq4X0IMSpVo1jZD/9TYb9OI3DQZwzcyikQ== Completed in 57ms
430 timing metavuln:cache:get:security-advisory:glob-watcher:Eq4Ta/ZX60+tQ3YdL1viMHCL0UX6/DE00K/3Vjf7m32RXRB0nH9Gd1SzUmg1BAVMFG0hVkxkZOUsMMktUhkHzw== Completed in 5ms
431 timing reifyNode:node_modules/eslint-plugin-import Completed in 800ms
432 http fetch GET 200 https://registry.npmjs.org/glob-watcher 77ms (cache miss)
433 timing metavuln:packument:glob-watcher Completed in 78ms
434 timing metavuln:load:security-advisory:glob-watcher:uf213K1qOikcEono5yiXr2SA5KaLVXavJZh/LQf7qKdqNe37cPKVWjxJ34dQtd0JVSJPdE69qCM6cjwVEtHv0A== Completed in 0ms
435 timing metavuln:calculate:security-advisory:glob-watcher:uf213K1qOikcEono5yiXr2SA5KaLVXavJZh/LQf7qKdqNe37cPKVWjxJ34dQtd0JVSJPdE69qCM6cjwVEtHv0A== Completed in 78ms
436 timing metavuln:cache:get:security-advisory:gulp:hRsiHpHfjkoSjFXbib850GT0Vqxm7A4pwxyZNzg02e9Y8RNJCbhzt3cGkJri05FKEyR6PANXRLurGiZUJGWrfw== Completed in 6ms
437 http fetch GET 200 https://registry.npmjs.org/gulp 44ms (cache miss)
438 timing metavuln:packument:gulp Completed in 46ms
439 timing metavuln:load:security-advisory:gulp:mgadWvTrUlp9Q8EUKsAmE1P5Wut+RciMDk7X2LvHp6/5Ho+13HEDDE5ujQaTeTPsEWaqKebPiyL8ABwU+syPlQ== Completed in 0ms
440 timing metavuln:calculate:security-advisory:gulp:mgadWvTrUlp9Q8EUKsAmE1P5Wut+RciMDk7X2LvHp6/5Ho+13HEDDE5ujQaTeTPsEWaqKebPiyL8ABwU+syPlQ== Completed in 46ms
441 timing metavuln:cache:get:security-advisory:gulp:nnMArVwQO7XKr6NBO+Q5ExE3/ImkCxYABrP4eEaCUDvJI1X60esQnIrB6JwCqBT+eHmfuEwKJyyOIVWPv84IaQ== Completed in 3ms
442 timing metavuln:load:security-advisory:gulp:Eq4Ta/ZX60+tQ3YdL1viMHCL0UX6/DE00K/3Vjf7m32RXRB0nH9Gd1SzUmg1BAVMFG0hVkxkZOUsMMktUhkHzw== Completed in 2ms
443 timing metavuln:calculate:security-advisory:gulp:Eq4Ta/ZX60+tQ3YdL1viMHCL0UX6/DE00K/3Vjf7m32RXRB0nH9Gd1SzUmg1BAVMFG0hVkxkZOUsMMktUhkHzw== Completed in 5ms
444 timing metavuln:cache:get:security-advisory:nodejs-package:UDyDKhzloAqditFIyxN0veEgaRB4HxMoyLtZQUxKnfe9PaTMC9YDKSIQL4ENehqFwFsMf0msmjG5HDLSwdfPwQ== Completed in 3ms
445 http fetch GET 200 https://registry.npmjs.org/nodejs-package 39ms (cache miss)
446 timing metavuln:packument:nodejs-package Completed in 39ms
447 timing metavuln:load:security-advisory:nodejs-package:hRsiHpHfjkoSjFXbib850GT0Vqxm7A4pwxyZNzg02e9Y8RNJCbhzt3cGkJri05FKEyR6PANXRLurGiZUJGWrfw== Completed in 1ms
448 timing metavuln:cache:put:security-advisory:nodejs-package:UDyDKhzloAqditFIyxN0veEgaRB4HxMoyLtZQUxKnfe9PaTMC9YDKSIQL4ENehqFwFsMf0msmjG5HDLSwdfPwQ== Completed in 8ms
449 timing metavuln:calculate:security-advisory:nodejs-package:hRsiHpHfjkoSjFXbib850GT0Vqxm7A4pwxyZNzg02e9Y8RNJCbhzt3cGkJri05FKEyR6PANXRLurGiZUJGWrfw== Completed in 49ms
450 timing auditReport:init Completed in 524ms
451 timing reify:audit Completed in 950ms
452 http fetch GET 200 https://registry.npmjs.org/es-abstract/-/es-abstract-1.20.5.tgz 1215ms (cache miss)
453 timing reifyNode:node_modules/es-abstract Completed in 1345ms
454 timing reify:unpack Completed in 1351ms
455 timing reify:unretire Completed in 0ms
456 timing build:queue Completed in 6ms
457 timing build:link:node_modules/tsconfig-paths/node_modules/json5 Completed in 4ms
458 timing build:link Completed in 4ms
459 timing build:deps Completed in 12ms
460 timing build Completed in 13ms
461 timing reify:build Completed in 14ms
462 timing reify:trash Completed in 23ms
463 timing reify:save Completed in 202ms
464 timing reify Completed in 3667ms
465 silly ADD node_modules/is-number-object
466 silly ADD node_modules/is-boolean-object
467 silly ADD node_modules/is-bigint
468 silly ADD node_modules/which-boxed-primitive
469 silly ADD node_modules/has-bigints
470 silly ADD node_modules/minimist
471 silly ADD node_modules/@types/json5
472 silly ADD node_modules/has-tostringtag
473 silly ADD node_modules/side-channel
474 silly ADD node_modules/functions-have-names
475 silly ADD node_modules/is-symbol
476 silly ADD node_modules/is-date-object
477 silly ADD node_modules/unbox-primitive
478 silly ADD node_modules/string.prototype.trimstart
479 silly ADD node_modules/string.prototype.trimend
480 silly ADD node_modules/safe-regex-test
481 silly ADD node_modules/regexp.prototype.flags
482 silly ADD node_modules/object-inspect
483 silly ADD node_modules/is-weakref
484 silly ADD node_modules/is-shared-array-buffer
485 silly ADD node_modules/is-regex
486 silly ADD node_modules/is-negative-zero
487 silly ADD node_modules/is-callable
488 silly ADD node_modules/internal-slot
489 silly ADD node_modules/gopd
490 silly ADD node_modules/get-symbol-description
491 silly ADD node_modules/function.prototype.name
492 silly ADD node_modules/es-to-primitive
493 silly ADD node_modules/es-shim-unscopables
494 silly ADD node_modules/is-string
495 silly ADD node_modules/es-abstract
496 silly ADD node_modules/tsconfig-paths
497 silly ADD node_modules/tsconfig-paths/node_modules/strip-bom
498 silly ADD node_modules/tsconfig-paths/node_modules/json5
499 silly ADD node_modules/object.values
500 silly ADD node_modules/eslint-module-utils
501 silly ADD node_modules/eslint-module-utils/node_modules/debug
502 silly ADD node_modules/eslint-import-resolver-node
503 silly ADD node_modules/eslint-import-resolver-node/node_modules/debug
504 silly ADD node_modules/array.prototype.flat
505 silly ADD node_modules/array-includes
506 silly ADD node_modules/object.entries
507 silly ADD node_modules/confusing-browser-globals
508 silly ADD node_modules/eslint-plugin-import
509 silly ADD node_modules/eslint-plugin-import/node_modules/ms
510 silly ADD node_modules/eslint-plugin-import/node_modules/doctrine
511 silly ADD node_modules/eslint-plugin-import/node_modules/debug
512 silly ADD node_modules/eslint-config-airbnb-base
513 silly ADD
514 silly ADD
515 silly ADD
516 silly ADD
517 silly ADD
518 timing command:install Completed in 3682ms
519 verbose exit 0
520 timing npm Completed in 3851ms
521 info ok
