0 verbose cli [ '/usr/bin/node', '/usr/bin/npm', 'init', '@eslint/config' ]
1 info using npm@8.5.1
2 info using node@v12.22.9
3 timing npm:load:whichnode Completed in 0ms
4 timing config:load:defaults Completed in 1ms
5 timing config:load:file:/usr/share/nodejs/npm/npmrc Completed in 3ms
6 timing config:load:builtin Completed in 3ms
7 timing config:load:cli Completed in 1ms
8 timing config:load:env Completed in 0ms
9 timing config:load:file:/home/sweetsk8er/hexlet-hello-world/.npmrc Completed in 0ms
10 timing config:load:project Completed in 2ms
11 timing config:load:file:/home/sweetsk8er/.npmrc Completed in 0ms
12 timing config:load:user Completed in 0ms
13 timing config:load:file:/etc/npmrc Completed in 0ms
14 timing config:load:global Completed in 0ms
15 timing config:load:validate Completed in 1ms
16 timing config:load:credentials Completed in 0ms
17 timing config:load:setEnvs Completed in 1ms
18 timing config:load Completed in 10ms
19 timing npm:load:configload Completed in 10ms
20 timing npm:load:setTitle Completed in 0ms
21 timing config:load:flatten Completed in 2ms
22 timing npm:load:display Completed in 4ms
23 verbose logfile /home/sweetsk8er/.npm/_logs/2022-12-09T11_36_25_049Z-debug-0.log
24 timing npm:load:logFile Completed in 5ms
25 timing npm:load:timers Completed in 0ms
26 timing npm:load:configScope Completed in 0ms
27 timing npm:load Completed in 20ms
28 silly logfile start cleaning logs, removing 1 files
29 http fetch GET 200 https://registry.npmjs.org/@eslint%2fcreate-config 1959ms (cache miss)
30 timing arborist:ctor Completed in 1ms
31 timing arborist:ctor Completed in 0ms
32 timing arborist:ctor Completed in 1ms
33 timing arborist:ctor Completed in 0ms
34 timing idealTree:init Completed in 4ms
35 timing idealTree:userRequests Completed in 1ms
36 silly idealTree buildDeps
37 silly fetch manifest @eslint/create-config@*
38 http fetch GET 200 https://registry.npmjs.org/@eslint%2fcreate-config 97ms (cache miss)
39 silly placeDep ROOT @eslint/create-config@0.4.1 OK for:  want: *
40 silly fetch manifest @eslint/eslintrc@^1.0.3
41 silly fetch manifest cross-spawn@^7.0.2
42 silly fetch manifest debug@^4.0.1
43 silly fetch manifest enquirer@^2.3.5
44 silly fetch manifest js-yaml@^4.1.0
45 silly fetch manifest json-stable-stringify-without-jsonify@^1.0.1
46 silly fetch manifest mri@^1.2.0
47 silly fetch manifest semver@^7.2.1
48 http fetch GET 200 https://registry.npmjs.org/cross-spawn 79ms (cache miss)
49 http fetch GET 200 https://registry.npmjs.org/json-stable-stringify-without-jsonify 82ms (cache miss)
50 http fetch GET 200 https://registry.npmjs.org/mri 90ms (cache miss)
51 http fetch GET 200 https://registry.npmjs.org/debug 94ms (cache miss)
52 http fetch GET 200 https://registry.npmjs.org/js-yaml 99ms (cache miss)
53 http fetch GET 200 https://registry.npmjs.org/@eslint%2feslintrc 104ms (cache miss)
54 http fetch GET 200 https://registry.npmjs.org/enquirer 103ms (cache miss)
55 http fetch GET 200 https://registry.npmjs.org/semver 110ms (cache miss)
56 timing idealTree:#root Completed in 222ms
57 silly placeDep ROOT @eslint/eslintrc@1.3.3 OK for: @eslint/create-config@0.4.1 want: ^1.0.3
58 silly placeDep ROOT cross-spawn@7.0.3 OK for: @eslint/create-config@0.4.1 want: ^7.0.2
59 silly placeDep ROOT debug@4.3.4 OK for: @eslint/create-config@0.4.1 want: ^4.0.1
60 silly placeDep ROOT enquirer@2.3.6 OK for: @eslint/create-config@0.4.1 want: ^2.3.5
61 silly placeDep ROOT js-yaml@4.1.0 OK for: @eslint/create-config@0.4.1 want: ^4.1.0
62 silly placeDep ROOT json-stable-stringify-without-jsonify@1.0.1 OK for: @eslint/create-config@0.4.1 want: ^1.0.1
63 silly placeDep ROOT mri@1.2.0 OK for: @eslint/create-config@0.4.1 want: ^1.2.0
64 silly placeDep ROOT semver@7.3.8 OK for: @eslint/create-config@0.4.1 want: ^7.2.1
65 silly fetch manifest ajv@^6.12.4
66 silly fetch manifest espree@^9.4.0
67 silly fetch manifest globals@^13.15.0
68 silly fetch manifest ignore@^5.2.0
69 silly fetch manifest import-fresh@^3.2.1
70 silly fetch manifest minimatch@^3.1.2
71 silly fetch manifest strip-json-comments@^3.1.1
72 silly fetch manifest path-key@^3.1.0
73 silly fetch manifest shebang-command@^2.0.0
74 silly fetch manifest which@^2.0.1
75 silly fetch manifest ms@2.1.2
76 silly fetch manifest ansi-colors@^4.1.1
77 silly fetch manifest argparse@^2.0.1
78 silly fetch manifest lru-cache@^6.0.0
79 http fetch GET 200 https://registry.npmjs.org/strip-json-comments 50ms (cache miss)
80 http fetch GET 200 https://registry.npmjs.org/minimatch 69ms (cache miss)
81 http fetch GET 200 https://registry.npmjs.org/path-key 70ms (cache miss)
82 http fetch GET 200 https://registry.npmjs.org/import-fresh 76ms (cache miss)
83 http fetch GET 200 https://registry.npmjs.org/ms 77ms (cache miss)
84 http fetch GET 200 https://registry.npmjs.org/shebang-command 104ms (cache miss)
85 http fetch GET 200 https://registry.npmjs.org/argparse 102ms (cache miss)
86 http fetch GET 200 https://registry.npmjs.org/ignore 109ms (cache miss)
87 http fetch GET 200 https://registry.npmjs.org/globals 146ms (cache miss)
88 http fetch GET 200 https://registry.npmjs.org/which 147ms (cache miss)
89 http fetch GET 200 https://registry.npmjs.org/lru-cache 157ms (cache miss)
90 http fetch GET 200 https://registry.npmjs.org/espree 168ms (cache miss)
91 http fetch GET 200 https://registry.npmjs.org/ansi-colors 164ms (cache miss)
92 http fetch GET 200 https://registry.npmjs.org/ajv 207ms (cache miss)
93 timing idealTree:node_modules/@eslint/create-config Completed in 231ms
94 silly placeDep ROOT ajv@6.12.6 OK for: @eslint/eslintrc@1.3.3 want: ^6.12.4
95 silly placeDep ROOT espree@9.4.1 OK for: @eslint/eslintrc@1.3.3 want: ^9.4.0
96 silly placeDep ROOT globals@13.18.0 OK for: @eslint/eslintrc@1.3.3 want: ^13.15.0
97 silly placeDep ROOT ignore@5.2.1 OK for: @eslint/eslintrc@1.3.3 want: ^5.2.0
98 silly placeDep ROOT import-fresh@3.3.0 OK for: @eslint/eslintrc@1.3.3 want: ^3.2.1
99 silly placeDep ROOT minimatch@3.1.2 OK for: @eslint/eslintrc@1.3.3 want: ^3.1.2
100 silly placeDep ROOT strip-json-comments@3.1.1 OK for: @eslint/eslintrc@1.3.3 want: ^3.1.1
101 silly fetch manifest fast-deep-equal@^3.1.1
102 silly fetch manifest fast-json-stable-stringify@^2.0.0
103 silly fetch manifest json-schema-traverse@^0.4.1
104 silly fetch manifest uri-js@^4.2.2
105 silly fetch manifest acorn@^8.8.0
106 silly fetch manifest acorn-jsx@^5.3.2
107 silly fetch manifest eslint-visitor-keys@^3.3.0
108 silly fetch manifest type-fest@^0.20.2
109 silly fetch manifest parent-module@^1.0.0
110 silly fetch manifest resolve-from@^4.0.0
111 silly fetch manifest brace-expansion@^1.1.7
112 http fetch GET 200 https://registry.npmjs.org/fast-json-stable-stringify 66ms (cache miss)
113 http fetch GET 200 https://registry.npmjs.org/brace-expansion 63ms (cache miss)
114 http fetch GET 200 https://registry.npmjs.org/json-schema-traverse 70ms (cache miss)
115 http fetch GET 200 https://registry.npmjs.org/parent-module 67ms (cache miss)
116 http fetch GET 200 https://registry.npmjs.org/acorn 95ms (cache miss)
117 http fetch GET 200 https://registry.npmjs.org/uri-js 115ms (cache miss)
118 http fetch GET 200 https://registry.npmjs.org/fast-deep-equal 122ms (cache miss)
119 http fetch GET 200 https://registry.npmjs.org/eslint-visitor-keys 124ms (cache miss)
120 http fetch GET 200 https://registry.npmjs.org/resolve-from 122ms (cache miss)
121 http fetch GET 200 https://registry.npmjs.org/acorn-jsx 126ms (cache miss)
122 http fetch GET 200 https://registry.npmjs.org/type-fest 126ms (cache miss)
123 timing idealTree:node_modules/@eslint/eslintrc Completed in 141ms
124 silly placeDep ROOT fast-deep-equal@3.1.3 OK for: ajv@6.12.6 want: ^3.1.1
125 silly placeDep ROOT fast-json-stable-stringify@2.1.0 OK for: ajv@6.12.6 want: ^2.0.0
126 silly placeDep ROOT json-schema-traverse@0.4.1 OK for: ajv@6.12.6 want: ^0.4.1
127 silly placeDep ROOT uri-js@4.4.1 OK for: ajv@6.12.6 want: ^4.2.2
128 silly fetch manifest punycode@^2.1.0
129 http fetch GET 200 https://registry.npmjs.org/punycode 37ms (cache miss)
130 timing idealTree:node_modules/ajv Completed in 44ms
131 silly placeDep ROOT path-key@3.1.1 OK for: cross-spawn@7.0.3 want: ^3.1.0
132 silly placeDep ROOT shebang-command@2.0.0 OK for: cross-spawn@7.0.3 want: ^2.0.0
133 silly placeDep ROOT which@2.0.2 OK for: cross-spawn@7.0.3 want: ^2.0.1
134 silly fetch manifest shebang-regex@^3.0.0
135 silly fetch manifest isexe@^2.0.0
136 http fetch GET 200 https://registry.npmjs.org/shebang-regex 34ms (cache miss)
137 http fetch GET 200 https://registry.npmjs.org/isexe 49ms (cache miss)
138 timing idealTree:node_modules/cross-spawn Completed in 54ms
139 silly placeDep ROOT ms@2.1.2 OK for: debug@4.3.4 want: 2.1.2
140 timing idealTree:node_modules/debug Completed in 1ms
141 silly placeDep ROOT ansi-colors@4.1.3 OK for: enquirer@2.3.6 want: ^4.1.1
142 timing idealTree:node_modules/enquirer Completed in 1ms
143 timing idealTree:node_modules/ansi-colors Completed in 0ms
144 silly placeDep ROOT acorn@8.8.1 OK for: espree@9.4.1 want: ^8.8.0
145 silly placeDep ROOT acorn-jsx@5.3.2 OK for: espree@9.4.1 want: ^5.3.2
146 silly placeDep ROOT eslint-visitor-keys@3.3.0 OK for: espree@9.4.1 want: ^3.3.0
147 timing idealTree:node_modules/espree Completed in 6ms
148 timing idealTree:node_modules/acorn Completed in 0ms
149 timing idealTree:node_modules/acorn-jsx Completed in 0ms
150 timing idealTree:node_modules/eslint-visitor-keys Completed in 0ms
151 timing idealTree:node_modules/fast-deep-equal Completed in 0ms
152 timing idealTree:node_modules/fast-json-stable-stringify Completed in 0ms
153 silly placeDep ROOT type-fest@0.20.2 OK for: globals@13.18.0 want: ^0.20.2
154 timing idealTree:node_modules/globals Completed in 1ms
155 timing idealTree:node_modules/ignore Completed in 0ms
156 silly placeDep ROOT parent-module@1.0.1 OK for: import-fresh@3.3.0 want: ^1.0.0
157 silly placeDep ROOT resolve-from@4.0.0 OK for: import-fresh@3.3.0 want: ^4.0.0
158 silly fetch manifest callsites@^3.0.0
159 http fetch GET 200 https://registry.npmjs.org/callsites 31ms (cache miss)
160 timing idealTree:node_modules/import-fresh Completed in 33ms
161 silly placeDep ROOT argparse@2.0.1 OK for: js-yaml@4.1.0 want: ^2.0.1
162 timing idealTree:node_modules/js-yaml Completed in 1ms
163 timing idealTree:node_modules/argparse Completed in 0ms
164 timing idealTree:node_modules/json-schema-traverse Completed in 0ms
165 timing idealTree:node_modules/json-stable-stringify-without-jsonify Completed in 0ms
166 silly placeDep ROOT brace-expansion@1.1.11 OK for: minimatch@3.1.2 want: ^1.1.7
167 silly fetch manifest balanced-match@^1.0.0
168 silly fetch manifest concat-map@0.0.1
169 http fetch GET 200 https://registry.npmjs.org/balanced-match 46ms (cache miss)
170 http fetch GET 200 https://registry.npmjs.org/concat-map 46ms (cache miss)
171 timing idealTree:node_modules/minimatch Completed in 49ms
172 silly placeDep ROOT balanced-match@1.0.2 OK for: brace-expansion@1.1.11 want: ^1.0.0
173 silly placeDep ROOT concat-map@0.0.1 OK for: brace-expansion@1.1.11 want: 0.0.1
174 timing idealTree:node_modules/brace-expansion Completed in 2ms
175 timing idealTree:node_modules/balanced-match Completed in 0ms
176 timing idealTree:node_modules/concat-map Completed in 0ms
177 timing idealTree:node_modules/mri Completed in 0ms
178 timing idealTree:node_modules/ms Completed in 0ms
179 silly placeDep ROOT callsites@3.1.0 OK for: parent-module@1.0.1 want: ^3.0.0
180 timing idealTree:node_modules/parent-module Completed in 1ms
181 timing idealTree:node_modules/callsites Completed in 0ms
182 timing idealTree:node_modules/path-key Completed in 0ms
183 timing idealTree:node_modules/resolve-from Completed in 0ms
184 silly placeDep ROOT lru-cache@6.0.0 OK for: semver@7.3.8 want: ^6.0.0
185 silly fetch manifest yallist@^4.0.0
186 http fetch GET 200 https://registry.npmjs.org/yallist 64ms (cache miss)
187 timing idealTree:node_modules/semver Completed in 66ms
188 silly placeDep ROOT yallist@4.0.0 OK for: lru-cache@6.0.0 want: ^4.0.0
189 timing idealTree:node_modules/lru-cache Completed in 1ms
190 silly placeDep ROOT shebang-regex@3.0.0 OK for: shebang-command@2.0.0 want: ^3.0.0
191 timing idealTree:node_modules/shebang-command Completed in 2ms
192 timing idealTree:node_modules/shebang-regex Completed in 0ms
193 timing idealTree:node_modules/strip-json-comments Completed in 0ms
194 timing idealTree:node_modules/type-fest Completed in 0ms
195 silly placeDep ROOT punycode@2.1.1 OK for: uri-js@4.4.1 want: ^2.1.0
196 timing idealTree:node_modules/uri-js Completed in 3ms
197 timing idealTree:node_modules/punycode Completed in 0ms
198 silly placeDep ROOT isexe@2.0.0 OK for: which@2.0.2 want: ^2.0.0
199 timing idealTree:node_modules/which Completed in 1ms
200 timing idealTree:node_modules/isexe Completed in 0ms
201 timing idealTree:node_modules/yallist Completed in 0ms
202 timing idealTree:buildDeps Completed in 863ms
203 timing idealTree:fixDepFlags Completed in 1ms
204 timing idealTree Completed in 872ms
205 timing reify:loadTrees Completed in 872ms
206 timing reify:diffTrees Completed in 1ms
207 silly reify moves {}
208 timing reify:retireShallow Completed in 1ms
209 timing reify:createSparse Completed in 16ms
210 timing reify:loadBundles Completed in 0ms
211 silly audit bulk request {
211 silly audit   '@eslint/create-config': [ '0.4.1' ],
211 silly audit   '@eslint/eslintrc': [ '1.3.3' ],
211 silly audit   'cross-spawn': [ '7.0.3' ],
211 silly audit   debug: [ '4.3.4' ],
211 silly audit   enquirer: [ '2.3.6' ],
211 silly audit   'js-yaml': [ '4.1.0' ],
211 silly audit   'json-stable-stringify-without-jsonify': [ '1.0.1' ],
211 silly audit   mri: [ '1.2.0' ],
211 silly audit   semver: [ '7.3.8' ],
211 silly audit   ajv: [ '6.12.6' ],
211 silly audit   espree: [ '9.4.1' ],
211 silly audit   globals: [ '13.18.0' ],
211 silly audit   ignore: [ '5.2.1' ],
211 silly audit   'import-fresh': [ '3.3.0' ],
211 silly audit   minimatch: [ '3.1.2' ],
211 silly audit   'strip-json-comments': [ '3.1.1' ],
211 silly audit   'fast-deep-equal': [ '3.1.3' ],
211 silly audit   'fast-json-stable-stringify': [ '2.1.0' ],
211 silly audit   'json-schema-traverse': [ '0.4.1' ],
211 silly audit   'uri-js': [ '4.4.1' ],
211 silly audit   'path-key': [ '3.1.1' ],
211 silly audit   'shebang-command': [ '2.0.0' ],
211 silly audit   which: [ '2.0.2' ],
211 silly audit   ms: [ '2.1.2' ],
211 silly audit   'ansi-colors': [ '4.1.3' ],
211 silly audit   acorn: [ '8.8.1' ],
211 silly audit   'acorn-jsx': [ '5.3.2' ],
211 silly audit   'eslint-visitor-keys': [ '3.3.0' ],
211 silly audit   'type-fest': [ '0.20.2' ],
211 silly audit   'parent-module': [ '1.0.1' ],
211 silly audit   'resolve-from': [ '4.0.0' ],
211 silly audit   argparse: [ '2.0.1' ],
211 silly audit   'brace-expansion': [ '1.1.11' ],
211 silly audit   'balanced-match': [ '1.0.2' ],
211 silly audit   'concat-map': [ '0.0.1' ],
211 silly audit   callsites: [ '3.1.0' ],
211 silly audit   'lru-cache': [ '6.0.0' ],
211 silly audit   yallist: [ '4.0.0' ],
211 silly audit   'shebang-regex': [ '3.0.0' ],
211 silly audit   punycode: [ '2.1.1' ],
211 silly audit   isexe: [ '2.0.0' ]
211 silly audit }
212 silly tarball no local data for acorn@https://registry.npmjs.org/acorn/-/acorn-8.8.1.tgz. Extracting by manifest.
213 silly tarball no local data for ansi-colors@https://registry.npmjs.org/ansi-colors/-/ansi-colors-4.1.3.tgz. Extracting by manifest.
214 silly tarball no local data for ignore@https://registry.npmjs.org/ignore/-/ignore-5.2.1.tgz. Extracting by manifest.
215 silly tarball no local data for globals@https://registry.npmjs.org/globals/-/globals-13.18.0.tgz. Extracting by manifest.
216 silly tarball no local data for espree@https://registry.npmjs.org/espree/-/espree-9.4.1.tgz. Extracting by manifest.
217 silly tarball no local data for mri@https://registry.npmjs.org/mri/-/mri-1.2.0.tgz. Extracting by manifest.
218 silly tarball no local data for enquirer@https://registry.npmjs.org/enquirer/-/enquirer-2.3.6.tgz. Extracting by manifest.
219 silly tarball no local data for @eslint/eslintrc@https://registry.npmjs.org/@eslint/eslintrc/-/eslintrc-1.3.3.tgz. Extracting by manifest.
220 silly tarball no local data for @eslint/create-config@https://registry.npmjs.org/@eslint/create-config/-/create-config-0.4.1.tgz. Extracting by manifest.
221 timing reifyNode:node_modules/brace-expansion Completed in 214ms
222 timing reifyNode:node_modules/resolve-from Completed in 214ms
223 timing reifyNode:node_modules/parent-module Completed in 213ms
224 timing reifyNode:node_modules/ms Completed in 214ms
225 timing reifyNode:node_modules/shebang-command Completed in 215ms
226 timing reifyNode:node_modules/shebang-regex Completed in 218ms
227 timing reifyNode:node_modules/lru-cache Completed in 218ms
228 timing reifyNode:node_modules/callsites Completed in 218ms
229 timing reifyNode:node_modules/path-key Completed in 219ms
230 timing reifyNode:node_modules/strip-json-comments Completed in 220ms
231 timing reifyNode:node_modules/import-fresh Completed in 220ms
232 timing reifyNode:node_modules/yallist Completed in 224ms
233 timing reifyNode:node_modules/balanced-match Completed in 224ms
234 timing reifyNode:node_modules/which Completed in 229ms
235 timing reifyNode:node_modules/minimatch Completed in 229ms
236 timing reifyNode:node_modules/punycode Completed in 235ms
237 timing reifyNode:node_modules/acorn-jsx Completed in 235ms
238 timing reifyNode:node_modules/concat-map Completed in 241ms
239 timing reifyNode:node_modules/debug Completed in 244ms
240 timing reifyNode:node_modules/isexe Completed in 247ms
241 timing reifyNode:node_modules/cross-spawn Completed in 254ms
242 timing reifyNode:node_modules/json-schema-traverse Completed in 256ms
243 timing reifyNode:node_modules/eslint-visitor-keys Completed in 259ms
244 timing reifyNode:node_modules/fast-deep-equal Completed in 260ms
245 timing reifyNode:node_modules/argparse Completed in 275ms
246 http fetch POST 200 https://registry.npmjs.org/-/npm/v1/security/advisories/bulk 283ms
247 timing auditReport:getReport Completed in 285ms
248 silly audit report {}
249 timing auditReport:init Completed in 0ms
250 timing reify:audit Completed in 286ms
251 timing reifyNode:node_modules/json-stable-stringify-without-jsonify Completed in 279ms
252 timing reifyNode:node_modules/fast-json-stable-stringify Completed in 282ms
253 http fetch GET 200 https://registry.npmjs.org/ansi-colors/-/ansi-colors-4.1.3.tgz 249ms (cache miss)
254 timing reifyNode:node_modules/ansi-colors Completed in 285ms
255 http fetch GET 200 https://registry.npmjs.org/mri/-/mri-1.2.0.tgz 239ms (cache miss)
256 timing reifyNode:node_modules/mri Completed in 294ms
257 http fetch GET 200 https://registry.npmjs.org/globals/-/globals-13.18.0.tgz 253ms (cache miss)
258 timing reifyNode:node_modules/globals Completed in 298ms
259 http fetch GET 200 https://registry.npmjs.org/ignore/-/ignore-5.2.1.tgz 267ms (cache miss)
260 timing reifyNode:node_modules/ignore Completed in 308ms
261 http fetch GET 200 https://registry.npmjs.org/espree/-/espree-9.4.1.tgz 270ms (cache miss)
262 timing reifyNode:node_modules/espree Completed in 317ms
263 timing reifyNode:node_modules/type-fest Completed in 346ms
264 timing reifyNode:node_modules/semver Completed in 351ms
265 http fetch GET 200 https://registry.npmjs.org/acorn/-/acorn-8.8.1.tgz 334ms (cache miss)
266 timing reifyNode:node_modules/acorn Completed in 367ms
267 timing reifyNode:node_modules/js-yaml Completed in 368ms
268 timing reifyNode:node_modules/uri-js Completed in 381ms
269 http fetch GET 200 https://registry.npmjs.org/enquirer/-/enquirer-2.3.6.tgz 328ms (cache miss)
270 timing reifyNode:node_modules/enquirer Completed in 386ms
271 http fetch GET 200 https://registry.npmjs.org/@eslint/eslintrc/-/eslintrc-1.3.3.tgz 334ms (cache miss)
272 timing reifyNode:node_modules/@eslint/eslintrc Completed in 396ms
273 timing reifyNode:node_modules/ajv Completed in 410ms
274 http fetch GET 200 https://registry.npmjs.org/@eslint/create-config/-/create-config-0.4.1.tgz 939ms (cache miss)
275 timing reifyNode:node_modules/@eslint/create-config Completed in 1006ms
276 timing reify:unpack Completed in 1009ms
277 timing reify:unretire Completed in 0ms
278 timing build:queue Completed in 3ms
279 timing build:link:node_modules/@eslint/create-config Completed in 5ms
280 timing build:link:node_modules/js-yaml Completed in 4ms
281 timing build:link:node_modules/acorn Completed in 4ms
282 timing build:link:node_modules/semver Completed in 4ms
283 timing build:link:node_modules/which Completed in 4ms
284 timing build:link Completed in 5ms
285 timing build:deps Completed in 8ms
286 timing build Completed in 8ms
287 timing reify:build Completed in 8ms
288 timing reify:trash Completed in 0ms
289 timing reify:save Completed in 13ms
290 timing reify Completed in 1935ms
291 timing command:init Completed in 129522ms
292 verbose exit 0
293 timing npm Completed in 129737ms
294 info ok
