0 verbose cli [ '/usr/bin/node', '/usr/bin/npm', 'install', '--nodejs-package' ]
1 info using npm@8.5.1
2 info using node@v12.22.9
3 timing npm:load:whichnode Completed in 0ms
4 timing config:load:defaults Completed in 1ms
5 timing config:load:file:/usr/share/nodejs/npm/npmrc Completed in 3ms
6 timing config:load:builtin Completed in 3ms
7 timing config:load:cli Completed in 2ms
8 timing config:load:env Completed in 0ms
9 timing config:load:file:/home/sweetsk8er/hexlet-hello-world/.npmrc Completed in 0ms
10 timing config:load:project Completed in 2ms
11 timing config:load:file:/home/sweetsk8er/.npmrc Completed in 1ms
12 timing config:load:user Completed in 1ms
13 timing config:load:file:/etc/npmrc Completed in 0ms
14 timing config:load:global Completed in 0ms
15 timing config:load:validate Completed in 0ms
16 timing config:load:credentials Completed in 1ms
17 timing config:load:setEnvs Completed in 1ms
18 timing config:load Completed in 11ms
19 timing npm:load:configload Completed in 11ms
20 timing npm:load:setTitle Completed in 0ms
21 timing config:load:flatten Completed in 3ms
22 timing npm:load:display Completed in 4ms
23 verbose logfile /home/sweetsk8er/.npm/_logs/2022-12-09T11_05_55_735Z-debug-0.log
24 timing npm:load:logFile Completed in 5ms
25 timing npm:load:timers Completed in 0ms
26 timing npm:load:configScope Completed in 0ms
27 timing npm:load Completed in 21ms
28 timing arborist:ctor Completed in 1ms
29 timing idealTree:init Completed in 210ms
30 timing idealTree:userRequests Completed in 0ms
31 silly idealTree buildDeps
32 timing idealTree:#root Completed in 0ms
33 timing idealTree:buildDeps Completed in 2ms
34 timing idealTree:fixDepFlags Completed in 0ms
35 warn EBADENGINE Unsupported engine {
35 warn EBADENGINE   package: '@jest/console@29.3.1',
35 warn EBADENGINE   required: { node: '^14.15.0 || ^16.10.0 || >=18.0.0' },
35 warn EBADENGINE   current: { node: 'v12.22.9', npm: '8.5.1' }
35 warn EBADENGINE }
36 warn EBADENGINE Unsupported engine {
36 warn EBADENGINE   package: '@jest/core@29.3.1',
36 warn EBADENGINE   required: { node: '^14.15.0 || ^16.10.0 || >=18.0.0' },
36 warn EBADENGINE   current: { node: 'v12.22.9', npm: '8.5.1' }
36 warn EBADENGINE }
37 warn EBADENGINE Unsupported engine {
37 warn EBADENGINE   package: '@jest/environment@29.3.1',
37 warn EBADENGINE   required: { node: '^14.15.0 || ^16.10.0 || >=18.0.0' },
37 warn EBADENGINE   current: { node: 'v12.22.9', npm: '8.5.1' }
37 warn EBADENGINE }
38 warn EBADENGINE Unsupported engine {
38 warn EBADENGINE   package: '@jest/expect@29.3.1',
38 warn EBADENGINE   required: { node: '^14.15.0 || ^16.10.0 || >=18.0.0' },
38 warn EBADENGINE   current: { node: 'v12.22.9', npm: '8.5.1' }
38 warn EBADENGINE }
39 warn EBADENGINE Unsupported engine {
39 warn EBADENGINE   package: '@jest/expect-utils@29.3.1',
39 warn EBADENGINE   required: { node: '^14.15.0 || ^16.10.0 || >=18.0.0' },
39 warn EBADENGINE   current: { node: 'v12.22.9', npm: '8.5.1' }
39 warn EBADENGINE }
40 warn EBADENGINE Unsupported engine {
40 warn EBADENGINE   package: '@jest/fake-timers@29.3.1',
40 warn EBADENGINE   required: { node: '^14.15.0 || ^16.10.0 || >=18.0.0' },
40 warn EBADENGINE   current: { node: 'v12.22.9', npm: '8.5.1' }
40 warn EBADENGINE }
41 warn EBADENGINE Unsupported engine {
41 warn EBADENGINE   package: '@jest/globals@29.3.1',
41 warn EBADENGINE   required: { node: '^14.15.0 || ^16.10.0 || >=18.0.0' },
41 warn EBADENGINE   current: { node: 'v12.22.9', npm: '8.5.1' }
41 warn EBADENGINE }
42 warn EBADENGINE Unsupported engine {
42 warn EBADENGINE   package: '@jest/reporters@29.3.1',
42 warn EBADENGINE   required: { node: '^14.15.0 || ^16.10.0 || >=18.0.0' },
42 warn EBADENGINE   current: { node: 'v12.22.9', npm: '8.5.1' }
42 warn EBADENGINE }
43 warn EBADENGINE Unsupported engine {
43 warn EBADENGINE   package: '@jest/schemas@29.0.0',
43 warn EBADENGINE   required: { node: '^14.15.0 || ^16.10.0 || >=18.0.0' },
43 warn EBADENGINE   current: { node: 'v12.22.9', npm: '8.5.1' }
43 warn EBADENGINE }
44 warn EBADENGINE Unsupported engine {
44 warn EBADENGINE   package: '@jest/source-map@29.2.0',
44 warn EBADENGINE   required: { node: '^14.15.0 || ^16.10.0 || >=18.0.0' },
44 warn EBADENGINE   current: { node: 'v12.22.9', npm: '8.5.1' }
44 warn EBADENGINE }
45 warn EBADENGINE Unsupported engine {
45 warn EBADENGINE   package: '@jest/test-result@29.3.1',
45 warn EBADENGINE   required: { node: '^14.15.0 || ^16.10.0 || >=18.0.0' },
45 warn EBADENGINE   current: { node: 'v12.22.9', npm: '8.5.1' }
45 warn EBADENGINE }
46 warn EBADENGINE Unsupported engine {
46 warn EBADENGINE   package: '@jest/test-sequencer@29.3.1',
46 warn EBADENGINE   required: { node: '^14.15.0 || ^16.10.0 || >=18.0.0' },
46 warn EBADENGINE   current: { node: 'v12.22.9', npm: '8.5.1' }
46 warn EBADENGINE }
47 warn EBADENGINE Unsupported engine {
47 warn EBADENGINE   package: '@jest/transform@29.3.1',
47 warn EBADENGINE   required: { node: '^14.15.0 || ^16.10.0 || >=18.0.0' },
47 warn EBADENGINE   current: { node: 'v12.22.9', npm: '8.5.1' }
47 warn EBADENGINE }
48 warn EBADENGINE Unsupported engine {
48 warn EBADENGINE   package: '@jest/types@29.3.1',
48 warn EBADENGINE   required: { node: '^14.15.0 || ^16.10.0 || >=18.0.0' },
48 warn EBADENGINE   current: { node: 'v12.22.9', npm: '8.5.1' }
48 warn EBADENGINE }
49 warn EBADENGINE Unsupported engine {
49 warn EBADENGINE   package: 'babel-jest@29.3.1',
49 warn EBADENGINE   required: { node: '^14.15.0 || ^16.10.0 || >=18.0.0' },
49 warn EBADENGINE   current: { node: 'v12.22.9', npm: '8.5.1' }
49 warn EBADENGINE }
50 warn EBADENGINE Unsupported engine {
50 warn EBADENGINE   package: 'babel-plugin-jest-hoist@29.2.0',
50 warn EBADENGINE   required: { node: '^14.15.0 || ^16.10.0 || >=18.0.0' },
50 warn EBADENGINE   current: { node: 'v12.22.9', npm: '8.5.1' }
50 warn EBADENGINE }
51 warn EBADENGINE Unsupported engine {
51 warn EBADENGINE   package: 'babel-preset-jest@29.2.0',
51 warn EBADENGINE   required: { node: '^14.15.0 || ^16.10.0 || >=18.0.0' },
51 warn EBADENGINE   current: { node: 'v12.22.9', npm: '8.5.1' }
51 warn EBADENGINE }
52 warn EBADENGINE Unsupported engine {
52 warn EBADENGINE   package: 'diff-sequences@29.3.1',
52 warn EBADENGINE   required: { node: '^14.15.0 || ^16.10.0 || >=18.0.0' },
52 warn EBADENGINE   current: { node: 'v12.22.9', npm: '8.5.1' }
52 warn EBADENGINE }
53 warn EBADENGINE Unsupported engine {
53 warn EBADENGINE   package: 'expect@29.3.1',
53 warn EBADENGINE   required: { node: '^14.15.0 || ^16.10.0 || >=18.0.0' },
53 warn EBADENGINE   current: { node: 'v12.22.9', npm: '8.5.1' }
53 warn EBADENGINE }
54 warn EBADENGINE Unsupported engine {
54 warn EBADENGINE   package: 'jest@29.3.1',
54 warn EBADENGINE   required: { node: '^14.15.0 || ^16.10.0 || >=18.0.0' },
54 warn EBADENGINE   current: { node: 'v12.22.9', npm: '8.5.1' }
54 warn EBADENGINE }
55 warn EBADENGINE Unsupported engine {
55 warn EBADENGINE   package: 'jest-changed-files@29.2.0',
55 warn EBADENGINE   required: { node: '^14.15.0 || ^16.10.0 || >=18.0.0' },
55 warn EBADENGINE   current: { node: 'v12.22.9', npm: '8.5.1' }
55 warn EBADENGINE }
56 warn EBADENGINE Unsupported engine {
56 warn EBADENGINE   package: 'jest-circus@29.3.1',
56 warn EBADENGINE   required: { node: '^14.15.0 || ^16.10.0 || >=18.0.0' },
56 warn EBADENGINE   current: { node: 'v12.22.9', npm: '8.5.1' }
56 warn EBADENGINE }
57 warn EBADENGINE Unsupported engine {
57 warn EBADENGINE   package: 'jest-cli@29.3.1',
57 warn EBADENGINE   required: { node: '^14.15.0 || ^16.10.0 || >=18.0.0' },
57 warn EBADENGINE   current: { node: 'v12.22.9', npm: '8.5.1' }
57 warn EBADENGINE }
58 warn EBADENGINE Unsupported engine {
58 warn EBADENGINE   package: 'jest-config@29.3.1',
58 warn EBADENGINE   required: { node: '^14.15.0 || ^16.10.0 || >=18.0.0' },
58 warn EBADENGINE   current: { node: 'v12.22.9', npm: '8.5.1' }
58 warn EBADENGINE }
59 warn EBADENGINE Unsupported engine {
59 warn EBADENGINE   package: 'jest-diff@29.3.1',
59 warn EBADENGINE   required: { node: '^14.15.0 || ^16.10.0 || >=18.0.0' },
59 warn EBADENGINE   current: { node: 'v12.22.9', npm: '8.5.1' }
59 warn EBADENGINE }
60 warn EBADENGINE Unsupported engine {
60 warn EBADENGINE   package: 'jest-docblock@29.2.0',
60 warn EBADENGINE   required: { node: '^14.15.0 || ^16.10.0 || >=18.0.0' },
60 warn EBADENGINE   current: { node: 'v12.22.9', npm: '8.5.1' }
60 warn EBADENGINE }
61 warn EBADENGINE Unsupported engine {
61 warn EBADENGINE   package: 'jest-each@29.3.1',
61 warn EBADENGINE   required: { node: '^14.15.0 || ^16.10.0 || >=18.0.0' },
61 warn EBADENGINE   current: { node: 'v12.22.9', npm: '8.5.1' }
61 warn EBADENGINE }
62 warn EBADENGINE Unsupported engine {
62 warn EBADENGINE   package: 'jest-environment-node@29.3.1',
62 warn EBADENGINE   required: { node: '^14.15.0 || ^16.10.0 || >=18.0.0' },
62 warn EBADENGINE   current: { node: 'v12.22.9', npm: '8.5.1' }
62 warn EBADENGINE }
63 warn EBADENGINE Unsupported engine {
63 warn EBADENGINE   package: 'jest-get-type@29.2.0',
63 warn EBADENGINE   required: { node: '^14.15.0 || ^16.10.0 || >=18.0.0' },
63 warn EBADENGINE   current: { node: 'v12.22.9', npm: '8.5.1' }
63 warn EBADENGINE }
64 warn EBADENGINE Unsupported engine {
64 warn EBADENGINE   package: 'jest-haste-map@29.3.1',
64 warn EBADENGINE   required: { node: '^14.15.0 || ^16.10.0 || >=18.0.0' },
64 warn EBADENGINE   current: { node: 'v12.22.9', npm: '8.5.1' }
64 warn EBADENGINE }
65 warn EBADENGINE Unsupported engine {
65 warn EBADENGINE   package: 'jest-leak-detector@29.3.1',
65 warn EBADENGINE   required: { node: '^14.15.0 || ^16.10.0 || >=18.0.0' },
65 warn EBADENGINE   current: { node: 'v12.22.9', npm: '8.5.1' }
65 warn EBADENGINE }
66 warn EBADENGINE Unsupported engine {
66 warn EBADENGINE   package: 'jest-matcher-utils@29.3.1',
66 warn EBADENGINE   required: { node: '^14.15.0 || ^16.10.0 || >=18.0.0' },
66 warn EBADENGINE   current: { node: 'v12.22.9', npm: '8.5.1' }
66 warn EBADENGINE }
67 warn EBADENGINE Unsupported engine {
67 warn EBADENGINE   package: 'jest-message-util@29.3.1',
67 warn EBADENGINE   required: { node: '^14.15.0 || ^16.10.0 || >=18.0.0' },
67 warn EBADENGINE   current: { node: 'v12.22.9', npm: '8.5.1' }
67 warn EBADENGINE }
68 warn EBADENGINE Unsupported engine {
68 warn EBADENGINE   package: 'jest-mock@29.3.1',
68 warn EBADENGINE   required: { node: '^14.15.0 || ^16.10.0 || >=18.0.0' },
68 warn EBADENGINE   current: { node: 'v12.22.9', npm: '8.5.1' }
68 warn EBADENGINE }
69 warn EBADENGINE Unsupported engine {
69 warn EBADENGINE   package: 'jest-regex-util@29.2.0',
69 warn EBADENGINE   required: { node: '^14.15.0 || ^16.10.0 || >=18.0.0' },
69 warn EBADENGINE   current: { node: 'v12.22.9', npm: '8.5.1' }
69 warn EBADENGINE }
70 warn EBADENGINE Unsupported engine {
70 warn EBADENGINE   package: 'jest-resolve@29.3.1',
70 warn EBADENGINE   required: { node: '^14.15.0 || ^16.10.0 || >=18.0.0' },
70 warn EBADENGINE   current: { node: 'v12.22.9', npm: '8.5.1' }
70 warn EBADENGINE }
71 warn EBADENGINE Unsupported engine {
71 warn EBADENGINE   package: 'jest-resolve-dependencies@29.3.1',
71 warn EBADENGINE   required: { node: '^14.15.0 || ^16.10.0 || >=18.0.0' },
71 warn EBADENGINE   current: { node: 'v12.22.9', npm: '8.5.1' }
71 warn EBADENGINE }
72 warn EBADENGINE Unsupported engine {
72 warn EBADENGINE   package: 'jest-runner@29.3.1',
72 warn EBADENGINE   required: { node: '^14.15.0 || ^16.10.0 || >=18.0.0' },
72 warn EBADENGINE   current: { node: 'v12.22.9', npm: '8.5.1' }
72 warn EBADENGINE }
73 warn EBADENGINE Unsupported engine {
73 warn EBADENGINE   package: 'jest-runtime@29.3.1',
73 warn EBADENGINE   required: { node: '^14.15.0 || ^16.10.0 || >=18.0.0' },
73 warn EBADENGINE   current: { node: 'v12.22.9', npm: '8.5.1' }
73 warn EBADENGINE }
74 warn EBADENGINE Unsupported engine {
74 warn EBADENGINE   package: 'jest-snapshot@29.3.1',
74 warn EBADENGINE   required: { node: '^14.15.0 || ^16.10.0 || >=18.0.0' },
74 warn EBADENGINE   current: { node: 'v12.22.9', npm: '8.5.1' }
74 warn EBADENGINE }
75 warn EBADENGINE Unsupported engine {
75 warn EBADENGINE   package: 'jest-util@29.3.1',
75 warn EBADENGINE   required: { node: '^14.15.0 || ^16.10.0 || >=18.0.0' },
75 warn EBADENGINE   current: { node: 'v12.22.9', npm: '8.5.1' }
75 warn EBADENGINE }
76 warn EBADENGINE Unsupported engine {
76 warn EBADENGINE   package: 'jest-validate@29.3.1',
76 warn EBADENGINE   required: { node: '^14.15.0 || ^16.10.0 || >=18.0.0' },
76 warn EBADENGINE   current: { node: 'v12.22.9', npm: '8.5.1' }
76 warn EBADENGINE }
77 warn EBADENGINE Unsupported engine {
77 warn EBADENGINE   package: 'jest-watcher@29.3.1',
77 warn EBADENGINE   required: { node: '^14.15.0 || ^16.10.0 || >=18.0.0' },
77 warn EBADENGINE   current: { node: 'v12.22.9', npm: '8.5.1' }
77 warn EBADENGINE }
78 warn EBADENGINE Unsupported engine {
78 warn EBADENGINE   package: 'jest-worker@29.3.1',
78 warn EBADENGINE   required: { node: '^14.15.0 || ^16.10.0 || >=18.0.0' },
78 warn EBADENGINE   current: { node: 'v12.22.9', npm: '8.5.1' }
78 warn EBADENGINE }
79 warn EBADENGINE Unsupported engine {
79 warn EBADENGINE   package: 'pretty-format@29.3.1',
79 warn EBADENGINE   required: { node: '^14.15.0 || ^16.10.0 || >=18.0.0' },
79 warn EBADENGINE   current: { node: 'v12.22.9', npm: '8.5.1' }
79 warn EBADENGINE }
80 timing idealTree Completed in 273ms
81 timing arborist:ctor Completed in 0ms
82 timing reify:loadTrees Completed in 281ms
83 timing reify:diffTrees Completed in 11ms
84 silly reify moves {}
85 timing reify:retireShallow Completed in 0ms
86 timing reify:createSparse Completed in 67ms
87 timing reify:loadBundles Completed in 0ms
88 silly audit bulk request {
88 silly audit   '@ampproject/remapping': [ '2.2.0' ],
88 silly audit   '@babel/code-frame': [ '7.18.6' ],
88 silly audit   '@babel/compat-data': [ '7.20.5' ],
88 silly audit   '@babel/core': [ '7.20.5' ],
88 silly audit   'convert-source-map': [ '1.9.0', '2.0.0' ],
88 silly audit   '@babel/generator': [ '7.20.5' ],
88 silly audit   '@jridgewell/gen-mapping': [ '0.3.2', '0.1.1' ],
88 silly audit   '@babel/helper-compilation-targets': [ '7.20.0' ],
88 silly audit   '@babel/helper-environment-visitor': [ '7.18.9' ],
88 silly audit   '@babel/helper-function-name': [ '7.19.0' ],
88 silly audit   '@babel/helper-hoist-variables': [ '7.18.6' ],
88 silly audit   '@babel/helper-module-imports': [ '7.18.6' ],
88 silly audit   '@babel/helper-module-transforms': [ '7.20.2' ],
88 silly audit   '@babel/helper-plugin-utils': [ '7.20.2' ],
88 silly audit   '@babel/helper-simple-access': [ '7.20.2' ],
88 silly audit   '@babel/helper-split-export-declaration': [ '7.18.6' ],
88 silly audit   '@babel/helper-string-parser': [ '7.19.4' ],
88 silly audit   '@babel/helper-validator-identifier': [ '7.19.1' ],
88 silly audit   '@babel/helper-validator-option': [ '7.18.6' ],
88 silly audit   '@babel/helpers': [ '7.20.6' ],
88 silly audit   '@babel/highlight': [ '7.18.6' ],
88 silly audit   'ansi-styles': [ '3.2.1', '4.3.0', '5.2.0' ],
88 silly audit   chalk: [ '2.4.2', '4.1.2' ],
88 silly audit   'color-convert': [ '1.9.3', '2.0.1' ],
88 silly audit   'color-name': [ '1.1.3', '1.1.4' ],
88 silly audit   'escape-string-regexp': [ '1.0.5', '2.0.0' ],
88 silly audit   'has-flag': [ '3.0.0', '4.0.0' ],
88 silly audit   'supports-color': [ '5.5.0', '8.1.1', '7.2.0' ],
88 silly audit   '@babel/parser': [ '7.20.5' ],
88 silly audit   '@babel/plugin-syntax-async-generators': [ '7.8.4' ],
88 silly audit   '@babel/plugin-syntax-bigint': [ '7.8.3' ],
88 silly audit   '@babel/plugin-syntax-class-properties': [ '7.12.13' ],
88 silly audit   '@babel/plugin-syntax-import-meta': [ '7.10.4' ],
88 silly audit   '@babel/plugin-syntax-json-strings': [ '7.8.3' ],
88 silly audit   '@babel/plugin-syntax-jsx': [ '7.18.6' ],
88 silly audit   '@babel/plugin-syntax-logical-assignment-operators': [ '7.10.4' ],
88 silly audit   '@babel/plugin-syntax-nullish-coalescing-operator': [ '7.8.3' ],
88 silly audit   '@babel/plugin-syntax-numeric-separator': [ '7.10.4' ],
88 silly audit   '@babel/plugin-syntax-object-rest-spread': [ '7.8.3' ],
88 silly audit   '@babel/plugin-syntax-optional-catch-binding': [ '7.8.3' ],
88 silly audit   '@babel/plugin-syntax-optional-chaining': [ '7.8.3' ],
88 silly audit   '@babel/plugin-syntax-top-level-await': [ '7.14.5' ],
88 silly audit   '@babel/plugin-syntax-typescript': [ '7.20.0' ],
88 silly audit   '@babel/template': [ '7.18.10' ],
88 silly audit   '@babel/traverse': [ '7.20.5' ],
88 silly audit   '@babel/types': [ '7.20.5' ],
88 silly audit   '@bcoe/v8-coverage': [ '0.2.3' ],
88 silly audit   '@istanbuljs/load-nyc-config': [ '1.1.0' ],
88 silly audit   '@istanbuljs/schema': [ '0.1.3' ],
88 silly audit   '@jest/console': [ '29.3.1' ],
88 silly audit   '@jest/core': [ '29.3.1' ],
88 silly audit   '@jest/environment': [ '29.3.1' ],
88 silly audit   '@jest/expect': [ '29.3.1' ],
88 silly audit   '@jest/expect-utils': [ '29.3.1' ],
88 silly audit   '@jest/fake-timers': [ '29.3.1' ],
88 silly audit   '@jest/globals': [ '29.3.1' ],
88 silly audit   '@jest/reporters': [ '29.3.1' ],
88 silly audit   '@jest/schemas': [ '29.0.0' ],
88 silly audit   '@jest/source-map': [ '29.2.0' ],
88 silly audit   '@jest/test-result': [ '29.3.1' ],
88 silly audit   '@jest/test-sequencer': [ '29.3.1' ],
88 silly audit   '@jest/transform': [ '29.3.1' ],
88 silly audit   '@jest/types': [ '29.3.1' ],
88 silly audit   '@jridgewell/resolve-uri': [ '3.1.0' ],
88 silly audit   '@jridgewell/set-array': [ '1.1.2' ],
88 silly audit   '@jridgewell/sourcemap-codec': [ '1.4.14' ],
88 silly audit   '@jridgewell/trace-mapping': [ '0.3.17' ],
88 silly audit   '@sinclair/typebox': [ '0.24.51' ],
88 silly audit   '@sinonjs/commons': [ '1.8.6' ],
88 silly audit   '@sinonjs/fake-timers': [ '9.1.2' ],
88 silly audit   '@types/babel__core': [ '7.1.20' ],
88 silly audit   '@types/babel__generator': [ '7.6.4' ],
88 silly audit   '@types/babel__template': [ '7.4.1' ],
88 silly audit   '@types/babel__traverse': [ '7.18.3' ],
88 silly audit   '@types/graceful-fs': [ '4.1.5' ],
88 silly audit   '@types/istanbul-lib-coverage': [ '2.0.4' ],
88 silly audit   '@types/istanbul-lib-report': [ '3.0.0' ],
88 silly audit   '@types/istanbul-reports': [ '3.0.1' ],
88 silly audit   '@types/node': [ '18.11.12' ],
88 silly audit   '@types/prettier': [ '2.7.1' ],
88 silly audit   '@types/stack-utils': [ '2.0.1' ],
88 silly audit   '@types/yargs': [ '17.0.17' ],
88 silly audit   '@types/yargs-parser': [ '21.0.0' ],
88 silly audit   'ansi-escapes': [ '4.3.2' ],
88 silly audit   'ansi-regex': [ '5.0.1' ],
88 silly audit   anymatch: [ '3.1.3' ],
88 silly audit   argparse: [ '1.0.10' ],
88 silly audit   'babel-jest': [ '29.3.1' ],
88 silly audit   'babel-plugin-istanbul': [ '6.1.1' ],
88 silly audit   'babel-plugin-jest-hoist': [ '29.2.0' ],
88 silly audit   'babel-preset-current-node-syntax': [ '1.0.1' ],
88 silly audit   'babel-preset-jest': [ '29.2.0' ],
88 silly audit   'balanced-match': [ '1.0.2' ],
88 silly audit   'brace-expansion': [ '1.1.11' ],
88 silly audit   braces: [ '3.0.2' ],
88 silly audit   browserslist: [ '4.21.4' ],
88 silly audit   bser: [ '2.1.1' ],
88 silly audit   'buffer-from': [ '1.1.2' ],
88 silly audit   callsites: [ '3.1.0' ],
88 silly audit   camelcase: [ '5.3.1', '6.3.0' ],
88 silly audit   'caniuse-lite': [ '1.0.30001439' ],
88 silly audit   'char-regex': [ '1.0.2' ],
88 silly audit   'ci-info': [ '3.7.0' ],
88 silly audit   'cjs-module-lexer': [ '1.2.2' ],
88 silly audit   cliui: [ '8.0.1' ],
88 silly audit   co: [ '4.6.0' ],
88 silly audit   'collect-v8-coverage': [ '1.0.1' ],
88 silly audit   'concat-map': [ '0.0.1' ],
88 silly audit   'cross-spawn': [ '7.0.3' ],
88 silly audit   debug: [ '4.3.4' ],
88 silly audit   dedent: [ '0.7.0' ],
88 silly audit   deepmerge: [ '4.2.2' ],
88 silly audit   'detect-newline': [ '3.1.0' ],
88 silly audit   'diff-sequences': [ '29.3.1' ],
88 silly audit   'electron-to-chromium': [ '1.4.284' ],
88 silly audit   emittery: [ '0.13.1' ],
88 silly audit   'emoji-regex': [ '8.0.0' ],
88 silly audit   'error-ex': [ '1.3.2' ],
88 silly audit   escalade: [ '3.1.1' ],
88 silly audit   esprima: [ '4.0.1' ],
88 silly audit   execa: [ '5.1.1' ],
88 silly audit   exit: [ '0.1.2' ],
88 silly audit   expect: [ '29.3.1' ],
88 silly audit   'fast-json-stable-stringify': [ '2.1.0' ],
88 silly audit   'fb-watchman': [ '2.0.2' ],
88 silly audit   'fill-range': [ '7.0.1' ],
88 silly audit   'find-up': [ '4.1.0' ],
88 silly audit   'fs.realpath': [ '1.0.0' ],
88 silly audit   fsevents: [ '2.3.2' ],
88 silly audit   'function-bind': [ '1.1.1' ],
88 silly audit   gensync: [ '1.0.0-beta.2' ],
88 silly audit   'get-caller-file': [ '2.0.5' ],
88 silly audit   'get-package-type': [ '0.1.0' ],
88 silly audit   'get-stream': [ '6.0.1' ],
88 silly audit   glob: [ '7.2.3' ],
88 silly audit   globals: [ '11.12.0' ],
88 silly audit   'graceful-fs': [ '4.2.10' ],
88 silly audit   has: [ '1.0.3' ],
88 silly audit   'html-escaper': [ '2.0.2' ],
88 silly audit   'human-signals': [ '2.1.0' ],
88 silly audit   'import-local': [ '3.1.0' ],
88 silly audit   imurmurhash: [ '0.1.4' ],
88 silly audit   inflight: [ '1.0.6' ],
88 silly audit   inherits: [ '2.0.4' ],
88 silly audit   'is-arrayish': [ '0.2.1' ],
88 silly audit   'is-core-module': [ '2.11.0' ],
88 silly audit   'is-fullwidth-code-point': [ '3.0.0' ],
88 silly audit   'is-generator-fn': [ '2.1.0' ],
88 silly audit   'is-number': [ '7.0.0' ],
88 silly audit   'is-stream': [ '2.0.1' ],
88 silly audit   isexe: [ '2.0.0' ],
88 silly audit   'istanbul-lib-coverage': [ '3.2.0' ],
88 silly audit   'istanbul-lib-instrument': [ '5.2.1' ],
88 silly audit   'istanbul-lib-report': [ '3.0.0' ],
88 silly audit   'istanbul-lib-source-maps': [ '4.0.1' ],
88 silly audit   'istanbul-reports': [ '3.1.5' ],
88 silly audit   jest: [ '29.3.1' ],
88 silly audit   'jest-changed-files': [ '29.2.0' ],
88 silly audit   'jest-circus': [ '29.3.1' ],
88 silly audit   'jest-cli': [ '29.3.1' ],
88 silly audit   'jest-config': [ '29.3.1' ],
88 silly audit   'jest-diff': [ '29.3.1' ],
88 silly audit   'jest-docblock': [ '29.2.0' ],
88 silly audit   'jest-each': [ '29.3.1' ],
88 silly audit   'jest-environment-node': [ '29.3.1' ],
88 silly audit   'jest-get-type': [ '29.2.0' ],
88 silly audit   'jest-haste-map': [ '29.3.1' ],
88 silly audit   'jest-leak-detector': [ '29.3.1' ],
88 silly audit   'jest-matcher-utils': [ '29.3.1' ],
88 silly audit   'jest-message-util': [ '29.3.1' ],
88 silly audit   'jest-mock': [ '29.3.1' ],
88 silly audit   'jest-pnp-resolver': [ '1.2.3' ],
88 silly audit   'jest-regex-util': [ '29.2.0' ],
88 silly audit   'jest-resolve': [ '29.3.1' ],
88 silly audit   'jest-resolve-dependencies': [ '29.3.1' ],
88 silly audit   'jest-runner': [ '29.3.1' ],
88 silly audit   'jest-runtime': [ '29.3.1' ],
88 silly audit   'jest-snapshot': [ '29.3.1' ],
88 silly audit   semver: [ '7.3.8', '6.3.0' ],
88 silly audit   'jest-util': [ '29.3.1' ],
88 silly audit   'jest-validate': [ '29.3.1' ],
88 silly audit   'jest-watcher': [ '29.3.1' ],
88 silly audit   'jest-worker': [ '29.3.1' ],
88 silly audit   'js-tokens': [ '4.0.0' ],
88 silly audit   'js-yaml': [ '3.14.1' ],
88 silly audit   jsesc: [ '2.5.2' ],
88 silly audit   'json-parse-even-better-errors': [ '2.3.1' ],
88 silly audit   json5: [ '2.2.1' ],
88 silly audit   kleur: [ '3.0.3' ],
88 silly audit   leven: [ '3.1.0' ],
88 silly audit   'lines-and-columns': [ '1.2.4' ],
88 silly audit   'locate-path': [ '5.0.0' ],
88 silly audit   lodash: [ '4.17.21' ],
88 silly audit   'lru-cache': [ '6.0.0' ],
88 silly audit   'make-dir': [ '3.1.0' ],
88 silly audit   makeerror: [ '1.0.12' ],
88 silly audit   'merge-stream': [ '2.0.0' ],
88 silly audit   micromatch: [ '4.0.5' ],
88 silly audit   'mimic-fn': [ '2.1.0' ],
88 silly audit   minimatch: [ '3.1.2' ],
88 silly audit   ms: [ '2.1.2' ],
88 silly audit   'natural-compare': [ '1.4.0' ],
88 silly audit   'node-int64': [ '0.4.0' ],
88 silly audit   'node-releases': [ '2.0.6' ],
88 silly audit   'normalize-path': [ '3.0.0' ],
88 silly audit   'npm-run-path': [ '4.0.1' ],
88 silly audit   once: [ '1.4.0' ],
88 silly audit   onetime: [ '5.1.2' ],
88 silly audit   'p-limit': [ '3.1.0', '2.3.0' ],
88 silly audit   'p-locate': [ '4.1.0' ],
88 silly audit   'p-try': [ '2.2.0' ],
88 silly audit   'parse-json': [ '5.2.0' ],
88 silly audit   'path-exists': [ '4.0.0' ],
88 silly audit   'path-is-absolute': [ '1.0.1' ],
88 silly audit   'path-key': [ '3.1.1' ],
88 silly audit   'path-parse': [ '1.0.7' ],
88 silly audit   picocolors: [ '1.0.0' ],
88 silly audit   picomatch: [ '2.3.1' ],
88 silly audit   pirates: [ '4.0.5' ],
88 silly audit   'pkg-dir': [ '4.2.0' ],
88 silly audit   'pretty-format': [ '29.3.1' ],
88 silly audit   prompts: [ '2.4.2' ],
88 silly audit   'react-is': [ '18.2.0' ],
88 silly audit   'require-directory': [ '2.1.1' ],
88 silly audit   resolve: [ '1.22.1' ],
88 silly audit   'resolve-cwd': [ '3.0.0' ],
88 silly audit   'resolve-from': [ '5.0.0' ],
88 silly audit   'resolve.exports': [ '1.1.0' ],
88 silly audit   'shebang-command': [ '2.0.0' ],
88 silly audit   'shebang-regex': [ '3.0.0' ],
88 silly audit   'signal-exit': [ '3.0.7' ],
88 silly audit   sisteransi: [ '1.0.5' ],
88 silly audit   slash: [ '3.0.0' ],
88 silly audit   'source-map': [ '0.6.1' ],
88 silly audit   'source-map-support': [ '0.5.13' ],
88 silly audit   'sprintf-js': [ '1.0.3' ],
88 silly audit   'stack-utils': [ '2.0.6' ],
88 silly audit   'string-length': [ '4.0.2' ],
88 silly audit   'string-width': [ '4.2.3' ],
88 silly audit   'strip-ansi': [ '6.0.1' ],
88 silly audit   'strip-bom': [ '4.0.0' ],
88 silly audit   'strip-final-newline': [ '2.0.0' ],
88 silly audit   'strip-json-comments': [ '3.1.1' ],
88 silly audit   'supports-preserve-symlinks-flag': [ '1.0.0' ],
88 silly audit   'test-exclude': [ '6.0.0' ],
88 silly audit   tmpl: [ '1.0.5' ],
88 silly audit   'to-fast-properties': [ '2.0.0' ],
88 silly audit   'to-regex-range': [ '5.0.1' ],
88 silly audit   'type-detect': [ '4.0.8' ],
88 silly audit   'type-fest': [ '0.21.3' ],
88 silly audit   'update-browserslist-db': [ '1.0.10' ],
88 silly audit   'v8-to-istanbul': [ '9.0.1' ],
88 silly audit   walker: [ '1.0.8' ],
88 silly audit   which: [ '2.0.2' ],
88 silly audit   'wrap-ansi': [ '7.0.0' ],
88 silly audit   wrappy: [ '1.0.2' ],
88 silly audit   'write-file-atomic': [ '4.0.2' ],
88 silly audit   y18n: [ '5.0.8' ],
88 silly audit   yallist: [ '4.0.0' ],
88 silly audit   yargs: [ '17.6.2' ],
88 silly audit   'yargs-parser': [ '21.1.1' ],
88 silly audit   'yocto-queue': [ '0.1.0' ]
88 silly audit }
89 verbose reify failed optional dependency /home/sweetsk8er/hexlet-hello-world/node_modules/fsevents
90 silly reify mark deleted [ '/home/sweetsk8er/hexlet-hello-world/node_modules/fsevents' ]
91 timing reifyNode:node_modules/fsevents Completed in 78ms
92 timing reifyNode:node_modules/natural-compare Completed in 894ms
93 timing reifyNode:node_modules/fb-watchman Completed in 896ms
94 timing reifyNode:node_modules/wrappy Completed in 932ms
95 timing reifyNode:node_modules/wrap-ansi Completed in 932ms
96 timing reifyNode:node_modules/to-fast-properties Completed in 932ms
97 timing reifyNode:node_modules/strip-final-newline Completed in 933ms
98 timing reifyNode:node_modules/shebang-command Completed in 932ms
99 timing reifyNode:node_modules/path-parse Completed in 933ms
100 timing reifyNode:node_modules/path-is-absolute Completed in 933ms
101 timing reifyNode:node_modules/parse-json Completed in 934ms
102 timing reifyNode:node_modules/once Completed in 933ms
103 timing reifyNode:node_modules/normalize-path Completed in 933ms
104 timing reifyNode:node_modules/ms Completed in 934ms
105 timing reifyNode:node_modules/merge-stream Completed in 933ms
106 timing reifyNode:node_modules/is-number Completed in 934ms
107 timing reifyNode:node_modules/inflight Completed in 934ms
108 timing reifyNode:node_modules/imurmurhash Completed in 935ms
109 timing reifyNode:node_modules/error-ex Completed in 936ms
110 timing reifyNode:node_modules/color-name Completed in 937ms
111 timing reifyNode:node_modules/buffer-from Completed in 937ms
112 timing reifyNode:node_modules/brace-expansion Completed in 938ms
113 timing reifyNode:node_modules/babel-preset-jest Completed in 938ms
114 timing reifyNode:node_modules/@types/yargs-parser Completed in 938ms
115 timing reifyNode:node_modules/@types/stack-utils Completed in 938ms
116 timing reifyNode:node_modules/@types/istanbul-lib-report Completed in 938ms
117 timing reifyNode:node_modules/@types/istanbul-reports Completed in 938ms
118 timing reifyNode:node_modules/@types/istanbul-lib-coverage Completed in 938ms
119 timing reifyNode:node_modules/@types/graceful-fs Completed in 939ms
120 timing reifyNode:node_modules/@types/babel__template Completed in 938ms
121 timing reifyNode:node_modules/@types/babel__generator Completed in 938ms
122 timing reifyNode:node_modules/v8-to-istanbul/node_modules/convert-source-map Completed in 960ms
123 timing reifyNode:node_modules/@babel/highlight/node_modules/has-flag Completed in 944ms
124 timing reifyNode:node_modules/@babel/highlight/node_modules/escape-string-regexp Completed in 943ms
125 timing reifyNode:node_modules/@babel/highlight/node_modules/ansi-styles Completed in 944ms
126 timing reifyNode:node_modules/@babel/core/node_modules/convert-source-map Completed in 943ms
127 timing reifyNode:node_modules/yocto-queue Completed in 964ms
128 timing reifyNode:node_modules/write-file-atomic Completed in 963ms
129 timing reifyNode:node_modules/to-regex-range Completed in 963ms
130 timing reifyNode:node_modules/tmpl Completed in 963ms
131 timing reifyNode:node_modules/supports-color Completed in 964ms
132 timing reifyNode:node_modules/strip-json-comments Completed in 964ms
133 timing reifyNode:node_modules/strip-bom Completed in 963ms
134 timing reifyNode:node_modules/strip-ansi Completed in 963ms
135 timing reifyNode:node_modules/string-width Completed in 963ms
136 timing reifyNode:node_modules/string-length Completed in 964ms
137 timing reifyNode:node_modules/stack-utils Completed in 964ms
138 timing reifyNode:node_modules/slash Completed in 964ms
139 timing reifyNode:node_modules/signal-exit Completed in 963ms
140 timing reifyNode:node_modules/shebang-regex Completed in 963ms
141 timing reifyNode:node_modules/resolve-from Completed in 964ms
142 timing reifyNode:node_modules/resolve-cwd Completed in 964ms
143 timing reifyNode:node_modules/pkg-dir Completed in 964ms
144 timing reifyNode:node_modules/path-key Completed in 965ms
145 timing reifyNode:node_modules/path-exists Completed in 965ms
146 timing reifyNode:node_modules/p-try Completed in 965ms
147 timing reifyNode:node_modules/p-locate Completed in 965ms
148 timing reifyNode:node_modules/p-limit Completed in 965ms
149 timing reifyNode:node_modules/onetime Completed in 965ms
150 timing reifyNode:node_modules/npm-run-path Completed in 965ms
151 timing reifyNode:node_modules/mimic-fn Completed in 965ms
152 timing reifyNode:node_modules/make-dir Completed in 964ms
153 timing reifyNode:node_modules/lru-cache Completed in 965ms
154 timing reifyNode:node_modules/locate-path Completed in 965ms
155 timing reifyNode:node_modules/json-parse-even-better-errors Completed in 965ms
156 timing reifyNode:node_modules/kleur Completed in 966ms
157 timing reifyNode:node_modules/leven Completed in 966ms
158 timing reifyNode:node_modules/jest-resolve-dependencies Completed in 966ms
159 timing reifyNode:node_modules/jest-regex-util Completed in 966ms
160 timing reifyNode:node_modules/jest-get-type Completed in 966ms
161 timing reifyNode:node_modules/jest-environment-node Completed in 965ms
162 timing reifyNode:node_modules/is-stream Completed in 967ms
163 timing reifyNode:node_modules/is-generator-fn Completed in 966ms
164 timing reifyNode:node_modules/is-fullwidth-code-point Completed in 966ms
165 timing reifyNode:node_modules/inherits Completed in 966ms
166 timing reifyNode:node_modules/has-flag Completed in 966ms
167 timing reifyNode:node_modules/find-up Completed in 967ms
168 timing reifyNode:node_modules/fill-range Completed in 967ms
169 timing reifyNode:node_modules/escape-string-regexp Completed in 968ms
170 timing reifyNode:node_modules/detect-newline Completed in 968ms
171 timing reifyNode:node_modules/dedent Completed in 968ms
172 timing reifyNode:node_modules/convert-source-map Completed in 968ms
173 timing reifyNode:node_modules/char-regex Completed in 968ms
174 timing reifyNode:node_modules/camelcase Completed in 969ms
175 timing reifyNode:node_modules/callsites Completed in 969ms
176 timing reifyNode:node_modules/bser Completed in 969ms
177 timing reifyNode:node_modules/anymatch Completed in 969ms
178 timing reifyNode:node_modules/ansi-regex Completed in 969ms
179 timing reifyNode:node_modules/@jest/globals Completed in 970ms
180 timing reifyNode:node_modules/@babel/plugin-syntax-top-level-await Completed in 971ms
181 timing reifyNode:node_modules/@babel/plugin-syntax-optional-chaining Completed in 970ms
182 timing reifyNode:node_modules/@babel/plugin-syntax-optional-catch-binding Completed in 971ms
183 timing reifyNode:node_modules/@babel/plugin-syntax-object-rest-spread Completed in 971ms
184 timing reifyNode:node_modules/@babel/plugin-syntax-numeric-separator Completed in 971ms
185 timing reifyNode:node_modules/@babel/plugin-syntax-logical-assignment-operators Completed in 971ms
186 timing reifyNode:node_modules/@babel/plugin-syntax-nullish-coalescing-operator Completed in 971ms
187 timing reifyNode:node_modules/@babel/plugin-syntax-jsx Completed in 971ms
188 timing reifyNode:node_modules/@babel/plugin-syntax-bigint Completed in 971ms
189 timing reifyNode:node_modules/@babel/plugin-syntax-async-generators Completed in 971ms
190 timing reifyNode:node_modules/@babel/plugin-syntax-class-properties Completed in 971ms
191 timing reifyNode:node_modules/@babel/highlight Completed in 972ms
192 timing reifyNode:node_modules/@babel/helper-split-export-declaration Completed in 971ms
193 timing reifyNode:node_modules/@babel/plugin-syntax-json-strings Completed in 973ms
194 timing reifyNode:node_modules/@babel/helper-hoist-variables Completed in 972ms
195 timing reifyNode:node_modules/@babel/helper-environment-visitor Completed in 971ms
196 timing reifyNode:node_modules/@babel/code-frame Completed in 972ms
197 timing reifyNode:node_modules/@babel/plugin-syntax-import-meta Completed in 974ms
198 timing reifyNode:node_modules/p-locate/node_modules/p-limit Completed in 988ms
199 timing reifyNode:node_modules/jest-worker/node_modules/supports-color Completed in 986ms
200 timing reifyNode:node_modules/jest-validate/node_modules/camelcase Completed in 986ms
201 timing reifyNode:node_modules/@babel/highlight/node_modules/supports-color Completed in 976ms
202 timing reifyNode:node_modules/yallist Completed in 995ms
203 timing reifyNode:node_modules/walker Completed in 995ms
204 timing reifyNode:node_modules/sisteransi Completed in 993ms
205 timing reifyNode:node_modules/micromatch Completed in 993ms
206 timing reifyNode:node_modules/makeerror Completed in 992ms
207 timing reifyNode:node_modules/lines-and-columns Completed in 992ms
208 timing reifyNode:node_modules/js-tokens Completed in 993ms
209 timing reifyNode:node_modules/jest-pnp-resolver Completed in 992ms
210 timing reifyNode:node_modules/jest-message-util Completed in 992ms
211 timing reifyNode:node_modules/jest-leak-detector Completed in 993ms
212 timing reifyNode:node_modules/jest-docblock Completed in 991ms
213 timing reifyNode:node_modules/import-local Completed in 992ms
214 timing reifyNode:node_modules/get-caller-file Completed in 992ms
215 timing reifyNode:node_modules/fs.realpath Completed in 993ms
216 timing reifyNode:node_modules/collect-v8-coverage Completed in 994ms
217 timing reifyNode:node_modules/co Completed in 995ms
218 timing reifyNode:node_modules/balanced-match Completed in 994ms
219 timing reifyNode:node_modules/babel-plugin-jest-hoist Completed in 994ms
220 timing reifyNode:node_modules/ansi-styles Completed in 994ms
221 timing reifyNode:node_modules/ansi-escapes Completed in 994ms
222 timing reifyNode:node_modules/@types/babel__core Completed in 993ms
223 timing reifyNode:node_modules/@jest/test-sequencer Completed in 995ms
224 timing reifyNode:node_modules/@jest/schemas Completed in 994ms
225 timing reifyNode:node_modules/@jest/environment Completed in 995ms
226 timing reifyNode:node_modules/@istanbuljs/load-nyc-config Completed in 996ms
227 timing reifyNode:node_modules/@babel/plugin-syntax-typescript Completed in 997ms
228 timing reifyNode:node_modules/@babel/helper-simple-access Completed in 996ms
229 timing reifyNode:node_modules/@babel/helper-plugin-utils Completed in 996ms
230 timing reifyNode:node_modules/pretty-format/node_modules/ansi-styles Completed in 1013ms
231 timing reifyNode:node_modules/which Completed in 1018ms
232 timing reifyNode:node_modules/pirates Completed in 1016ms
233 timing reifyNode:node_modules/picocolors Completed in 1017ms
234 timing reifyNode:node_modules/minimatch Completed in 1016ms
235 timing reifyNode:node_modules/has Completed in 1015ms
236 timing reifyNode:node_modules/globals Completed in 1015ms
237 timing reifyNode:node_modules/get-stream Completed in 1014ms
238 timing reifyNode:node_modules/babel-preset-current-node-syntax Completed in 1016ms
239 timing reifyNode:node_modules/@jest/source-map Completed in 1016ms
240 timing reifyNode:node_modules/@jest/expect Completed in 1016ms
241 timing reifyNode:node_modules/@istanbuljs/schema Completed in 1017ms
242 timing reifyNode:node_modules/@babel/helper-validator-option Completed in 1016ms
243 timing reifyNode:node_modules/@babel/highlight/node_modules/color-name Completed in 1019ms
244 timing reifyNode:node_modules/update-browserslist-db Completed in 1038ms
245 timing reifyNode:node_modules/type-detect Completed in 1038ms
246 timing reifyNode:node_modules/require-directory Completed in 1037ms
247 timing reifyNode:node_modules/node-int64 Completed in 1036ms
248 timing reifyNode:node_modules/jest Completed in 1035ms
249 timing reifyNode:node_modules/is-arrayish Completed in 1035ms
250 timing reifyNode:node_modules/graceful-fs Completed in 1036ms
251 timing reifyNode:node_modules/@types/babel__traverse Completed in 1034ms
252 timing reifyNode:node_modules/@babel/helper-string-parser Completed in 1036ms
253 timing reifyNode:node_modules/@babel/helper-function-name Completed in 1035ms
254 timing reifyNode:node_modules/resolve.exports Completed in 1056ms
255 timing reifyNode:node_modules/get-package-type Completed in 1052ms
256 timing reifyNode:node_modules/emittery Completed in 1052ms
257 timing reifyNode:node_modules/debug Completed in 1053ms
258 timing reifyNode:node_modules/concat-map Completed in 1053ms
259 timing reifyNode:node_modules/color-convert Completed in 1053ms
260 timing reifyNode:node_modules/ci-info Completed in 1052ms
261 timing reifyNode:node_modules/babel-plugin-istanbul Completed in 1052ms
262 timing reifyNode:node_modules/babel-jest Completed in 1052ms
263 timing reifyNode:node_modules/@jest/test-result Completed in 1053ms
264 timing reifyNode:node_modules/@jest/fake-timers Completed in 1053ms
265 timing reifyNode:node_modules/@babel/highlight/node_modules/color-convert Completed in 1053ms
266 timing reifyNode:node_modules/test-exclude Completed in 1072ms
267 timing reifyNode:node_modules/jest-mock Completed in 1072ms
268 timing reifyNode:node_modules/isexe Completed in 1072ms
269 timing reifyNode:node_modules/@jest/console Completed in 1070ms
270 timing reifyNode:node_modules/@babel/helper-module-imports Completed in 1070ms
271 http fetch POST 200 https://registry.npmjs.org/-/npm/v1/security/advisories/bulk 1094ms
272 timing auditReport:getReport Completed in 1099ms
273 silly audit report {}
274 timing auditReport:init Completed in 0ms
275 timing reify:audit Completed in 1099ms
276 timing reifyNode:node_modules/@babel/highlight/node_modules/chalk Completed in 1073ms
277 timing reifyNode:node_modules/jest-runtime Completed in 1087ms
278 timing reifyNode:node_modules/jest-runner Completed in 1088ms
279 timing reifyNode:node_modules/jest-matcher-utils Completed in 1087ms
280 timing reifyNode:node_modules/jest-changed-files Completed in 1086ms
281 timing reifyNode:node_modules/glob Completed in 1086ms
282 timing reifyNode:node_modules/gensync Completed in 1086ms
283 timing reifyNode:node_modules/escalade Completed in 1087ms
284 timing reifyNode:node_modules/diff-sequences Completed in 1086ms
285 timing reifyNode:node_modules/chalk Completed in 1085ms
286 timing reifyNode:node_modules/supports-preserve-symlinks-flag Completed in 1104ms
287 timing reifyNode:node_modules/react-is Completed in 1103ms
288 timing reifyNode:node_modules/node-releases Completed in 1101ms
289 timing reifyNode:node_modules/jsesc Completed in 1101ms
290 timing reifyNode:node_modules/is-core-module Completed in 1100ms
291 timing reifyNode:node_modules/emoji-regex Completed in 1099ms
292 timing reifyNode:node_modules/cross-spawn Completed in 1100ms
293 timing reifyNode:node_modules/@types/yargs Completed in 1099ms
294 timing reifyNode:node_modules/@jridgewell/set-array Completed in 1099ms
295 timing reifyNode:node_modules/@jest/transform Completed in 1099ms
296 timing reifyNode:node_modules/source-map-support Completed in 1116ms
297 timing reifyNode:node_modules/semver Completed in 1116ms
298 timing reifyNode:node_modules/cliui Completed in 1110ms
299 timing reifyNode:node_modules/@sinonjs/fake-timers Completed in 1109ms
300 timing reifyNode:node_modules/@jest/types Completed in 1110ms
301 timing reifyNode:node_modules/@jest/expect-utils Completed in 1109ms
302 timing reifyNode:node_modules/y18n Completed in 1128ms
303 timing reifyNode:node_modules/deepmerge Completed in 1120ms
304 timing reifyNode:node_modules/@jridgewell/resolve-uri Completed in 1118ms
305 timing reifyNode:node_modules/@babel/template Completed in 1118ms
306 timing reifyNode:node_modules/istanbul-lib-coverage Completed in 1130ms
307 timing reifyNode:node_modules/html-escaper Completed in 1129ms
308 timing reifyNode:node_modules/function-bind Completed in 1128ms
309 timing reifyNode:node_modules/browserslist Completed in 1127ms
310 timing reifyNode:node_modules/istanbul-lib-source-maps Completed in 1138ms
311 timing reifyNode:node_modules/istanbul-lib-report Completed in 1139ms
312 timing reifyNode:node_modules/braces Completed in 1136ms
313 timing reifyNode:node_modules/@jridgewell/sourcemap-codec Completed in 1135ms
314 timing reifyNode:node_modules/@babel/helper-validator-identifier Completed in 1133ms
315 timing reifyNode:node_modules/v8-to-istanbul Completed in 1154ms
316 timing reifyNode:node_modules/jest-resolve Completed in 1149ms
317 timing reifyNode:node_modules/istanbul-lib-instrument Completed in 1147ms
318 timing reifyNode:node_modules/picomatch Completed in 1158ms
319 timing reifyNode:node_modules/jest-each Completed in 1153ms
320 timing reifyNode:node_modules/execa Completed in 1153ms
321 timing reifyNode:node_modules/@jridgewell/gen-mapping Completed in 1150ms
322 timing reifyNode:node_modules/cjs-module-lexer Completed in 1159ms
323 timing reifyNode:node_modules/jest-watcher Completed in 1173ms
324 timing reifyNode:node_modules/jest-validate Completed in 1173ms
325 timing reifyNode:node_modules/@babel/compat-data Completed in 1164ms
326 timing reifyNode:node_modules/@ampproject/remapping Completed in 1164ms
327 timing reifyNode:node_modules/human-signals Completed in 1177ms
328 timing reifyNode:node_modules/fast-json-stable-stringify Completed in 1181ms
329 timing reifyNode:node_modules/@types/prettier Completed in 1179ms
330 timing reifyNode:node_modules/@babel/helper-compilation-targets Completed in 1176ms
331 timing reifyNode:node_modules/jest-diff Completed in 1188ms
332 timing reifyNode:node_modules/jest-cli Completed in 1189ms
333 timing reifyNode:node_modules/sprintf-js Completed in 1200ms
334 timing reifyNode:node_modules/jest-circus Completed in 1194ms
335 timing reifyNode:node_modules/yargs-parser Completed in 1208ms
336 timing reifyNode:node_modules/jest-snapshot Completed in 1202ms
337 timing reifyNode:node_modules/expect Completed in 1206ms
338 timing reifyNode:node_modules/electron-to-chromium Completed in 1205ms
339 timing reifyNode:node_modules/pretty-format Completed in 1218ms
340 timing reifyNode:node_modules/esprima Completed in 1210ms
341 timing reifyNode:node_modules/@babel/helper-module-transforms Completed in 1205ms
342 timing reifyNode:node_modules/@babel/generator/node_modules/@jridgewell/gen-mapping Completed in 1205ms
343 timing reifyNode:node_modules/jest-util Completed in 1219ms
344 timing reifyNode:node_modules/exit Completed in 1214ms
345 timing reifyNode:node_modules/@jridgewell/trace-mapping Completed in 1222ms
346 timing reifyNode:node_modules/jest-worker Completed in 1233ms
347 timing reifyNode:node_modules/jest-config Completed in 1234ms
348 timing reifyNode:node_modules/jest-haste-map Completed in 1245ms
349 timing reifyNode:node_modules/json5 Completed in 1255ms
350 timing reifyNode:node_modules/@jest/reporters Completed in 1251ms
351 timing reifyNode:node_modules/argparse Completed in 1261ms
352 timing reifyNode:node_modules/type-fest Completed in 1303ms
353 timing reifyNode:node_modules/jest-snapshot/node_modules/semver Completed in 1306ms
354 timing reifyNode:node_modules/@sinonjs/commons Completed in 1303ms
355 timing reifyNode:node_modules/@jest/core Completed in 1313ms
356 timing reifyNode:node_modules/source-map Completed in 1355ms
357 timing reifyNode:node_modules/@babel/helpers Completed in 1342ms
358 timing reifyNode:node_modules/js-yaml Completed in 1356ms
359 timing reifyNode:node_modules/@sinclair/typebox Completed in 1355ms
360 timing reifyNode:node_modules/@babel/generator Completed in 1358ms
361 timing reifyNode:node_modules/yargs Completed in 1388ms
362 timing reifyNode:node_modules/@bcoe/v8-coverage Completed in 1372ms
363 timing reifyNode:node_modules/prompts Completed in 1395ms
364 timing reifyNode:node_modules/istanbul-reports Completed in 1403ms
365 timing reifyNode:node_modules/@babel/traverse Completed in 1406ms
366 timing reifyNode:node_modules/@babel/parser Completed in 1406ms
367 timing reifyNode:node_modules/resolve Completed in 1481ms
368 timing reifyNode:node_modules/@babel/core Completed in 1469ms
369 timing reifyNode:node_modules/@types/node Completed in 1538ms
370 timing reifyNode:node_modules/@babel/types Completed in 1537ms
371 timing reifyNode:node_modules/caniuse-lite Completed in 1654ms
372 timing reify:unpack Completed in 1669ms
373 timing reify:unretire Completed in 0ms
374 timing build:queue Completed in 14ms
375 timing build:link:node_modules/jest-cli Completed in 5ms
376 timing build:link:node_modules/browserslist Completed in 9ms
377 timing build:link:node_modules/@babel/parser Completed in 9ms
378 timing build:link:node_modules/esprima Completed in 8ms
379 timing build:link:node_modules/import-local Completed in 8ms
380 timing build:link:node_modules/jest Completed in 8ms
381 timing build:link:node_modules/js-yaml Completed in 8ms
382 timing build:link:node_modules/jsesc Completed in 8ms
383 timing build:link:node_modules/json5 Completed in 8ms
384 timing build:link:node_modules/resolve Completed in 7ms
385 timing build:link:node_modules/semver Completed in 7ms
386 timing build:link:node_modules/update-browserslist-db Completed in 7ms
387 timing build:link:node_modules/which Completed in 7ms
388 timing build:link:node_modules/jest-snapshot/node_modules/semver Completed in 7ms
389 timing build:link Completed in 9ms
390 timing build:deps Completed in 24ms
391 timing build Completed in 24ms
392 timing reify:build Completed in 25ms
393 timing reify:trash Completed in 1ms
394 timing reify:save Completed in 61ms
395 timing reify Completed in 2157ms
396 silly ADD node_modules/yocto-queue
397 silly ADD node_modules/yargs-parser
398 silly ADD node_modules/yargs
399 silly ADD node_modules/yallist
400 silly ADD node_modules/y18n
401 silly ADD node_modules/write-file-atomic
402 silly ADD node_modules/wrappy
403 silly ADD node_modules/wrap-ansi
404 silly ADD node_modules/which
405 silly ADD node_modules/walker
406 silly ADD node_modules/v8-to-istanbul
407 silly ADD node_modules/v8-to-istanbul/node_modules/convert-source-map
408 silly ADD node_modules/update-browserslist-db
409 silly ADD node_modules/type-fest
410 silly ADD node_modules/type-detect
411 silly ADD node_modules/to-regex-range
412 silly ADD node_modules/to-fast-properties
413 silly ADD node_modules/tmpl
414 silly ADD node_modules/test-exclude
415 silly ADD node_modules/supports-preserve-symlinks-flag
416 silly ADD node_modules/supports-color
417 silly ADD node_modules/strip-json-comments
418 silly ADD node_modules/strip-final-newline
419 silly ADD node_modules/strip-bom
420 silly ADD node_modules/strip-ansi
421 silly ADD node_modules/string-width
422 silly ADD node_modules/string-length
423 silly ADD node_modules/stack-utils
424 silly ADD node_modules/sprintf-js
425 silly ADD node_modules/source-map-support
426 silly ADD node_modules/source-map
427 silly ADD node_modules/slash
428 silly ADD node_modules/sisteransi
429 silly ADD node_modules/signal-exit
430 silly ADD node_modules/shebang-regex
431 silly ADD node_modules/shebang-command
432 silly ADD node_modules/semver
433 silly ADD node_modules/resolve.exports
434 silly ADD node_modules/resolve-from
435 silly ADD node_modules/resolve-cwd
436 silly ADD node_modules/resolve
437 silly ADD node_modules/require-directory
438 silly ADD node_modules/react-is
439 silly ADD node_modules/prompts
440 silly ADD node_modules/pretty-format
441 silly ADD node_modules/pretty-format/node_modules/ansi-styles
442 silly ADD node_modules/pkg-dir
443 silly ADD node_modules/pirates
444 silly ADD node_modules/picomatch
445 silly ADD node_modules/picocolors
446 silly ADD node_modules/path-parse
447 silly ADD node_modules/path-key
448 silly ADD node_modules/path-is-absolute
449 silly ADD node_modules/path-exists
450 silly ADD node_modules/parse-json
451 silly ADD node_modules/p-try
452 silly ADD node_modules/p-locate
453 silly ADD node_modules/p-locate/node_modules/p-limit
454 silly ADD node_modules/p-limit
455 silly ADD node_modules/onetime
456 silly ADD node_modules/once
457 silly ADD node_modules/npm-run-path
458 silly ADD node_modules/normalize-path
459 silly ADD node_modules/node-releases
460 silly ADD node_modules/node-int64
461 silly ADD node_modules/natural-compare
462 silly ADD node_modules/ms
463 silly ADD node_modules/minimatch
464 silly ADD node_modules/mimic-fn
465 silly ADD node_modules/micromatch
466 silly ADD node_modules/merge-stream
467 silly ADD node_modules/makeerror
468 silly ADD node_modules/make-dir
469 silly ADD node_modules/lru-cache
470 silly ADD node_modules/locate-path
471 silly ADD node_modules/lines-and-columns
472 silly ADD node_modules/leven
473 silly ADD node_modules/kleur
474 silly ADD node_modules/json5
475 silly ADD node_modules/json-parse-even-better-errors
476 silly ADD node_modules/jsesc
477 silly ADD node_modules/js-yaml
478 silly ADD node_modules/js-tokens
479 silly ADD node_modules/jest-worker
480 silly ADD node_modules/jest-worker/node_modules/supports-color
481 silly ADD node_modules/jest-watcher
482 silly ADD node_modules/jest-validate
483 silly ADD node_modules/jest-validate/node_modules/camelcase
484 silly ADD node_modules/jest-util
485 silly ADD node_modules/jest-snapshot
486 silly ADD node_modules/jest-snapshot/node_modules/semver
487 silly ADD node_modules/jest-runtime
488 silly ADD node_modules/jest-runner
489 silly ADD node_modules/jest-resolve-dependencies
490 silly ADD node_modules/jest-resolve
491 silly ADD node_modules/jest-regex-util
492 silly ADD node_modules/jest-pnp-resolver
493 silly ADD node_modules/jest-mock
494 silly ADD node_modules/jest-message-util
495 silly ADD node_modules/jest-matcher-utils
496 silly ADD node_modules/jest-leak-detector
497 silly ADD node_modules/jest-haste-map
498 silly ADD node_modules/jest-get-type
499 silly ADD node_modules/jest-environment-node
500 silly ADD node_modules/jest-each
501 silly ADD node_modules/jest-docblock
502 silly ADD node_modules/jest-diff
503 silly ADD node_modules/jest-config
504 silly ADD node_modules/jest-cli
505 silly ADD node_modules/jest-circus
506 silly ADD node_modules/jest-changed-files
507 silly ADD node_modules/jest
508 silly ADD node_modules/istanbul-reports
509 silly ADD node_modules/istanbul-lib-source-maps
510 silly ADD node_modules/istanbul-lib-report
511 silly ADD node_modules/istanbul-lib-instrument
512 silly ADD node_modules/istanbul-lib-coverage
513 silly ADD node_modules/isexe
514 silly ADD node_modules/is-stream
515 silly ADD node_modules/is-number
516 silly ADD node_modules/is-generator-fn
517 silly ADD node_modules/is-fullwidth-code-point
518 silly ADD node_modules/is-core-module
519 silly ADD node_modules/is-arrayish
520 silly ADD node_modules/inherits
521 silly ADD node_modules/inflight
522 silly ADD node_modules/imurmurhash
523 silly ADD node_modules/import-local
524 silly ADD node_modules/human-signals
525 silly ADD node_modules/html-escaper
526 silly ADD node_modules/has-flag
527 silly ADD node_modules/has
528 silly ADD node_modules/graceful-fs
529 silly ADD node_modules/globals
530 silly ADD node_modules/glob
531 silly ADD node_modules/get-stream
532 silly ADD node_modules/get-package-type
533 silly ADD node_modules/get-caller-file
534 silly ADD node_modules/gensync
535 silly ADD node_modules/function-bind
536 silly ADD
537 silly ADD node_modules/fs.realpath
538 silly ADD node_modules/find-up
539 silly ADD node_modules/fill-range
540 silly ADD node_modules/fb-watchman
541 silly ADD node_modules/fast-json-stable-stringify
542 silly ADD node_modules/expect
543 silly ADD node_modules/exit
544 silly ADD node_modules/execa
545 silly ADD node_modules/esprima
546 silly ADD node_modules/escape-string-regexp
547 silly ADD node_modules/escalade
548 silly ADD node_modules/error-ex
549 silly ADD node_modules/emoji-regex
550 silly ADD node_modules/emittery
551 silly ADD node_modules/electron-to-chromium
552 silly ADD node_modules/diff-sequences
553 silly ADD node_modules/detect-newline
554 silly ADD node_modules/deepmerge
555 silly ADD node_modules/dedent
556 silly ADD node_modules/debug
557 silly ADD node_modules/cross-spawn
558 silly ADD node_modules/convert-source-map
559 silly ADD node_modules/concat-map
560 silly ADD node_modules/color-name
561 silly ADD node_modules/color-convert
562 silly ADD node_modules/collect-v8-coverage
563 silly ADD node_modules/co
564 silly ADD node_modules/cliui
565 silly ADD node_modules/cjs-module-lexer
566 silly ADD node_modules/ci-info
567 silly ADD node_modules/char-regex
568 silly ADD node_modules/chalk
569 silly ADD node_modules/caniuse-lite
570 silly ADD node_modules/camelcase
571 silly ADD node_modules/callsites
572 silly ADD node_modules/buffer-from
573 silly ADD node_modules/bser
574 silly ADD node_modules/browserslist
575 silly ADD node_modules/braces
576 silly ADD node_modules/brace-expansion
577 silly ADD node_modules/balanced-match
578 silly ADD node_modules/babel-preset-jest
579 silly ADD node_modules/babel-preset-current-node-syntax
580 silly ADD node_modules/babel-plugin-jest-hoist
581 silly ADD node_modules/babel-plugin-istanbul
582 silly ADD node_modules/babel-jest
583 silly ADD node_modules/argparse
584 silly ADD node_modules/anymatch
585 silly ADD node_modules/ansi-styles
586 silly ADD node_modules/ansi-regex
587 silly ADD node_modules/ansi-escapes
588 silly ADD node_modules/@types/yargs-parser
589 silly ADD node_modules/@types/yargs
590 silly ADD node_modules/@types/stack-utils
591 silly ADD node_modules/@types/prettier
592 silly ADD node_modules/@types/node
593 silly ADD node_modules/@types/istanbul-reports
594 silly ADD node_modules/@types/istanbul-lib-report
595 silly ADD node_modules/@types/istanbul-lib-coverage
596 silly ADD node_modules/@types/graceful-fs
597 silly ADD node_modules/@types/babel__traverse
598 silly ADD node_modules/@types/babel__template
599 silly ADD node_modules/@types/babel__generator
600 silly ADD node_modules/@types/babel__core
601 silly ADD node_modules/@sinonjs/fake-timers
602 silly ADD node_modules/@sinonjs/commons
603 silly ADD node_modules/@sinclair/typebox
604 silly ADD node_modules/@jridgewell/trace-mapping
605 silly ADD node_modules/@jridgewell/sourcemap-codec
606 silly ADD node_modules/@jridgewell/set-array
607 silly ADD node_modules/@jridgewell/resolve-uri
608 silly ADD node_modules/@jridgewell/gen-mapping
609 silly ADD node_modules/@jest/types
610 silly ADD node_modules/@jest/transform
611 silly ADD node_modules/@jest/test-sequencer
612 silly ADD node_modules/@jest/test-result
613 silly ADD node_modules/@jest/source-map
614 silly ADD node_modules/@jest/schemas
615 silly ADD node_modules/@jest/reporters
616 silly ADD node_modules/@jest/globals
617 silly ADD node_modules/@jest/fake-timers
618 silly ADD node_modules/@jest/expect-utils
619 silly ADD node_modules/@jest/expect
620 silly ADD node_modules/@jest/environment
621 silly ADD node_modules/@jest/core
622 silly ADD node_modules/@jest/console
623 silly ADD node_modules/@istanbuljs/schema
624 silly ADD node_modules/@istanbuljs/load-nyc-config
625 silly ADD node_modules/@bcoe/v8-coverage
626 silly ADD node_modules/@babel/types
627 silly ADD node_modules/@babel/traverse
628 silly ADD node_modules/@babel/template
629 silly ADD node_modules/@babel/plugin-syntax-typescript
630 silly ADD node_modules/@babel/plugin-syntax-top-level-await
631 silly ADD node_modules/@babel/plugin-syntax-optional-chaining
632 silly ADD node_modules/@babel/plugin-syntax-optional-catch-binding
633 silly ADD node_modules/@babel/plugin-syntax-object-rest-spread
634 silly ADD node_modules/@babel/plugin-syntax-numeric-separator
635 silly ADD node_modules/@babel/plugin-syntax-nullish-coalescing-operator
636 silly ADD node_modules/@babel/plugin-syntax-logical-assignment-operators
637 silly ADD node_modules/@babel/plugin-syntax-jsx
638 silly ADD node_modules/@babel/plugin-syntax-json-strings
639 silly ADD node_modules/@babel/plugin-syntax-import-meta
640 silly ADD node_modules/@babel/plugin-syntax-class-properties
641 silly ADD node_modules/@babel/plugin-syntax-bigint
642 silly ADD node_modules/@babel/plugin-syntax-async-generators
643 silly ADD node_modules/@babel/parser
644 silly ADD node_modules/@babel/highlight
645 silly ADD node_modules/@babel/highlight/node_modules/supports-color
646 silly ADD node_modules/@babel/highlight/node_modules/has-flag
647 silly ADD node_modules/@babel/highlight/node_modules/escape-string-regexp
648 silly ADD node_modules/@babel/highlight/node_modules/color-name
649 silly ADD node_modules/@babel/highlight/node_modules/color-convert
650 silly ADD node_modules/@babel/highlight/node_modules/chalk
651 silly ADD node_modules/@babel/highlight/node_modules/ansi-styles
652 silly ADD node_modules/@babel/helpers
653 silly ADD node_modules/@babel/helper-validator-option
654 silly ADD node_modules/@babel/helper-validator-identifier
655 silly ADD node_modules/@babel/helper-string-parser
656 silly ADD node_modules/@babel/helper-split-export-declaration
657 silly ADD node_modules/@babel/helper-simple-access
658 silly ADD node_modules/@babel/helper-plugin-utils
659 silly ADD node_modules/@babel/helper-module-transforms
660 silly ADD node_modules/@babel/helper-module-imports
661 silly ADD node_modules/@babel/helper-hoist-variables
662 silly ADD node_modules/@babel/helper-function-name
663 silly ADD node_modules/@babel/helper-environment-visitor
664 silly ADD node_modules/@babel/helper-compilation-targets
665 silly ADD node_modules/@babel/generator
666 silly ADD node_modules/@babel/generator/node_modules/@jridgewell/gen-mapping
667 silly ADD node_modules/@babel/core
668 silly ADD node_modules/@babel/core/node_modules/convert-source-map
669 silly ADD node_modules/@babel/compat-data
670 silly ADD node_modules/@babel/code-frame
671 silly ADD node_modules/@ampproject/remapping
672 timing command:install Completed in 2174ms
673 verbose exit 0
674 timing npm Completed in 2348ms
675 info ok
